<?xml version="1.0" encoding="UTF-8"?>
<robot generator="Robot 3.2.1 (Python 3.8.3 on win32)" generated="20200608 12:46:23.741" rpa="false">
<suite id="s1" name="Tests" source="C:\Cursos\RobotFramework\SuiteSitePratice\tests">
<suite id="s1-s1" name="SitePracticeBDD" source="C:\Cursos\RobotFramework\SuiteSitePratice\tests\SitePracticeBDD.robot">
<test id="s1-s1-t1" name="Caso de Test 05: Cadastar novo usuário no site">
<kw name="Abrir navegador" library="Resource" type="setup">
<kw name="Open Browser" library="SeleniumLibrary">
<doc>Opens a new browser instance to the optional ``url``.</doc>
<arguments>
<arg>http://automationpractice.com</arg>
<arg>${BROWSER}</arg>
</arguments>
<msg timestamp="20200608 12:46:24.395" level="INFO">Opening browser 'firefox' to base url 'http://automationpractice.com'.</msg>
<msg timestamp="20200608 12:46:24.407" level="INFO">Firefox driver log is always forced to to: C:\Cursos\RobotFramework\SuiteSitePratice\results\geckodriver-25.log</msg>
<status status="PASS" starttime="20200608 12:46:24.395" endtime="20200608 12:46:46.707"></status>
</kw>
<status status="PASS" starttime="20200608 12:46:24.395" endtime="20200608 12:46:46.708"></status>
</kw>
<kw name="Acessar página home do site" library="Resource">
<kw name="Go To" library="SeleniumLibrary">
<doc>Navigates the current browser window to the provided ``url``.</doc>
<arguments>
<arg>${URL}</arg>
</arguments>
<msg timestamp="20200608 12:46:46.716" level="INFO">Opening url 'http://automationpractice.com'</msg>
<status status="PASS" starttime="20200608 12:46:46.716" endtime="20200608 12:46:50.165"></status>
</kw>
<kw name="Title Should Be" library="SeleniumLibrary">
<doc>Verifies that the current page title equals ``title``.</doc>
<arguments>
<arg>My Store</arg>
</arguments>
<msg timestamp="20200608 12:46:50.175" level="INFO">Page title is 'My Store'.</msg>
<status status="PASS" starttime="20200608 12:46:50.166" endtime="20200608 12:46:50.175"></status>
</kw>
<status status="PASS" starttime="20200608 12:46:46.713" endtime="20200608 12:46:50.175"></status>
</kw>
<kw name="Clicar em &quot;Sign in&quot;" library="Resource">
<kw name="Click Element" library="SeleniumLibrary">
<doc>Click the element identified by ``locator``.</doc>
<arguments>
<arg>xpath=//div[@class='header_user_info']/a</arg>
</arguments>
<msg timestamp="20200608 12:46:50.178" level="INFO">Clicking element 'xpath=//div[@class='header_user_info']/a'.</msg>
<status status="PASS" starttime="20200608 12:46:50.178" endtime="20200608 12:46:53.114"></status>
</kw>
<status status="PASS" starttime="20200608 12:46:50.177" endtime="20200608 12:46:53.115"></status>
</kw>
<kw name="Verificar página de login do usuário" library="Resource">
<kw name="Title Should Be" library="SeleniumLibrary">
<doc>Verifies that the current page title equals ``title``.</doc>
<arguments>
<arg>Login - My Store</arg>
</arguments>
<msg timestamp="20200608 12:46:53.126" level="INFO">Page title is 'Login - My Store'.</msg>
<status status="PASS" starttime="20200608 12:46:53.115" endtime="20200608 12:46:53.127"></status>
</kw>
<kw name="Wait Until Element Is Visible" library="SeleniumLibrary">
<doc>Waits until the element ``locator`` is visible.</doc>
<arguments>
<arg>xpath=//div[@id='center_column']//h1[@class='page-heading']</arg>
</arguments>
<status status="PASS" starttime="20200608 12:46:53.127" endtime="20200608 12:46:53.219"></status>
</kw>
<status status="PASS" starttime="20200608 12:46:53.115" endtime="20200608 12:46:53.220"></status>
</kw>
<kw name="Cadastar email válido: &quot;gabiru@me99.com&quot;" library="Resource">
<kw name="Input Text" library="SeleniumLibrary">
<doc>Types the given ``text`` into the text field identified by ``locator``.</doc>
<arguments>
<arg>id=email_create</arg>
<arg>${USUARIO}</arg>
</arguments>
<msg timestamp="20200608 12:46:53.222" level="INFO">Typing text 'gabiru@me99.com' into text field 'id=email_create'.</msg>
<status status="PASS" starttime="20200608 12:46:53.222" endtime="20200608 12:46:53.325"></status>
</kw>
<status status="PASS" starttime="20200608 12:46:53.221" endtime="20200608 12:46:53.325"></status>
</kw>
<kw name="Clicar no botão &quot;Creat an account&quot;" library="Resource">
<kw name="Click Button" library="SeleniumLibrary">
<doc>Clicks the button identified by ``locator``.</doc>
<arguments>
<arg>id =SubmitCreate</arg>
</arguments>
<msg timestamp="20200608 12:46:53.327" level="INFO">Clicking button 'id =SubmitCreate'.</msg>
<status status="PASS" starttime="20200608 12:46:53.327" endtime="20200608 12:46:53.648"></status>
</kw>
<status status="PASS" starttime="20200608 12:46:53.326" endtime="20200608 12:46:53.649"></status>
</kw>
<kw name="Preencher dadods válidodos em &quot;Your personal information&quot;" library="Resource">
<kw name="Wait Until Element Is Visible" library="SeleniumLibrary">
<doc>Waits until the element ``locator`` is visible.</doc>
<arguments>
<arg>xpath=//form[@id='account-creation_form']//h3[contains(text(),'Your personal information')]</arg>
</arguments>
<status status="PASS" starttime="20200608 12:46:53.654" endtime="20200608 12:46:56.999"></status>
</kw>
<kw name="Click Element" library="SeleniumLibrary">
<doc>Click the element identified by ``locator``.</doc>
<arguments>
<arg>xpath=//input[@id='id_gender1']</arg>
</arguments>
<msg timestamp="20200608 12:46:57.000" level="INFO">Clicking element 'xpath=//input[@id='id_gender1']'.</msg>
<status status="PASS" starttime="20200608 12:46:57.000" endtime="20200608 12:46:57.273"></status>
</kw>
<kw name="Input Text" library="SeleniumLibrary">
<doc>Types the given ``text`` into the text field identified by ``locator``.</doc>
<arguments>
<arg>id=customer_firstname</arg>
<arg>Gabriel</arg>
</arguments>
<msg timestamp="20200608 12:46:57.276" level="INFO">Typing text 'Gabriel' into text field 'id=customer_firstname'.</msg>
<status status="PASS" starttime="20200608 12:46:57.273" endtime="20200608 12:46:57.340"></status>
</kw>
<kw name="Input Text" library="SeleniumLibrary">
<doc>Types the given ``text`` into the text field identified by ``locator``.</doc>
<arguments>
<arg>id=customer_lastname</arg>
<arg>Fernandes</arg>
</arguments>
<msg timestamp="20200608 12:46:57.342" level="INFO">Typing text 'Fernandes' into text field 'id=customer_lastname'.</msg>
<status status="PASS" starttime="20200608 12:46:57.342" endtime="20200608 12:46:57.415"></status>
</kw>
<kw name="Input Text" library="SeleniumLibrary">
<doc>Types the given ``text`` into the text field identified by ``locator``.</doc>
<arguments>
<arg>id=passwd</arg>
<arg>123456</arg>
</arguments>
<msg timestamp="20200608 12:46:57.416" level="INFO">Typing text '123456' into text field 'id=passwd'.</msg>
<status status="PASS" starttime="20200608 12:46:57.415" endtime="20200608 12:46:57.606"></status>
</kw>
<kw name="Input Text" library="SeleniumLibrary">
<doc>Types the given ``text`` into the text field identified by ``locator``.</doc>
<arguments>
<arg>id=address1</arg>
<arg>Rua robotizando, Bairro RobotFramework</arg>
</arguments>
<msg timestamp="20200608 12:46:57.608" level="INFO">Typing text 'Rua robotizando, Bairro RobotFramework' into text field 'id=address1'.</msg>
<status status="PASS" starttime="20200608 12:46:57.607" endtime="20200608 12:46:57.755"></status>
</kw>
<kw name="Input Text" library="SeleniumLibrary">
<doc>Types the given ``text`` into the text field identified by ``locator``.</doc>
<arguments>
<arg>id=address2</arg>
<arg>BL 01, APTO 10</arg>
</arguments>
<msg timestamp="20200608 12:46:57.756" level="INFO">Typing text 'BL 01, APTO 10' into text field 'id=address2'.</msg>
<status status="PASS" starttime="20200608 12:46:57.755" endtime="20200608 12:46:57.833"></status>
</kw>
<kw name="Input Text" library="SeleniumLibrary">
<doc>Types the given ``text`` into the text field identified by ``locator``.</doc>
<arguments>
<arg>id=city</arg>
<arg>Cotia-SP</arg>
</arguments>
<msg timestamp="20200608 12:46:57.834" level="INFO">Typing text 'Cotia-SP' into text field 'id=city'.</msg>
<status status="PASS" starttime="20200608 12:46:57.834" endtime="20200608 12:46:57.875"></status>
</kw>
<kw name="Click Element" library="SeleniumLibrary">
<doc>Click the element identified by ``locator``.</doc>
<arguments>
<arg>id=id_state</arg>
</arguments>
<msg timestamp="20200608 12:46:57.876" level="INFO">Clicking element 'id=id_state'.</msg>
<status status="PASS" starttime="20200608 12:46:57.875" endtime="20200608 12:46:58.125"></status>
</kw>
<kw name="Select From List By Value" library="SeleniumLibrary">
<doc>Selects options from selection list ``locator`` by ``values``.</doc>
<arguments>
<arg>id=id_state</arg>
<arg>11</arg>
</arguments>
<msg timestamp="20200608 12:46:58.127" level="INFO">Selecting options from selection list 'id=id_state' by value 11.</msg>
<status status="PASS" starttime="20200608 12:46:58.126" endtime="20200608 12:46:58.428"></status>
</kw>
<kw name="Input Text" library="SeleniumLibrary">
<doc>Types the given ``text`` into the text field identified by ``locator``.</doc>
<arguments>
<arg>id=postcode</arg>
<arg>70706</arg>
</arguments>
<msg timestamp="20200608 12:46:58.429" level="INFO">Typing text '70706' into text field 'id=postcode'.</msg>
<status status="PASS" starttime="20200608 12:46:58.428" endtime="20200608 12:46:58.545"></status>
</kw>
<kw name="Click Element" library="SeleniumLibrary">
<doc>Click the element identified by ``locator``.</doc>
<arguments>
<arg>id=other</arg>
</arguments>
<msg timestamp="20200608 12:46:58.545" level="INFO">Clicking element 'id=other'.</msg>
<status status="PASS" starttime="20200608 12:46:58.545" endtime="20200608 12:46:58.809"></status>
</kw>
<kw name="Input Text" library="SeleniumLibrary">
<doc>Types the given ``text`` into the text field identified by ``locator``.</doc>
<arguments>
<arg>id=other</arg>
<arg>Robotizando cadastro de cliente no site, para praticar as keywords.</arg>
</arguments>
<msg timestamp="20200608 12:46:58.809" level="INFO">Typing text 'Robotizando cadastro de cliente no site, para praticar as keywords.' into text field 'id=other'.</msg>
<status status="PASS" starttime="20200608 12:46:58.809" endtime="20200608 12:46:59.156"></status>
</kw>
<kw name="Input Text" library="SeleniumLibrary">
<doc>Types the given ``text`` into the text field identified by ``locator``.</doc>
<arguments>
<arg>id=phone_mobile</arg>
<arg>99988877</arg>
</arguments>
<msg timestamp="20200608 12:46:59.157" level="INFO">Typing text '99988877' into text field 'id=phone_mobile'.</msg>
<status status="PASS" starttime="20200608 12:46:59.156" endtime="20200608 12:46:59.217"></status>
</kw>
<kw name="Input Text" library="SeleniumLibrary">
<doc>Types the given ``text`` into the text field identified by ``locator``.</doc>
<arguments>
<arg>id=alias</arg>
<arg>Rua Robot, Bairro Python3</arg>
</arguments>
<msg timestamp="20200608 12:46:59.218" level="INFO">Typing text 'Rua Robot, Bairro Python3' into text field 'id=alias'.</msg>
<status status="PASS" starttime="20200608 12:46:59.217" endtime="20200608 12:46:59.351"></status>
</kw>
<status status="PASS" starttime="20200608 12:46:53.649" endtime="20200608 12:46:59.351"></status>
</kw>
<kw name="Clicar no botão &quot;Register&quot;" library="Resource">
<kw name="Click Button" library="SeleniumLibrary">
<doc>Clicks the button identified by ``locator``.</doc>
<arguments>
<arg>submitAccount</arg>
</arguments>
<msg timestamp="20200608 12:46:59.354" level="INFO">Clicking button 'submitAccount'.</msg>
<status status="PASS" starttime="20200608 12:46:59.354" endtime="20200608 12:47:02.093"></status>
</kw>
<status status="PASS" starttime="20200608 12:46:59.352" endtime="20200608 12:47:02.093"></status>
</kw>
<kw name="Conferir se o cadastro foi feito com sucesso" library="Resource">
<kw name="Wait Until Element Is Visible" library="SeleniumLibrary">
<doc>Waits until the element ``locator`` is visible.</doc>
<arguments>
<arg>xpath=//*[@id="center_column"]/p</arg>
</arguments>
<status status="PASS" starttime="20200608 12:47:02.096" endtime="20200608 12:47:02.174"></status>
</kw>
<kw name="Element Text Should Be" library="SeleniumLibrary">
<doc>Verifies that element ``locator`` contains exact the text ``expected``.</doc>
<arguments>
<arg>xpath=//*[@id="center_column"]/p</arg>
<arg>Welcome to your account. Here you can manage all of your personal information and orders.</arg>
</arguments>
<msg timestamp="20200608 12:47:02.174" level="INFO">Verifying element 'xpath=//*[@id="center_column"]/p' contains exact text 'Welcome to your account. Here you can manage all of your personal information and orders.'.</msg>
<status status="PASS" starttime="20200608 12:47:02.174" endtime="20200608 12:47:02.230"></status>
</kw>
<kw name="Element Text Should Be" library="SeleniumLibrary">
<doc>Verifies that element ``locator`` contains exact the text ``expected``.</doc>
<arguments>
<arg>xpath=//*[@id="header"]/div[2]//div[1]/a/span</arg>
<arg>Gabriel Fernandes</arg>
</arguments>
<msg timestamp="20200608 12:47:02.231" level="INFO">Verifying element 'xpath=//*[@id="header"]/div[2]//div[1]/a/span' contains exact text 'Gabriel Fernandes'.</msg>
<status status="PASS" starttime="20200608 12:47:02.231" endtime="20200608 12:47:02.258"></status>
</kw>
<status status="PASS" starttime="20200608 12:47:02.095" endtime="20200608 12:47:02.258"></status>
</kw>
<kw name="Fechar navegador" library="Resource" type="teardown">
<kw name="Close Browser" library="SeleniumLibrary">
<doc>Closes the current browser.</doc>
<status status="PASS" starttime="20200608 12:47:02.263" endtime="20200608 12:47:04.537"></status>
</kw>
<status status="PASS" starttime="20200608 12:47:02.263" endtime="20200608 12:47:04.537"></status>
</kw>
<tags>
<tag>sign</tag>
</tags>
<status status="PASS" starttime="20200608 12:46:24.392" endtime="20200608 12:47:04.538" critical="yes"></status>
</test>
<status status="PASS" starttime="20200608 12:46:23.848" endtime="20200608 12:47:04.541"></status>
</suite>
<status status="PASS" starttime="20200608 12:46:23.745" endtime="20200608 12:47:04.545"></status>
</suite>
<statistics>
<total>
<stat pass="1" fail="0">Critical Tests</stat>
<stat pass="1" fail="0">All Tests</stat>
</total>
<tag>
<stat pass="1" fail="0">sign</stat>
</tag>
<suite>
<stat pass="1" fail="0" id="s1" name="Tests">Tests</stat>
<stat pass="1" fail="0" id="s1-s1" name="SitePracticeBDD">Tests.SitePracticeBDD</stat>
</suite>
</statistics>
<errors>
</errors>
</robot>
