<?xml version="1.0" encoding="UTF-8"?>
<robot generator="Robot 3.2.1 (Python 3.8.3 on win32)" generated="20200602 14:54:01.046" rpa="false">
<suite id="s1" name="SuiteWithArgumentos" source="C:\Cursos\RobotFramework\BuiltnAvancada\SuiteWithArgumentos.robot">
<test id="s1-t1" name="Test case 01: Passsando argumentos com diferentes formas">
<kw name="Argumentos básicos">
<arguments>
<arg>1</arg>
<arg>10</arg>
<arg>99</arg>
<arg>23</arg>
</arguments>
<kw name="Log" library="BuiltIn">
<doc>Logs the given message with the given level.</doc>
<arguments>
<arg>Os argumentos são: ${arg1} - ${arg2} - ${arg3} - ${arg4}</arg>
</arguments>
<msg timestamp="20200602 14:54:01.165" level="INFO">Os argumentos são: 1 - 10 - 99 - 23</msg>
<status status="PASS" starttime="20200602 14:54:01.163" endtime="20200602 14:54:01.165"></status>
</kw>
<status status="PASS" starttime="20200602 14:54:01.162" endtime="20200602 14:54:01.165"></status>
</kw>
<kw name="Argumentos básicos">
<arguments>
<arg>arg1=1999</arg>
<arg>arg2=64</arg>
<arg>arg3=10</arg>
<arg>arg4=33</arg>
</arguments>
<kw name="Log" library="BuiltIn">
<doc>Logs the given message with the given level.</doc>
<arguments>
<arg>Os argumentos são: ${arg1} - ${arg2} - ${arg3} - ${arg4}</arg>
</arguments>
<msg timestamp="20200602 14:54:01.169" level="INFO">Os argumentos são: 1999 - 64 - 10 - 33</msg>
<status status="PASS" starttime="20200602 14:54:01.167" endtime="20200602 14:54:01.169"></status>
</kw>
<status status="PASS" starttime="20200602 14:54:01.166" endtime="20200602 14:54:01.169"></status>
</kw>
<status status="PASS" starttime="20200602 14:54:01.161" endtime="20200602 14:54:01.170" critical="yes"></status>
</test>
<test id="s1-t2" name="Test case 02: Passando argumentos opcionais como parâmetro">
<kw name="Argumentos opcionais como paramento">
<arguments>
<arg>name=Gabriel</arg>
<arg>last_name=Feranades</arg>
</arguments>
<kw name="Log" library="BuiltIn">
<doc>Logs the given message with the given level.</doc>
<arguments>
<arg>Aluno1, Nome Completo: ${name} ${middle_name} ${last_name}</arg>
</arguments>
<msg timestamp="20200602 14:54:01.177" level="INFO">Aluno1, Nome Completo: Gabriel carvalho Feranades</msg>
<status status="PASS" starttime="20200602 14:54:01.176" endtime="20200602 14:54:01.177"></status>
</kw>
<status status="PASS" starttime="20200602 14:54:01.175" endtime="20200602 14:54:01.177"></status>
</kw>
<kw name="Argumentos opcionais como paramento">
<arguments>
<arg>name=Jonas</arg>
<arg>last_name=Kanwald</arg>
<arg>middle_name=Nielsen</arg>
</arguments>
<kw name="Log" library="BuiltIn">
<doc>Logs the given message with the given level.</doc>
<arguments>
<arg>Aluno1, Nome Completo: ${name} ${middle_name} ${last_name}</arg>
</arguments>
<msg timestamp="20200602 14:54:01.182" level="INFO">Aluno1, Nome Completo: Jonas Nielsen Kanwald</msg>
<status status="PASS" starttime="20200602 14:54:01.180" endtime="20200602 14:54:01.182"></status>
</kw>
<status status="PASS" starttime="20200602 14:54:01.178" endtime="20200602 14:54:01.182"></status>
</kw>
<status status="PASS" starttime="20200602 14:54:01.173" endtime="20200602 14:54:01.183" critical="yes"></status>
</test>
<test id="s1-t3" name="Test case 03: Criando LISTAS e DICIONÁRIO via parâmetro">
<kw name="Criando lista como paramentro">
<arguments>
<arg>Gabriel</arg>
<arg>Sindy</arg>
<arg>Felipe</arg>
<arg>Adilson</arg>
<arg>Jobson</arg>
<arg>Cleybson</arg>
</arguments>
<kw name="Log" library="BuiltIn">
<doc>Logs the given message with the given level.</doc>
<arguments>
<arg>Minha lista: ${nomes}</arg>
</arguments>
<msg timestamp="20200602 14:54:01.186" level="INFO">Minha lista: ['Gabriel', 'Sindy', 'Felipe', 'Adilson', 'Jobson', 'Cleybson']</msg>
<status status="PASS" starttime="20200602 14:54:01.186" endtime="20200602 14:54:01.186"></status>
</kw>
<status status="PASS" starttime="20200602 14:54:01.185" endtime="20200602 14:54:01.187"></status>
</kw>
<kw name="Criando Dicionario como paramentro">
<arguments>
<arg>name=Tony</arg>
<arg>sobrenome=Stark</arg>
<arg>tipo=Armadura</arg>
</arguments>
<kw name="Log" library="BuiltIn">
<doc>Logs the given message with the given level.</doc>
<arguments>
<arg>Heróis: ${meu_dicionario}</arg>
</arguments>
<msg timestamp="20200602 14:54:01.189" level="INFO">Heróis: {'name': 'Tony', 'sobrenome': 'Stark', 'tipo': 'Armadura'}</msg>
<status status="PASS" starttime="20200602 14:54:01.189" endtime="20200602 14:54:01.190"></status>
</kw>
<status status="PASS" starttime="20200602 14:54:01.187" endtime="20200602 14:54:01.190"></status>
</kw>
<kw name="Criando Listas e Dicionarios">
<arguments>
<arg>Java</arg>
<arg>Ruby</arg>
<arg>RobotFramework</arg>
<arg>Python</arg>
<arg>Jscript</arg>
<arg>Docker</arg>
<arg>nome=Gabriel</arg>
<arg>idade=20</arg>
<arg>cargo=Estagiario</arg>
</arguments>
<kw name="Log" library="BuiltIn">
<doc>Logs the given message with the given level.</doc>
<arguments>
<arg>Meus Cursos: ${cursos} Meus Dados: ${dicionario_new}</arg>
</arguments>
<msg timestamp="20200602 14:54:01.194" level="INFO">Meus Cursos: ['Java', 'Ruby', 'RobotFramework', 'Python', 'Jscript', 'Docker'] Meus Dados: {'nome': 'Gabriel', 'idade': '20', 'cargo': 'Estagiario'}</msg>
<status status="PASS" starttime="20200602 14:54:01.193" endtime="20200602 14:54:01.195"></status>
</kw>
<status status="PASS" starttime="20200602 14:54:01.191" endtime="20200602 14:54:01.196"></status>
</kw>
<status status="PASS" starttime="20200602 14:54:01.184" endtime="20200602 14:54:01.197" critical="yes"></status>
</test>
<doc>Suite de testes para estudar a fundo a library Builtin do RobotFramework</doc>
<status status="PASS" starttime="20200602 14:54:01.082" endtime="20200602 14:54:01.200"></status>
</suite>
<statistics>
<total>
<stat pass="3" fail="0">Critical Tests</stat>
<stat pass="3" fail="0">All Tests</stat>
</total>
<tag>
</tag>
<suite>
<stat pass="3" fail="0" id="s1" name="SuiteWithArgumentos">SuiteWithArgumentos</stat>
</suite>
</statistics>
<errors>
</errors>
</robot>
