<?xml version="1.0" encoding="UTF-8"?>
<robot generator="Robot 3.2.1 (Python 3.8.3 on win32)" generated="20200608 14:46:40.338" rpa="false">
<suite id="s1" name="dataTime" source="C:\Cursos\RobotFramework\DataTime\Execution\dataTime.robot">
<test id="s1-t1" name="Exemplo 01: Pegando data e hora atuais">
<kw name="Teste pegando data atual">
<kw name="Get Current Date" library="DateTime">
<doc>Returns current local or UTC time with an optional increment.</doc>
<arguments>
<arg>result_format=%d-%m-%y</arg>
</arguments>
<assign>
<var>${AGORA}</var>
</assign>
<msg timestamp="20200608 14:46:40.393" level="INFO">${AGORA} = 08-06-20</msg>
<status status="PASS" starttime="20200608 14:46:40.393" endtime="20200608 14:46:40.393"></status>
</kw>
<kw name="Log" library="BuiltIn">
<doc>Logs the given message with the given level.</doc>
<arguments>
<arg>O dia de hoje é: ${AGORA}</arg>
</arguments>
<msg timestamp="20200608 14:46:40.394" level="INFO">O dia de hoje é: 08-06-20</msg>
<status status="PASS" starttime="20200608 14:46:40.393" endtime="20200608 14:46:40.394"></status>
</kw>
<status status="PASS" starttime="20200608 14:46:40.392" endtime="20200608 14:46:40.394"></status>
</kw>
<kw name="Teste pegando data e hora atuais">
<kw name="Get Current Date" library="DateTime">
<doc>Returns current local or UTC time with an optional increment.</doc>
<arguments>
<arg>result_format=%Y-%m-%d T%H:%M:%S</arg>
</arguments>
<assign>
<var>${AGORA}</var>
</assign>
<msg timestamp="20200608 14:46:40.396" level="INFO">${AGORA} = 2020-06-08 T14:46:40</msg>
<status status="PASS" starttime="20200608 14:46:40.396" endtime="20200608 14:46:40.396"></status>
</kw>
<kw name="Log" library="BuiltIn">
<doc>Logs the given message with the given level.</doc>
<arguments>
<arg>A data de hoje com as horas: ${AGORA}</arg>
</arguments>
<msg timestamp="20200608 14:46:40.396" level="INFO">A data de hoje com as horas: 2020-06-08 T14:46:40</msg>
<status status="PASS" starttime="20200608 14:46:40.396" endtime="20200608 14:46:40.397"></status>
</kw>
<status status="PASS" starttime="20200608 14:46:40.395" endtime="20200608 14:46:40.397"></status>
</kw>
<kw name="Teste pegando ano - mês - dia separadamente">
<kw name="Get Current Date" library="DateTime">
<doc>Returns current local or UTC time with an optional increment.</doc>
<assign>
<var>${HOJE}</var>
</assign>
<msg timestamp="20200608 14:46:40.398" level="INFO">${HOJE} = 2020-06-08 14:46:40.398</msg>
<status status="PASS" starttime="20200608 14:46:40.398" endtime="20200608 14:46:40.398"></status>
</kw>
<kw name="Convert Date" library="DateTime">
<doc>Converts between supported `date formats`.</doc>
<arguments>
<arg>${HOJE}</arg>
<arg>datetime</arg>
</arguments>
<assign>
<var>${HOJE}</var>
</assign>
<msg timestamp="20200608 14:46:40.407" level="INFO">${HOJE} = 2020-06-08 14:46:40.398000</msg>
<status status="PASS" starttime="20200608 14:46:40.399" endtime="20200608 14:46:40.407"></status>
</kw>
<kw name="Log" library="BuiltIn">
<doc>Logs the given message with the given level.</doc>
<arguments>
<arg>${HOJE.day}-${HOJE.month}-${HOJE.year}-${HOJE.hour}</arg>
</arguments>
<msg timestamp="20200608 14:46:40.408" level="INFO">8-6-2020-14</msg>
<status status="PASS" starttime="20200608 14:46:40.407" endtime="20200608 14:46:40.408"></status>
</kw>
<status status="PASS" starttime="20200608 14:46:40.398" endtime="20200608 14:46:40.409"></status>
</kw>
<status status="PASS" starttime="20200608 14:46:40.391" endtime="20200608 14:46:40.410" critical="yes"></status>
</test>
<test id="s1-t2" name="Exemplo 02: Manipulando o tempo">
<kw name="Trabalhando com tempo">
<kw name="Convert Time" library="DateTime">
<doc>Converts between supported `time formats`.</doc>
<arguments>
<arg>1 hours</arg>
</arguments>
<assign>
<var>${HORA}</var>
</assign>
<msg timestamp="20200608 14:46:40.416" level="INFO">${HORA} = 3600.0</msg>
<status status="PASS" starttime="20200608 14:46:40.416" endtime="20200608 14:46:40.417"></status>
</kw>
<kw name="Log" library="BuiltIn">
<doc>Logs the given message with the given level.</doc>
<arguments>
<arg>São ${HORA} segundos em 1 hours!</arg>
</arguments>
<msg timestamp="20200608 14:46:40.417" level="INFO">São 3600.0 segundos em 1 hours!</msg>
<status status="PASS" starttime="20200608 14:46:40.417" endtime="20200608 14:46:40.418"></status>
</kw>
<kw name="Convert Time" library="DateTime">
<doc>Converts between supported `time formats`.</doc>
<arguments>
<arg>8000</arg>
<arg>verbose</arg>
</arguments>
<assign>
<var>${HORA}</var>
</assign>
<msg timestamp="20200608 14:46:40.420" level="INFO">${HORA} = 2 hours 13 minutes 20 seconds</msg>
<status status="PASS" starttime="20200608 14:46:40.418" endtime="20200608 14:46:40.420"></status>
</kw>
<kw name="Log" library="BuiltIn">
<doc>Logs the given message with the given level.</doc>
<arguments>
<arg>8000 segundos é ou são: ${HORA}!</arg>
</arguments>
<msg timestamp="20200608 14:46:40.421" level="INFO">8000 segundos é ou são: 2 hours 13 minutes 20 seconds!</msg>
<status status="PASS" starttime="20200608 14:46:40.421" endtime="20200608 14:46:40.421"></status>
</kw>
<kw name="Convert Time" library="DateTime">
<doc>Converts between supported `time formats`.</doc>
<arguments>
<arg>5500</arg>
<arg>timer</arg>
<arg>exclude_millis=yes</arg>
</arguments>
<assign>
<var>${HORA}</var>
</assign>
<msg timestamp="20200608 14:46:40.422" level="INFO">${HORA} = 01:31:40</msg>
<status status="PASS" starttime="20200608 14:46:40.421" endtime="20200608 14:46:40.422"></status>
</kw>
<kw name="Log" library="BuiltIn">
<doc>Logs the given message with the given level.</doc>
<arguments>
<arg>5500 segundos é ou são: ${HORA}!</arg>
</arguments>
<msg timestamp="20200608 14:46:40.422" level="INFO">5500 segundos é ou são: 01:31:40!</msg>
<status status="PASS" starttime="20200608 14:46:40.422" endtime="20200608 14:46:40.423"></status>
</kw>
<status status="PASS" starttime="20200608 14:46:40.415" endtime="20200608 14:46:40.423"></status>
</kw>
<status status="PASS" starttime="20200608 14:46:40.414" endtime="20200608 14:46:40.423" critical="yes"></status>
</test>
<test id="s1-t3" name="Exemplo 03: Cálculos com data">
<kw name="Adicionando tempo de data">
<kw name="Get Current Date" library="DateTime">
<doc>Returns current local or UTC time with an optional increment.</doc>
<assign>
<var>${ANTES}</var>
</assign>
<msg timestamp="20200608 14:46:40.430" level="INFO">${ANTES} = 2020-06-08 14:46:40.430</msg>
<status status="PASS" starttime="20200608 14:46:40.430" endtime="20200608 14:46:40.430"></status>
</kw>
<kw name="Add Time To Date" library="DateTime">
<doc>Adds time to date and returns the resulting date.</doc>
<arguments>
<arg>${ANTES}</arg>
<arg>4 hours</arg>
<arg>result_format=%d-%m-%Y %H:%M:%S</arg>
</arguments>
<assign>
<var>${DEPOIS}</var>
</assign>
<msg timestamp="20200608 14:46:40.431" level="INFO">${DEPOIS} = 08-06-2020 18:46:40</msg>
<status status="PASS" starttime="20200608 14:46:40.431" endtime="20200608 14:46:40.431"></status>
</kw>
<kw name="Log" library="BuiltIn">
<doc>Logs the given message with the given level.</doc>
<arguments>
<arg>Antes: ${ANTES} - Depois: ${DEPOIS}</arg>
</arguments>
<msg timestamp="20200608 14:46:40.432" level="INFO">Antes: 2020-06-08 14:46:40.430 - Depois: 08-06-2020 18:46:40</msg>
<status status="PASS" starttime="20200608 14:46:40.431" endtime="20200608 14:46:40.432"></status>
</kw>
<kw name="Get Current Date" library="DateTime">
<doc>Returns current local or UTC time with an optional increment.</doc>
<assign>
<var>${ANTES}</var>
</assign>
<msg timestamp="20200608 14:46:40.432" level="INFO">${ANTES} = 2020-06-08 14:46:40.432</msg>
<status status="PASS" starttime="20200608 14:46:40.432" endtime="20200608 14:46:40.432"></status>
</kw>
<kw name="Add Time To Date" library="DateTime">
<doc>Adds time to date and returns the resulting date.</doc>
<arguments>
<arg>${ANTES}</arg>
<arg>7 days</arg>
<arg>result_format=%d-%m-%Y %H:%M:%S</arg>
</arguments>
<assign>
<var>${DEPOIS}</var>
</assign>
<msg timestamp="20200608 14:46:40.433" level="INFO">${DEPOIS} = 15-06-2020 14:46:40</msg>
<status status="PASS" starttime="20200608 14:46:40.433" endtime="20200608 14:46:40.434"></status>
</kw>
<kw name="Log" library="BuiltIn">
<doc>Logs the given message with the given level.</doc>
<arguments>
<arg>Antes: ${ANTES} - Depois: ${DEPOIS}</arg>
</arguments>
<msg timestamp="20200608 14:46:40.434" level="INFO">Antes: 2020-06-08 14:46:40.432 - Depois: 15-06-2020 14:46:40</msg>
<status status="PASS" starttime="20200608 14:46:40.434" endtime="20200608 14:46:40.434"></status>
</kw>
<status status="PASS" starttime="20200608 14:46:40.429" endtime="20200608 14:46:40.435"></status>
</kw>
<kw name="Subtraindo tempo de data">
<kw name="Get Current Date" library="DateTime">
<doc>Returns current local or UTC time with an optional increment.</doc>
<assign>
<var>${ANTES}</var>
</assign>
<msg timestamp="20200608 14:46:40.439" level="INFO">${ANTES} = 2020-06-08 14:46:40.439</msg>
<status status="PASS" starttime="20200608 14:46:40.439" endtime="20200608 14:46:40.439"></status>
</kw>
<kw name="Subtract Time From Date" library="DateTime">
<doc>Subtracts time from date and returns the resulting date.</doc>
<arguments>
<arg>${ANTES}</arg>
<arg>25 minutes</arg>
<arg>result_format=%d-%m-%Y %H:%M</arg>
</arguments>
<assign>
<var>${DEPOIS}</var>
</assign>
<msg timestamp="20200608 14:46:40.441" level="INFO">${DEPOIS} = 08-06-2020 14:21</msg>
<status status="PASS" starttime="20200608 14:46:40.440" endtime="20200608 14:46:40.441"></status>
</kw>
<kw name="Log" library="BuiltIn">
<doc>Logs the given message with the given level.</doc>
<arguments>
<arg>Antes: ${ANTES} - Depois: ${DEPOIS}</arg>
</arguments>
<msg timestamp="20200608 14:46:40.442" level="INFO">Antes: 2020-06-08 14:46:40.439 - Depois: 08-06-2020 14:21</msg>
<status status="PASS" starttime="20200608 14:46:40.442" endtime="20200608 14:46:40.442"></status>
</kw>
<kw name="Get Current Date" library="DateTime">
<doc>Returns current local or UTC time with an optional increment.</doc>
<assign>
<var>${ANTES}</var>
</assign>
<msg timestamp="20200608 14:46:40.443" level="INFO">${ANTES} = 2020-06-08 14:46:40.443</msg>
<status status="PASS" starttime="20200608 14:46:40.443" endtime="20200608 14:46:40.443"></status>
</kw>
<kw name="Subtract Time From Date" library="DateTime">
<doc>Subtracts time from date and returns the resulting date.</doc>
<arguments>
<arg>${ANTES}</arg>
<arg>2 days</arg>
<arg>result_format=%d-%m-%Y %H:%M</arg>
</arguments>
<assign>
<var>${DEPOIS}</var>
</assign>
<msg timestamp="20200608 14:46:40.445" level="INFO">${DEPOIS} = 06-06-2020 14:46</msg>
<status status="PASS" starttime="20200608 14:46:40.444" endtime="20200608 14:46:40.445"></status>
</kw>
<kw name="Log" library="BuiltIn">
<doc>Logs the given message with the given level.</doc>
<arguments>
<arg>Antes: ${ANTES} - Depois: ${DEPOIS}</arg>
</arguments>
<msg timestamp="20200608 14:46:40.446" level="INFO">Antes: 2020-06-08 14:46:40.443 - Depois: 06-06-2020 14:46</msg>
<status status="PASS" starttime="20200608 14:46:40.446" endtime="20200608 14:46:40.447"></status>
</kw>
<status status="PASS" starttime="20200608 14:46:40.438" endtime="20200608 14:46:40.447"></status>
</kw>
<status status="PASS" starttime="20200608 14:46:40.426" endtime="20200608 14:46:40.448" critical="yes"></status>
</test>
<doc>http://robotframework.org/robotframework/latest/libraries/DateTime.html
Aprendendo a mexer na Library DateTime da Robot.!!!!</doc>
<status status="PASS" starttime="20200608 14:46:40.338" endtime="20200608 14:46:40.450"></status>
</suite>
<statistics>
<total>
<stat pass="3" fail="0">Critical Tests</stat>
<stat pass="3" fail="0">All Tests</stat>
</total>
<tag>
</tag>
<suite>
<stat pass="3" fail="0" id="s1" name="dataTime">dataTime</stat>
</suite>
</statistics>
<errors>
</errors>
</robot>
