<?xml version="1.0" encoding="UTF-8"?>
<robot generator="Robot 3.2.1 (Python 3.8.3 on win32)" generated="20200612 09:34:38.784" rpa="false">
<suite id="s1" name="Tests" source="C:\Cursos\RobotFramework\SuiteSitePratice\tests">
<suite id="s1-s1" name="SitePracticeBDD" source="C:\Cursos\RobotFramework\SuiteSitePratice\tests\SitePracticeBDD.robot">
<test id="s1-s1-t1" name="Caso de Test 05: Cadastar novo usuário no site">
<kw name="Abrir navegador" library="Resource" type="setup">
<kw name="Open Browser" library="SeleniumLibrary">
<doc>Opens a new browser instance to the optional ``url``.</doc>
<arguments>
<arg>http://automationpractice.com</arg>
<arg>${BROWSER}</arg>
</arguments>
<msg timestamp="20200612 09:34:39.571" level="INFO">Opening browser 'firefox' to base url 'http://automationpractice.com'.</msg>
<msg timestamp="20200612 09:34:39.599" level="INFO">Firefox driver log is always forced to to: C:\Cursos\RobotFramework\SuiteSitePratice\resultsBDD\geckodriver-5.log</msg>
<status status="PASS" starttime="20200612 09:34:39.569" endtime="20200612 09:35:01.715"></status>
</kw>
<status status="PASS" starttime="20200612 09:34:39.569" endtime="20200612 09:35:01.718"></status>
</kw>
<kw name="Acessar página home do site" library="Resource">
<kw name="Go To" library="SeleniumLibrary">
<doc>Navigates the current browser window to the provided ``url``.</doc>
<arguments>
<arg>${URL}</arg>
</arguments>
<msg timestamp="20200612 09:35:01.734" level="INFO">Opening url 'http://automationpractice.com'</msg>
<status status="PASS" starttime="20200612 09:35:01.732" endtime="20200612 09:35:04.558"></status>
</kw>
<kw name="Title Should Be" library="SeleniumLibrary">
<doc>Verifies that the current page title equals ``title``.</doc>
<arguments>
<arg>My Store</arg>
</arguments>
<msg timestamp="20200612 09:35:04.564" level="INFO">Page title is 'My Store'.</msg>
<status status="PASS" starttime="20200612 09:35:04.558" endtime="20200612 09:35:04.565"></status>
</kw>
<status status="PASS" starttime="20200612 09:35:01.729" endtime="20200612 09:35:04.565"></status>
</kw>
<kw name="Clicar em &quot;Sign in&quot;" library="Resource">
<kw name="Click Element" library="SeleniumLibrary">
<doc>Click the element identified by ``locator``.</doc>
<arguments>
<arg>xpath://div[@class='header_user_info']/a</arg>
</arguments>
<msg timestamp="20200612 09:35:04.571" level="INFO">Clicking element 'xpath://div[@class='header_user_info']/a'.</msg>
<status status="PASS" starttime="20200612 09:35:04.570" endtime="20200612 09:35:06.600"></status>
</kw>
<status status="PASS" starttime="20200612 09:35:04.569" endtime="20200612 09:35:06.600"></status>
</kw>
<kw name="Verificar página de login do usuário" library="Resource">
<kw name="Title Should Be" library="SeleniumLibrary">
<doc>Verifies that the current page title equals ``title``.</doc>
<arguments>
<arg>Login - My Store</arg>
</arguments>
<msg timestamp="20200612 09:35:06.608" level="INFO">Page title is 'Login - My Store'.</msg>
<status status="PASS" starttime="20200612 09:35:06.602" endtime="20200612 09:35:06.609"></status>
</kw>
<kw name="Wait Until Element Is Visible" library="SeleniumLibrary">
<doc>Waits until the element ``locator`` is visible.</doc>
<arguments>
<arg>xpath://div[@id='center_column']//h1[@class='page-heading']</arg>
</arguments>
<status status="PASS" starttime="20200612 09:35:06.609" endtime="20200612 09:35:06.722"></status>
</kw>
<status status="PASS" starttime="20200612 09:35:06.602" endtime="20200612 09:35:06.722"></status>
</kw>
<kw name="Cadastar email válido: &quot;gabiru@me99.com&quot;" library="Resource">
<kw name="Input Text" library="SeleniumLibrary">
<doc>Types the given ``text`` into the text field identified by ``locator``.</doc>
<arguments>
<arg>id:email_create</arg>
<arg>${USUARIO}</arg>
</arguments>
<msg timestamp="20200612 09:35:06.723" level="INFO">Typing text 'gabiru@me99.com' into text field 'id:email_create'.</msg>
<status status="PASS" starttime="20200612 09:35:06.723" endtime="20200612 09:35:06.819"></status>
</kw>
<status status="PASS" starttime="20200612 09:35:06.723" endtime="20200612 09:35:06.819"></status>
</kw>
<kw name="Clicar no botão &quot;Creat an account&quot;" library="Resource">
<kw name="Click Button" library="SeleniumLibrary">
<doc>Clicks the button identified by ``locator``.</doc>
<arguments>
<arg>id:SubmitCreate</arg>
</arguments>
<msg timestamp="20200612 09:35:06.823" level="INFO">Clicking button 'id:SubmitCreate'.</msg>
<status status="PASS" starttime="20200612 09:35:06.823" endtime="20200612 09:35:07.141"></status>
</kw>
<status status="PASS" starttime="20200612 09:35:06.822" endtime="20200612 09:35:07.141"></status>
</kw>
<kw name="Preencher dadods válidodos em &quot;Your personal information&quot;" library="Resource">
<kw name="Wait Until Element Is Visible" library="SeleniumLibrary">
<doc>Waits until the element ``locator`` is visible.</doc>
<arguments>
<arg>xpath://form[@id='account-creation_form']//h3[contains(text(),'Your personal information')]</arg>
</arguments>
<kw name="Capture Page Screenshot" library="SeleniumLibrary">
<doc>Takes a screenshot of the current page and embeds it into a log file.</doc>
<msg timestamp="20200612 09:35:12.506" level="INFO" html="yes">&lt;/td&gt;&lt;/tr&gt;&lt;tr&gt;&lt;td colspan="3"&gt;&lt;a href="selenium-screenshot-6.png"&gt;&lt;img src="selenium-screenshot-6.png" width="800px"&gt;&lt;/a&gt;</msg>
<status status="PASS" starttime="20200612 09:35:12.274" endtime="20200612 09:35:12.506"></status>
</kw>
<msg timestamp="20200612 09:35:12.512" level="FAIL">Element 'xpath://form[@id='account-creation_form']//h3[contains(text(),'Your personal information')]' not visible after 5 seconds.</msg>
<status status="FAIL" starttime="20200612 09:35:07.142" endtime="20200612 09:35:12.512"></status>
</kw>
<status status="FAIL" starttime="20200612 09:35:07.142" endtime="20200612 09:35:12.512"></status>
</kw>
<kw name="Fechar navegador" library="Resource" type="teardown">
<kw name="Capture Page Screenshot" library="SeleniumLibrary">
<doc>Takes a screenshot of the current page and embeds it into a log file.</doc>
<msg timestamp="20200612 09:35:12.638" level="INFO" html="yes">&lt;/td&gt;&lt;/tr&gt;&lt;tr&gt;&lt;td colspan="3"&gt;&lt;a href="selenium-screenshot-7.png"&gt;&lt;img src="selenium-screenshot-7.png" width="800px"&gt;&lt;/a&gt;</msg>
<status status="PASS" starttime="20200612 09:35:12.512" endtime="20200612 09:35:12.639"></status>
</kw>
<kw name="Close Browser" library="SeleniumLibrary">
<doc>Closes the current browser.</doc>
<status status="PASS" starttime="20200612 09:35:12.639" endtime="20200612 09:35:14.195"></status>
</kw>
<status status="PASS" starttime="20200612 09:35:12.512" endtime="20200612 09:35:14.195"></status>
</kw>
<tags>
<tag>sign</tag>
</tags>
<status status="FAIL" starttime="20200612 09:34:39.567" endtime="20200612 09:35:14.196" critical="yes">Element 'xpath://form[@id='account-creation_form']//h3[contains(text(),'Your personal information')]' not visible after 5 seconds.</status>
</test>
<status status="FAIL" starttime="20200612 09:34:38.830" endtime="20200612 09:35:14.199"></status>
</suite>
<status status="FAIL" starttime="20200612 09:34:38.787" endtime="20200612 09:35:14.205"></status>
</suite>
<statistics>
<total>
<stat pass="0" fail="1">Critical Tests</stat>
<stat pass="0" fail="1">All Tests</stat>
</total>
<tag>
<stat pass="0" fail="1">sign</stat>
</tag>
<suite>
<stat pass="0" fail="1" id="s1" name="Tests">Tests</stat>
<stat pass="0" fail="1" id="s1-s1" name="SitePracticeBDD">Tests.SitePracticeBDD</stat>
</suite>
</statistics>
<errors>
</errors>
</robot>
