<?xml version="1.0" encoding="UTF-8"?>
<robot generator="Robot 3.2.1 (Python 3.8.3 on win32)" generated="20200602 09:47:32.879" rpa="false">
<suite id="s1" name="TestCaseAPIBooks" source="C:\Cursos\RobotFramework\FakeApi\TestCaseAPIBooks.robot">
<kw name="Conectar a minha API" library="ResourceAPI" type="setup">
<kw name="Create Session" library="RequestsLibrary">
<doc>Create Session: create a HTTP session to a server</doc>
<arguments>
<arg>fakeAPI</arg>
<arg>${URL_API}</arg>
</arguments>
<msg timestamp="20200602 09:47:33.464" level="INFO">Creating Session using : alias=fakeAPI, url=https://fakerestapi.azurewebsites.net/api/, headers={},                     cookies={}, auth=None, timeout=None, proxies=None, verify=False,                     debug=0 </msg>
<status status="PASS" starttime="20200602 09:47:33.464" endtime="20200602 09:47:33.464"></status>
</kw>
<status status="PASS" starttime="20200602 09:47:33.462" endtime="20200602 09:47:33.464"></status>
</kw>
<test id="s1-t1" name="Caso de test 1: Buscar usando o metodo (GET) todos os livros da API">
<kw name="Requisitar todos os livros" library="ResourceAPI">
<kw name="Get Request" library="RequestsLibrary">
<doc>Send a GET request on the session object found using the
given `alias`</doc>
<arguments>
<arg>fakeAPI</arg>
<arg>Books</arg>
</arguments>
<assign>
<var>${MENSAGEM}</var>
</assign>
<msg timestamp="20200602 09:47:35.250" level="INFO">GET Request : url=https://fakerestapi.azurewebsites.net/api//Books 
 path_url=/api//Books 
 headers={'User-Agent': 'python-requests/2.23.0', 'Accept-Encoding': 'gzip, deflate', 'Accept': '*/*', 'Connection': 'keep-alive'} 
 body=None 
 </msg>
<msg timestamp="20200602 09:47:35.250" level="INFO">GET Response : url=https://fakerestapi.azurewebsites.net/api//Books 
 status=200, reason=OK 
 body=[{"ID":1,"Title":"Book 1","Description":"Lorem lorem lorem. Lorem lorem lorem. Lorem lorem lorem.\r\n","PageCount":100,"Excerpt":"Lorem lorem lorem. Lorem lorem lorem. Lorem lorem lorem.\r\nLorem lorem lorem. Lorem lorem lorem. Lorem lorem lorem.\r\nLorem lorem lorem. Lorem lorem lorem. Lorem lorem lorem.\r\nLorem lorem lorem. Lorem lorem lorem. Lorem lorem lorem.\r\nLorem lorem lorem. Lorem lorem lorem. Lorem lorem lorem.\r\n","PublishDate":"2020-06-01T12:47:31.4580451+00:00"},{"ID":2,"Title":"Book 2","Description":"Lorem lorem lorem. Lorem lorem lorem. Lorem lorem lorem.\r\n","PageCount":200,"Excerpt":"Lorem lorem lorem. Lorem lorem lorem. Lorem lorem lorem.\r\nLorem lorem lorem. Lorem lorem lorem. Lorem lorem lorem.\r\nLorem lorem lorem. Lorem lorem lorem. Lorem lorem lorem.\r\nLorem lorem lorem. Lorem lorem lorem. Lorem lorem lorem.\r\nLorem lorem lorem. Lorem lorem lorem. Lorem lorem lorem.\r\n","PublishDate":"2020-05-31T12:47:31.4580451+00:00"},{"ID":3,"Title":"Book 3","Description":"Lorem lorem lorem. Lorem lorem lorem. Lorem lorem lorem.\r\n","PageCount":300,"Excerpt":"Lorem lorem lorem. Lorem lorem lorem. Lorem lorem lorem.\r\nLorem lorem lorem. Lorem lorem lorem. Lorem lorem lorem.\r\nLorem lorem lorem. Lorem lorem lorem. Lorem lorem lorem.\r\nLorem lorem lorem. Lorem lorem lorem. Lorem lorem lorem.\r\nLorem lorem lorem. Lorem lorem lorem. Lorem lorem lorem.\r\n","PublishDate":"2020-05-30T12:47:31.4580451+00:00"},{"ID":4,"Title":"Book 4","Description":"Lorem lorem lorem. Lorem lorem lorem. Lorem lorem lorem.\r\n","PageCount":400,"Excerpt":"Lorem lorem lorem. Lorem lorem lorem. Lorem lorem lorem.\r\nLorem lorem lorem. Lorem lorem lorem. Lorem lorem lorem.\r\nLorem lorem lorem. Lorem lorem lorem. Lorem lorem lorem.\r\nLorem lorem lorem. Lorem lorem lorem. Lorem lorem lorem.\r\nLorem lorem lorem. Lorem lorem lorem. Lorem lorem lorem.\r\n","PublishDate":"2020-05-29T12:47:31.4580451+00:00"},{"ID":5,"Title":"Book 5","Description":"Lorem lorem lorem. Lorem lorem lorem. Lorem lorem lorem.\r\n","PageCount":500,"Excerpt":"Lorem lorem lorem. Lorem lorem lorem. Lorem lorem lorem.\r\nLorem lorem lorem. Lorem lorem lorem. Lorem lorem lorem.\r\nLorem lorem lorem. Lorem lorem lorem. Lorem lorem lorem.\r\nLorem lorem lorem. Lorem lorem lorem. Lorem lorem lorem.\r\nLorem lorem lorem. Lorem lorem lorem. Lorem lorem lorem.\r\n","PublishDate":"2020-05-28T12:47:31.4580451+00:00"},{"ID":6,"Title":"Book 6","Description":"Lorem lorem lorem. Lorem lorem lorem. Lorem lorem lorem.\r\n","PageCount":600,"Excerpt":"Lorem lorem lorem. Lorem lorem lorem. Lorem lorem lorem.\r\nLorem lorem lorem. Lorem lorem lorem. Lorem lorem lorem.\r\nLorem lorem lorem. Lorem lorem lorem. Lorem lorem lorem.\r\nLorem lorem lorem. Lorem lorem lorem. Lorem lorem lorem.\r\nLorem lorem lorem. Lorem lorem lorem. Lorem lorem lorem.\r\n","PublishDate":"2020-05-27T12:47:31.4580451+00:00"},{"ID":7,"Title":"Book 7","Description":"Lorem lorem lorem. Lorem lorem lorem. Lorem lorem lorem.\r\n","PageCount":700,"Excerpt":"Lorem lorem lorem. Lorem lorem lorem. Lorem lorem lorem.\r\nLorem lorem lorem. Lorem lorem lorem. Lorem lorem lorem.\r\nLorem lorem lorem. Lorem lorem lorem. Lorem lorem lorem.\r\nLorem lorem lorem. Lorem lorem lorem. Lorem lorem lorem.\r\nLorem lorem lorem. Lorem lorem lorem. Lorem lorem lorem.\r\n","PublishDate":"2020-05-26T12:47:31.4580451+00:00"},{"ID":8,"Title":"Book 8","Description":"Lorem lorem lorem. Lorem lorem lorem. Lorem lorem lorem.\r\n","PageCount":800,"Excerpt":"Lorem lorem lorem. Lorem lorem lorem. Lorem lorem lorem.\r\nLorem lorem lorem. Lorem lorem lorem. Lorem lorem lorem.\r\nLorem lorem lorem. Lorem lorem lorem. Lorem lorem lorem.\r\nLorem lorem lorem. Lorem lorem lorem. Lorem lorem lorem.\r\nLorem lorem lorem. Lorem lorem lorem. Lorem lorem lorem.\r\n","PublishDate":"2020-05-25T12:47:31.4580451+00:00"},{"ID":9,"Title":"Book 9","Description":"Lorem lorem lorem. Lorem lorem lorem. Lorem lorem lorem.\r\n","PageCount":900,"Excerpt":"Lorem lorem lorem. Lorem lorem lorem. Lorem lorem lorem.\r\nLorem lorem lorem. Lorem lorem lorem. Lorem lorem lorem.\r\nLorem lorem lorem. Lorem lorem lorem. Lorem lorem lorem.\r\nLorem lorem lorem. Lorem lorem lorem. Lorem lorem lorem.\r\nLorem lorem lorem. Lorem lorem lorem. Lorem lorem lorem.\r\n","PublishDate":"2020-05-24T12:47:31.4580451+00:00"},{"ID":10,"Title":"Book 10","Description":"Lorem lorem lorem. Lorem lorem lorem. Lorem lorem lorem.\r\n","PageCount":1000,"Excerpt":"Lorem lorem lorem. Lorem lorem lorem. Lorem lorem lorem.\r\nLorem lorem lorem. Lorem lorem lorem. Lorem lorem lorem.\r\nLorem lorem lorem. Lorem lorem lorem. Lorem lorem lorem.\r\nLorem lorem lorem. Lorem lorem lorem. Lorem lorem lorem.\r\nLorem lorem lorem. Lorem lorem lorem. Lorem lorem lorem.\r\n","PublishDate":"2020-05-23T12:47:31.4580451+00:00"},{"ID":11,"Title":"Book 11","Description":"Lorem lorem lorem. Lorem lorem lorem. Lorem lorem lorem.\r\n","PageCount":1100,"Excerpt":"Lorem lorem lorem. Lorem lorem lorem. Lorem lorem lorem.\r\nLorem lorem lorem. Lorem lorem lorem. Lorem lorem lorem.\r\nLorem lorem lorem. Lorem lorem lorem. Lorem lorem lorem.\r\nLorem lorem lorem. Lorem lorem lorem. Lorem lorem lorem.\r\nLorem lorem lorem. Lorem lorem lorem. Lorem lorem lorem.\r\n","PublishDate":"2020-05-22T12:47:31.4580451+00:00"},{"ID":12,"Title":"Book 12","Description":"Lorem lorem lorem. Lorem lorem lorem. Lorem lorem lorem.\r\n","PageCount":1200,"Excerpt":"Lorem lorem lorem. Lorem lorem lorem. Lorem lorem lorem.\r\nLorem lorem lorem. Lorem lorem lorem. Lorem lorem lorem.\r\nLorem lorem lorem. Lorem lorem lorem. Lorem lorem lorem.\r\nLorem lorem lorem. Lorem lorem lorem. Lorem lorem lorem.\r\nLorem lorem lorem. Lorem lorem lorem. Lorem lorem lorem.\r\n","PublishDate":"2020-05-21T12:47:31.4580451+00:00"},{"ID":13,"Title":"Book 13","Description":"Lorem lorem lorem. Lorem lorem lorem. Lorem lorem lorem.\r\n","PageCount":1300,"Excerpt":"Lorem lorem lorem. Lorem lorem lorem. Lorem lorem lorem.\r\nLorem lorem lorem. Lorem lorem lorem. Lorem lorem lorem.\r\nLorem lorem lorem. Lorem lorem lorem. Lorem lorem lorem.\r\nLorem lorem lorem. Lorem lorem lorem. Lorem lorem lorem.\r\nLorem lorem lorem. Lorem lorem lorem. Lorem lorem lorem.\r\n","PublishDate":"2020-05-20T12:47:31.4580451+00:00"},{"ID":14,"Title":"Book 14","Description":"Lorem lorem lorem. Lorem lorem lorem. Lorem lorem lorem.\r\n","PageCount":1400,"Excerpt":"Lorem lorem lorem. Lorem lorem lorem. Lorem lorem lorem.\r\nLorem lorem lorem. Lorem lorem lorem. Lorem lorem lorem.\r\nLorem lorem lorem. Lorem lorem lorem. Lorem lorem lorem.\r\nLorem lorem lorem. Lorem lorem lorem. Lorem lorem lorem.\r\nLorem lorem lorem. Lorem lorem lorem. Lorem lorem lorem.\r\n","PublishDate":"2020-05-19T12:47:31.4580451+00:00"},{"ID":15,"Title":"Book 15","Description":"Lorem lorem lorem. Lorem lorem lorem. Lorem lorem lorem.\r\n","PageCount":1500,"Excerpt":"Lorem lorem lorem. Lorem lorem lorem. Lorem lorem lorem.\r\nLorem lorem lorem. Lorem lorem lorem. Lorem lorem lorem.\r\nLorem lorem lorem. Lorem lorem lorem. Lorem lorem lorem.\r\nLorem lorem lorem. Lorem lorem lorem. Lorem lorem lorem.\r\nLorem lorem lorem. Lorem lorem lorem. Lorem lorem lorem.\r\n","PublishDate":"2020-05-18T12:47:31.4580451+00:00"},{"ID":16,"Title":"Book 16","Description":"Lorem lorem lorem. Lorem lorem lorem. Lorem lorem lorem.\r\n","PageCount":1600,"Excerpt":"Lorem lorem lorem. Lorem lorem lorem. Lorem lorem lorem.\r\nLorem lorem lorem. Lorem lorem lorem. Lorem lorem lorem.\r\nLorem lorem lorem. Lorem lorem lorem. Lorem lorem lorem.\r\nLorem lorem lorem. Lorem lorem lorem. Lorem lorem lorem.\r\nLorem lorem lorem. Lorem lorem lorem. Lorem lorem lorem.\r\n","PublishDate":"2020-05-17T12:47:31.4580451+00:00"},{"ID":17,"Title":"Book 17","Description":"Lorem lorem lorem. Lorem lorem lorem. Lorem lorem lorem.\r\n","PageCount":1700,"Excerpt":"Lorem lorem lorem. Lorem lorem lorem. Lorem lorem lorem.\r\nLorem lorem lorem. Lorem lorem lorem. Lorem lorem lorem.\r\nLorem lorem lorem. Lorem lorem lorem. Lorem lorem lorem.\r\nLorem lorem lorem. Lorem lorem lorem. Lorem lorem lorem.\r\nLorem lorem lorem. Lorem lorem lorem. Lorem lorem lorem.\r\n","PublishDate":"2020-05-16T12:47:31.4580451+00:00"},{"ID":18,"Title":"Book 18","Description":"Lorem lorem lorem. Lorem lorem lorem. Lorem lorem lorem.\r\n","PageCount":1800,"Excerpt":"Lorem lorem lorem. Lorem lorem lorem. Lorem lorem lorem.\r\nLorem lorem lorem. Lorem lorem lorem. Lorem lorem lorem.\r\nLorem lorem lorem. Lorem lorem lorem. Lorem lorem lorem.\r\nLorem lorem lorem. Lorem lorem lorem. Lorem lorem lorem.\r\nLorem lorem lorem. Lorem lorem lorem. Lorem lorem lorem.\r\n","PublishDate":"2020-05-15T12:47:31.4580451+00:00"},{"ID":19,"Title":"Book 19","Description":"Lorem lorem lorem. Lorem lorem lorem. Lorem lorem lorem.\r\n","PageCount":1900,"Excerpt":"Lorem lorem lorem. Lorem lorem lorem. Lorem lorem lorem.\r\nLorem lorem lorem. Lorem lorem lorem. Lorem lorem lorem.\r\nLorem lorem lorem. Lorem lorem lorem. Lorem lorem lorem.\r\nLorem lorem lorem. Lorem lorem lorem. Lorem lorem lorem.\r\nLorem lorem lorem. Lorem lorem lorem. Lorem lorem lorem.\r\n","PublishDate":"2020-05-14T12:47:31.4580451+00:00"},{"ID":20,"Title":"Book 20","Description":"Lorem lorem lorem. Lorem lorem lorem. Lorem lorem lorem.\r\n","PageCount":2000,"Excerpt":"Lorem lorem lorem. Lorem lorem lorem. Lorem lorem lorem.\r\nLorem lorem lorem. Lorem lorem lorem. Lorem lorem lorem.\r\nLorem lorem lorem. Lorem lorem lorem. Lorem lorem lorem.\r\nLorem lorem lorem. Lorem lorem lorem. Lorem lorem lorem.\r\nLorem lorem lorem. Lorem lorem lorem. Lorem lorem lorem.\r\n","PublishDate":"2020-05-13T12:47:31.4580451+00:00"},{"ID":21,"Title":"Book 21","Description":"Lorem lorem lorem. Lorem lorem lorem. Lorem lorem lorem.\r\n","PageCount":2100,"Excerpt":"Lorem lorem lorem. Lorem lorem lorem. Lorem lorem lorem.\r\nLorem lorem lorem. Lorem lorem lorem. Lorem lorem lorem.\r\nLorem lorem lorem. Lorem lorem lorem. Lorem lorem lorem.\r\nLorem lorem lo... (set the log level to DEBUG or TRACE to see the full content) 
 </msg>
<msg timestamp="20200602 09:47:35.254" level="INFO">c:\users\gabriel\appdata\local\programs\python\python38\lib\site-packages\urllib3\connectionpool.py:979: InsecureRequestWarning: Unverified HTTPS request is being made to host 'fakerestapi.azurewebsites.net'. Adding certificate verification is strongly advised. See: https://urllib3.readthedocs.io/en/latest/advanced-usage.html#ssl-warnings
  warnings.warn(</msg>
<msg timestamp="20200602 09:47:35.255" level="INFO">${MENSAGEM} = &lt;Response [200]&gt;</msg>
<status status="PASS" starttime="20200602 09:47:33.469" endtime="20200602 09:47:35.255"></status>
</kw>
<kw name="Log" library="BuiltIn">
<doc>Logs the given message with the given level.</doc>
<arguments>
<arg>${MENSAGEM.text}</arg>
</arguments>
<msg timestamp="20200602 09:47:35.260" level="INFO">[{"ID":1,"Title":"Book 1","Description":"Lorem lorem lorem. Lorem lorem lorem. Lorem lorem lorem.\r\n","PageCount":100,"Excerpt":"Lorem lorem lorem. Lorem lorem lorem. Lorem lorem lorem.\r\nLorem lorem lorem. Lorem lorem lorem. Lorem lorem lorem.\r\nLorem lorem lorem. Lorem lorem lorem. Lorem lorem lorem.\r\nLorem lorem lorem. Lorem lorem lorem. Lorem lorem lorem.\r\nLorem lorem lorem. Lorem lorem lorem. Lorem lorem lorem.\r\n","PublishDate":"2020-06-01T12:47:31.4580451+00:00"},{"ID":2,"Title":"Book 2","Description":"Lorem lorem lorem. Lorem lorem lorem. Lorem lorem lorem.\r\n","PageCount":200,"Excerpt":"Lorem lorem lorem. Lorem lorem lorem. Lorem lorem lorem.\r\nLorem lorem lorem. Lorem lorem lorem. Lorem lorem lorem.\r\nLorem lorem lorem. Lorem lorem lorem. Lorem lorem lorem.\r\nLorem lorem lorem. Lorem lorem lorem. Lorem lorem lorem.\r\nLorem lorem lorem. Lorem lorem lorem. Lorem lorem lorem.\r\n","PublishDate":"2020-05-31T12:47:31.4580451+00:00"},{"ID":3,"Title":"Book 3","Description":"Lorem lorem lorem. Lorem lorem lorem. Lorem lorem lorem.\r\n","PageCount":300,"Excerpt":"Lorem lorem lorem. Lorem lorem lorem. Lorem lorem lorem.\r\nLorem lorem lorem. Lorem lorem lorem. Lorem lorem lorem.\r\nLorem lorem lorem. Lorem lorem lorem. Lorem lorem lorem.\r\nLorem lorem lorem. Lorem lorem lorem. Lorem lorem lorem.\r\nLorem lorem lorem. Lorem lorem lorem. Lorem lorem lorem.\r\n","PublishDate":"2020-05-30T12:47:31.4580451+00:00"},{"ID":4,"Title":"Book 4","Description":"Lorem lorem lorem. Lorem lorem lorem. Lorem lorem lorem.\r\n","PageCount":400,"Excerpt":"Lorem lorem lorem. Lorem lorem lorem. Lorem lorem lorem.\r\nLorem lorem lorem. Lorem lorem lorem. Lorem lorem lorem.\r\nLorem lorem lorem. Lorem lorem lorem. Lorem lorem lorem.\r\nLorem lorem lorem. Lorem lorem lorem. Lorem lorem lorem.\r\nLorem lorem lorem. Lorem lorem lorem. Lorem lorem lorem.\r\n","PublishDate":"2020-05-29T12:47:31.4580451+00:00"},{"ID":5,"Title":"Book 5","Description":"Lorem lorem lorem. Lorem lorem lorem. Lorem lorem lorem.\r\n","PageCount":500,"Excerpt":"Lorem lorem lorem. Lorem lorem lorem. Lorem lorem lorem.\r\nLorem lorem lorem. Lorem lorem lorem. Lorem lorem lorem.\r\nLorem lorem lorem. Lorem lorem lorem. Lorem lorem lorem.\r\nLorem lorem lorem. Lorem lorem lorem. Lorem lorem lorem.\r\nLorem lorem lorem. Lorem lorem lorem. Lorem lorem lorem.\r\n","PublishDate":"2020-05-28T12:47:31.4580451+00:00"},{"ID":6,"Title":"Book 6","Description":"Lorem lorem lorem. Lorem lorem lorem. Lorem lorem lorem.\r\n","PageCount":600,"Excerpt":"Lorem lorem lorem. Lorem lorem lorem. Lorem lorem lorem.\r\nLorem lorem lorem. Lorem lorem lorem. Lorem lorem lorem.\r\nLorem lorem lorem. Lorem lorem lorem. Lorem lorem lorem.\r\nLorem lorem lorem. Lorem lorem lorem. Lorem lorem lorem.\r\nLorem lorem lorem. Lorem lorem lorem. Lorem lorem lorem.\r\n","PublishDate":"2020-05-27T12:47:31.4580451+00:00"},{"ID":7,"Title":"Book 7","Description":"Lorem lorem lorem. Lorem lorem lorem. Lorem lorem lorem.\r\n","PageCount":700,"Excerpt":"Lorem lorem lorem. Lorem lorem lorem. Lorem lorem lorem.\r\nLorem lorem lorem. Lorem lorem lorem. Lorem lorem lorem.\r\nLorem lorem lorem. Lorem lorem lorem. Lorem lorem lorem.\r\nLorem lorem lorem. Lorem lorem lorem. Lorem lorem lorem.\r\nLorem lorem lorem. Lorem lorem lorem. Lorem lorem lorem.\r\n","PublishDate":"2020-05-26T12:47:31.4580451+00:00"},{"ID":8,"Title":"Book 8","Description":"Lorem lorem lorem. Lorem lorem lorem. Lorem lorem lorem.\r\n","PageCount":800,"Excerpt":"Lorem lorem lorem. Lorem lorem lorem. Lorem lorem lorem.\r\nLorem lorem lorem. Lorem lorem lorem. Lorem lorem lorem.\r\nLorem lorem lorem. Lorem lorem lorem. Lorem lorem lorem.\r\nLorem lorem lorem. Lorem lorem lorem. Lorem lorem lorem.\r\nLorem lorem lorem. Lorem lorem lorem. Lorem lorem lorem.\r\n","PublishDate":"2020-05-25T12:47:31.4580451+00:00"},{"ID":9,"Title":"Book 9","Description":"Lorem lorem lorem. Lorem lorem lorem. Lorem lorem lorem.\r\n","PageCount":900,"Excerpt":"Lorem lorem lorem. Lorem lorem lorem. Lorem lorem lorem.\r\nLorem lorem lorem. Lorem lorem lorem. Lorem lorem lorem.\r\nLorem lorem lorem. Lorem lorem lorem. Lorem lorem lorem.\r\nLorem lorem lorem. Lorem lorem lorem. Lorem lorem lorem.\r\nLorem lorem lorem. Lorem lorem lorem. Lorem lorem lorem.\r\n","PublishDate":"2020-05-24T12:47:31.4580451+00:00"},{"ID":10,"Title":"Book 10","Description":"Lorem lorem lorem. Lorem lorem lorem. Lorem lorem lorem.\r\n","PageCount":1000,"Excerpt":"Lorem lorem lorem. Lorem lorem lorem. Lorem lorem lorem.\r\nLorem lorem lorem. Lorem lorem lorem. Lorem lorem lorem.\r\nLorem lorem lorem. Lorem lorem lorem. Lorem lorem lorem.\r\nLorem lorem lorem. Lorem lorem lorem. Lorem lorem lorem.\r\nLorem lorem lorem. Lorem lorem lorem. Lorem lorem lorem.\r\n","PublishDate":"2020-05-23T12:47:31.4580451+00:00"},{"ID":11,"Title":"Book 11","Description":"Lorem lorem lorem. Lorem lorem lorem. Lorem lorem lorem.\r\n","PageCount":1100,"Excerpt":"Lorem lorem lorem. Lorem lorem lorem. Lorem lorem lorem.\r\nLorem lorem lorem. Lorem lorem lorem. Lorem lorem lorem.\r\nLorem lorem lorem. Lorem lorem lorem. Lorem lorem lorem.\r\nLorem lorem lorem. Lorem lorem lorem. Lorem lorem lorem.\r\nLorem lorem lorem. Lorem lorem lorem. Lorem lorem lorem.\r\n","PublishDate":"2020-05-22T12:47:31.4580451+00:00"},{"ID":12,"Title":"Book 12","Description":"Lorem lorem lorem. Lorem lorem lorem. Lorem lorem lorem.\r\n","PageCount":1200,"Excerpt":"Lorem lorem lorem. Lorem lorem lorem. Lorem lorem lorem.\r\nLorem lorem lorem. Lorem lorem lorem. Lorem lorem lorem.\r\nLorem lorem lorem. Lorem lorem lorem. Lorem lorem lorem.\r\nLorem lorem lorem. Lorem lorem lorem. Lorem lorem lorem.\r\nLorem lorem lorem. Lorem lorem lorem. Lorem lorem lorem.\r\n","PublishDate":"2020-05-21T12:47:31.4580451+00:00"},{"ID":13,"Title":"Book 13","Description":"Lorem lorem lorem. Lorem lorem lorem. Lorem lorem lorem.\r\n","PageCount":1300,"Excerpt":"Lorem lorem lorem. Lorem lorem lorem. Lorem lorem lorem.\r\nLorem lorem lorem. Lorem lorem lorem. Lorem lorem lorem.\r\nLorem lorem lorem. Lorem lorem lorem. Lorem lorem lorem.\r\nLorem lorem lorem. Lorem lorem lorem. Lorem lorem lorem.\r\nLorem lorem lorem. Lorem lorem lorem. Lorem lorem lorem.\r\n","PublishDate":"2020-05-20T12:47:31.4580451+00:00"},{"ID":14,"Title":"Book 14","Description":"Lorem lorem lorem. Lorem lorem lorem. Lorem lorem lorem.\r\n","PageCount":1400,"Excerpt":"Lorem lorem lorem. Lorem lorem lorem. Lorem lorem lorem.\r\nLorem lorem lorem. Lorem lorem lorem. Lorem lorem lorem.\r\nLorem lorem lorem. Lorem lorem lorem. Lorem lorem lorem.\r\nLorem lorem lorem. Lorem lorem lorem. Lorem lorem lorem.\r\nLorem lorem lorem. Lorem lorem lorem. Lorem lorem lorem.\r\n","PublishDate":"2020-05-19T12:47:31.4580451+00:00"},{"ID":15,"Title":"Book 15","Description":"Lorem lorem lorem. Lorem lorem lorem. Lorem lorem lorem.\r\n","PageCount":1500,"Excerpt":"Lorem lorem lorem. Lorem lorem lorem. Lorem lorem lorem.\r\nLorem lorem lorem. Lorem lorem lorem. Lorem lorem lorem.\r\nLorem lorem lorem. Lorem lorem lorem. Lorem lorem lorem.\r\nLorem lorem lorem. Lorem lorem lorem. Lorem lorem lorem.\r\nLorem lorem lorem. Lorem lorem lorem. Lorem lorem lorem.\r\n","PublishDate":"2020-05-18T12:47:31.4580451+00:00"},{"ID":16,"Title":"Book 16","Description":"Lorem lorem lorem. Lorem lorem lorem. Lorem lorem lorem.\r\n","PageCount":1600,"Excerpt":"Lorem lorem lorem. Lorem lorem lorem. Lorem lorem lorem.\r\nLorem lorem lorem. Lorem lorem lorem. Lorem lorem lorem.\r\nLorem lorem lorem. Lorem lorem lorem. Lorem lorem lorem.\r\nLorem lorem lorem. Lorem lorem lorem. Lorem lorem lorem.\r\nLorem lorem lorem. Lorem lorem lorem. Lorem lorem lorem.\r\n","PublishDate":"2020-05-17T12:47:31.4580451+00:00"},{"ID":17,"Title":"Book 17","Description":"Lorem lorem lorem. Lorem lorem lorem. Lorem lorem lorem.\r\n","PageCount":1700,"Excerpt":"Lorem lorem lorem. Lorem lorem lorem. Lorem lorem lorem.\r\nLorem lorem lorem. Lorem lorem lorem. Lorem lorem lorem.\r\nLorem lorem lorem. Lorem lorem lorem. Lorem lorem lorem.\r\nLorem lorem lorem. Lorem lorem lorem. Lorem lorem lorem.\r\nLorem lorem lorem. Lorem lorem lorem. Lorem lorem lorem.\r\n","PublishDate":"2020-05-16T12:47:31.4580451+00:00"},{"ID":18,"Title":"Book 18","Description":"Lorem lorem lorem. Lorem lorem lorem. Lorem lorem lorem.\r\n","PageCount":1800,"Excerpt":"Lorem lorem lorem. Lorem lorem lorem. Lorem lorem lorem.\r\nLorem lorem lorem. Lorem lorem lorem. Lorem lorem lorem.\r\nLorem lorem lorem. Lorem lorem lorem. Lorem lorem lorem.\r\nLorem lorem lorem. Lorem lorem lorem. Lorem lorem lorem.\r\nLorem lorem lorem. Lorem lorem lorem. Lorem lorem lorem.\r\n","PublishDate":"2020-05-15T12:47:31.4580451+00:00"},{"ID":19,"Title":"Book 19","Description":"Lorem lorem lorem. Lorem lorem lorem. Lorem lorem lorem.\r\n","PageCount":1900,"Excerpt":"Lorem lorem lorem. Lorem lorem lorem. Lorem lorem lorem.\r\nLorem lorem lorem. Lorem lorem lorem. Lorem lorem lorem.\r\nLorem lorem lorem. Lorem lorem lorem. Lorem lorem lorem.\r\nLorem lorem lorem. Lorem lorem lorem. Lorem lorem lorem.\r\nLorem lorem lorem. Lorem lorem lorem. Lorem lorem lorem.\r\n","PublishDate":"2020-05-14T12:47:31.4580451+00:00"},{"ID":20,"Title":"Book 20","Description":"Lorem lorem lorem. Lorem lorem lorem. Lorem lorem lorem.\r\n","PageCount":2000,"Excerpt":"Lorem lorem lorem. Lorem lorem lorem. Lorem lorem lorem.\r\nLorem lorem lorem. Lorem lorem lorem. Lorem lorem lorem.\r\nLorem lorem lorem. Lorem lorem lorem. Lorem lorem lorem.\r\nLorem lorem lorem. Lorem lorem lorem. Lorem lorem lorem.\r\nLorem lorem lorem. Lorem lorem lorem. Lorem lorem lorem.\r\n","PublishDate":"2020-05-13T12:47:31.4580451+00:00"},{"ID":21,"Title":"Book 21","Description":"Lorem lorem lorem. Lorem lorem lorem. Lorem lorem lorem.\r\n","PageCount":2100,"Excerpt":"Lorem lorem lorem. Lorem lorem lorem. Lorem lorem lorem.\r\nLorem lorem lorem. Lorem lorem lorem. Lorem lorem lorem.\r\nLorem lorem lorem. Lorem lorem lorem. Lorem lorem lorem.\r\nLorem lorem lorem. Lorem lorem lorem. Lorem lorem lorem.\r\nLorem lorem lorem. Lorem lorem lorem. Lorem lorem lorem.\r\n","PublishDate":"2020-05-12T12:47:31.4580451+00:00"},{"ID":22,"Title":"Book 22","Description":"Lorem lorem lorem. Lorem lorem lorem. Lorem lorem lorem.\r\n","PageCount":2200,"Excerpt":"Lorem lorem lorem. Lorem lorem lorem. Lorem lorem lorem.\r\nLorem lorem lorem. Lorem lorem lorem. Lorem lorem lorem.\r\nLorem lorem lorem. Lorem lorem lorem. Lorem lorem lorem.\r\nLorem lorem lorem. Lorem lorem lorem. Lorem lorem lorem.\r\nLorem lorem lorem. Lorem lorem lorem. Lorem lorem lorem.\r\n","PublishDate":"2020-05-11T12:47:31.4580451+00:00"},{"ID":23,"Title":"Book 23","Description":"Lorem lorem lorem. Lorem lorem lorem. Lorem lorem lorem.\r\n","PageCount":2300,"Excerpt":"Lorem lorem lorem. Lorem lorem lorem. Lorem lorem lorem.\r\nLorem lorem lorem. Lorem lorem lorem. Lorem lorem lorem.\r\nLorem lorem lorem. Lorem lorem lorem. Lorem lorem lorem.\r\nLorem lorem lorem. Lorem lorem lorem. Lorem lorem lorem.\r\nLorem lorem lorem. Lorem lorem lorem. Lorem lorem lorem.\r\n","PublishDate":"2020-05-10T12:47:31.4580451+00:00"},{"ID":24,"Title":"Book 24","Description":"Lorem lorem lorem. Lorem lorem lorem. Lorem lorem lorem.\r\n","PageCount":2400,"Excerpt":"Lorem lorem lorem. Lorem lorem lorem. Lorem lorem lorem.\r\nLorem lorem lorem. Lorem lorem lorem. Lorem lorem lorem.\r\nLorem lorem lorem. Lorem lorem lorem. Lorem lorem lorem.\r\nLorem lorem lorem. Lorem lorem lorem. Lorem lorem lorem.\r\nLorem lorem lorem. Lorem lorem lorem. Lorem lorem lorem.\r\n","PublishDate":"2020-05-09T12:47:31.4580451+00:00"},{"ID":25,"Title":"Book 25","Description":"Lorem lorem lorem. Lorem lorem lorem. Lorem lorem lorem.\r\n","PageCount":2500,"Excerpt":"Lorem lorem lorem. Lorem lorem lorem. Lorem lorem lorem.\r\nLorem lorem lorem. Lorem lorem lorem. Lorem lorem lorem.\r\nLorem lorem lorem. Lorem lorem lorem. Lorem lorem lorem.\r\nLorem lorem lorem. Lorem lorem lorem. Lorem lorem lorem.\r\nLorem lorem lorem. Lorem lorem lorem. Lorem lorem lorem.\r\n","PublishDate":"2020-05-08T12:47:31.4580451+00:00"},{"ID":26,"Title":"Book 26","Description":"Lorem lorem lorem. Lorem lorem lorem. Lorem lorem lorem.\r\n","PageCount":2600,"Excerpt":"Lorem lorem lorem. Lorem lorem lorem. Lorem lorem lorem.\r\nLorem lorem lorem. Lorem lorem lorem. Lorem lorem lorem.\r\nLorem lorem lorem. Lorem lorem lorem. Lorem lorem lorem.\r\nLorem lorem lorem. Lorem lorem lorem. Lorem lorem lorem.\r\nLorem lorem lorem. Lorem lorem lorem. Lorem lorem lorem.\r\n","PublishDate":"2020-05-07T12:47:31.4580451+00:00"},{"ID":27,"Title":"Book 27","Description":"Lorem lorem lorem. Lorem lorem lorem. Lorem lorem lorem.\r\n","PageCount":2700,"Excerpt":"Lorem lorem lorem. Lorem lorem lorem. Lorem lorem lorem.\r\nLorem lorem lorem. Lorem lorem lorem. Lorem lorem lorem.\r\nLorem lorem lorem. Lorem lorem lorem. Lorem lorem lorem.\r\nLorem lorem lorem. Lorem lorem lorem. Lorem lorem lorem.\r\nLorem lorem lorem. Lorem lorem lorem. Lorem lorem lorem.\r\n","PublishDate":"2020-05-06T12:47:31.4580451+00:00"},{"ID":28,"Title":"Book 28","Description":"Lorem lorem lorem. Lorem lorem lorem. Lorem lorem lorem.\r\n","PageCount":2800,"Excerpt":"Lorem lorem lorem. Lorem lorem lorem. Lorem lorem lorem.\r\nLorem lorem lorem. Lorem lorem lorem. Lorem lorem lorem.\r\nLorem lorem lorem. Lorem lorem lorem. Lorem lorem lorem.\r\nLorem lorem lorem. Lorem lorem lorem. Lorem lorem lorem.\r\nLorem lorem lorem. Lorem lorem lorem. Lorem lorem lorem.\r\n","PublishDate":"2020-05-05T12:47:31.4580451+00:00"},{"ID":29,"Title":"Book 29","Description":"Lorem lorem lorem. Lorem lorem lorem. Lorem lorem lorem.\r\n","PageCount":2900,"Excerpt":"Lorem lorem lorem. Lorem lorem lorem. Lorem lorem lorem.\r\nLorem lorem lorem. Lorem lorem lorem. Lorem lorem lorem.\r\nLorem lorem lorem. Lorem lorem lorem. Lorem lorem lorem.\r\nLorem lorem lorem. Lorem lorem lorem. Lorem lorem lorem.\r\nLorem lorem lorem. Lorem lorem lorem. Lorem lorem lorem.\r\n","PublishDate":"2020-05-04T12:47:31.4580451+00:00"},{"ID":30,"Title":"Book 30","Description":"Lorem lorem lorem. Lorem lorem lorem. Lorem lorem lorem.\r\n","PageCount":3000,"Excerpt":"Lorem lorem lorem. Lorem lorem lorem. Lorem lorem lorem.\r\nLorem lorem lorem. Lorem lorem lorem. Lorem lorem lorem.\r\nLorem lorem lorem. Lorem lorem lorem. Lorem lorem lorem.\r\nLorem lorem lorem. Lorem lorem lorem. Lorem lorem lorem.\r\nLorem lorem lorem. Lorem lorem lorem. Lorem lorem lorem.\r\n","PublishDate":"2020-05-03T12:47:31.4580451+00:00"},{"ID":31,"Title":"Book 31","Description":"Lorem lorem lorem. Lorem lorem lorem. Lorem lorem lorem.\r\n","PageCount":3100,"Excerpt":"Lorem lorem lorem. Lorem lorem lorem. Lorem lorem lorem.\r\nLorem lorem lorem. Lorem lorem lorem. Lorem lorem lorem.\r\nLorem lorem lorem. Lorem lorem lorem. Lorem lorem lorem.\r\nLorem lorem lorem. Lorem lorem lorem. Lorem lorem lorem.\r\nLorem lorem lorem. Lorem lorem lorem. Lorem lorem lorem.\r\n","PublishDate":"2020-05-02T12:47:31.4580451+00:00"},{"ID":32,"Title":"Book 32","Description":"Lorem lorem lorem. Lorem lorem lorem. Lorem lorem lorem.\r\n","PageCount":3200,"Excerpt":"Lorem lorem lorem. Lorem lorem lorem. Lorem lorem lorem.\r\nLorem lorem lorem. Lorem lorem lorem. Lorem lorem lorem.\r\nLorem lorem lorem. Lorem lorem lorem. Lorem lorem lorem.\r\nLorem lorem lorem. Lorem lorem lorem. Lorem lorem lorem.\r\nLorem lorem lorem. Lorem lorem lorem. Lorem lorem lorem.\r\n","PublishDate":"2020-05-01T12:47:31.4580451+00:00"},{"ID":33,"Title":"Book 33","Description":"Lorem lorem lorem. Lorem lorem lorem. Lorem lorem lorem.\r\n","PageCount":3300,"Excerpt":"Lorem lorem lorem. Lorem lorem lorem. Lorem lorem lorem.\r\nLorem lorem lorem. Lorem lorem lorem. Lorem lorem lorem.\r\nLorem lorem lorem. Lorem lorem lorem. Lorem lorem lorem.\r\nLorem lorem lorem. Lorem lorem lorem. Lorem lorem lorem.\r\nLorem lorem lorem. Lorem lorem lorem. Lorem lorem lorem.\r\n","PublishDate":"2020-04-30T12:47:31.4580451+00:00"},{"ID":34,"Title":"Book 34","Description":"Lorem lorem lorem. Lorem lorem lorem. Lorem lorem lorem.\r\n","PageCount":3400,"Excerpt":"Lorem lorem lorem. Lorem lorem lorem. Lorem lorem lorem.\r\nLorem lorem lorem. Lorem lorem lorem. Lorem lorem lorem.\r\nLorem lorem lorem. Lorem lorem lorem. Lorem lorem lorem.\r\nLorem lorem lorem. Lorem lorem lorem. Lorem lorem lorem.\r\nLorem lorem lorem. Lorem lorem lorem. Lorem lorem lorem.\r\n","PublishDate":"2020-04-29T12:47:31.4580451+00:00"},{"ID":35,"Title":"Book 35","Description":"Lorem lorem lorem. Lorem lorem lorem. Lorem lorem lorem.\r\n","PageCount":3500,"Excerpt":"Lorem lorem lorem. Lorem lorem lorem. Lorem lorem lorem.\r\nLorem lorem lorem. Lorem lorem lorem. Lorem lorem lorem.\r\nLorem lorem lorem. Lorem lorem lorem. Lorem lorem lorem.\r\nLorem lorem lorem. Lorem lorem lorem. Lorem lorem lorem.\r\nLorem lorem lorem. Lorem lorem lorem. Lorem lorem lorem.\r\n","PublishDate":"2020-04-28T12:47:31.4580451+00:00"},{"ID":36,"Title":"Book 36","Description":"Lorem lorem lorem. Lorem lorem lorem. Lorem lorem lorem.\r\n","PageCount":3600,"Excerpt":"Lorem lorem lorem. Lorem lorem lorem. Lorem lorem lorem.\r\nLorem lorem lorem. Lorem lorem lorem. Lorem lorem lorem.\r\nLorem lorem lorem. Lorem lorem lorem. Lorem lorem lorem.\r\nLorem lorem lorem. Lorem lorem lorem. Lorem lorem lorem.\r\nLorem lorem lorem. Lorem lorem lorem. Lorem lorem lorem.\r\n","PublishDate":"2020-04-27T12:47:31.4580451+00:00"},{"ID":37,"Title":"Book 37","Description":"Lorem lorem lorem. Lorem lorem lorem. Lorem lorem lorem.\r\n","PageCount":3700,"Excerpt":"Lorem lorem lorem. Lorem lorem lorem. Lorem lorem lorem.\r\nLorem lorem lorem. Lorem lorem lorem. Lorem lorem lorem.\r\nLorem lorem lorem. Lorem lorem lorem. Lorem lorem lorem.\r\nLorem lorem lorem. Lorem lorem lorem. Lorem lorem lorem.\r\nLorem lorem lorem. Lorem lorem lorem. Lorem lorem lorem.\r\n","PublishDate":"2020-04-26T12:47:31.4580451+00:00"},{"ID":38,"Title":"Book 38","Description":"Lorem lorem lorem. Lorem lorem lorem. Lorem lorem lorem.\r\n","PageCount":3800,"Excerpt":"Lorem lorem lorem. Lorem lorem lorem. Lorem lorem lorem.\r\nLorem lorem lorem. Lorem lorem lorem. Lorem lorem lorem.\r\nLorem lorem lorem. Lorem lorem lorem. Lorem lorem lorem.\r\nLorem lorem lorem. Lorem lorem lorem. Lorem lorem lorem.\r\nLorem lorem lorem. Lorem lorem lorem. Lorem lorem lorem.\r\n","PublishDate":"2020-04-25T12:47:31.4580451+00:00"},{"ID":39,"Title":"Book 39","Description":"Lorem lorem lorem. Lorem lorem lorem. Lorem lorem lorem.\r\n","PageCount":3900,"Excerpt":"Lorem lorem lorem. Lorem lorem lorem. Lorem lorem lorem.\r\nLorem lorem lorem. Lorem lorem lorem. Lorem lorem lorem.\r\nLorem lorem lorem. Lorem lorem lorem. Lorem lorem lorem.\r\nLorem lorem lorem. Lorem lorem lorem. Lorem lorem lorem.\r\nLorem lorem lorem. Lorem lorem lorem. Lorem lorem lorem.\r\n","PublishDate":"2020-04-24T12:47:31.4580451+00:00"},{"ID":40,"Title":"Book 40","Description":"Lorem lorem lorem. Lorem lorem lorem. Lorem lorem lorem.\r\n","PageCount":4000,"Excerpt":"Lorem lorem lorem. Lorem lorem lorem. Lorem lorem lorem.\r\nLorem lorem lorem. Lorem lorem lorem. Lorem lorem lorem.\r\nLorem lorem lorem. Lorem lorem lorem. Lorem lorem lorem.\r\nLorem lorem lorem. Lorem lorem lorem. Lorem lorem lorem.\r\nLorem lorem lorem. Lorem lorem lorem. Lorem lorem lorem.\r\n","PublishDate":"2020-04-23T12:47:31.4580451+00:00"},{"ID":41,"Title":"Book 41","Description":"Lorem lorem lorem. Lorem lorem lorem. Lorem lorem lorem.\r\n","PageCount":4100,"Excerpt":"Lorem lorem lorem. Lorem lorem lorem. Lorem lorem lorem.\r\nLorem lorem lorem. Lorem lorem lorem. Lorem lorem lorem.\r\nLorem lorem lorem. Lorem lorem lorem. Lorem lorem lorem.\r\nLorem lorem lorem. Lorem lorem lorem. Lorem lorem lorem.\r\nLorem lorem lorem. Lorem lorem lorem. Lorem lorem lorem.\r\n","PublishDate":"2020-04-22T12:47:31.4580451+00:00"},{"ID":42,"Title":"Book 42","Description":"Lorem lorem lorem. Lorem lorem lorem. Lorem lorem lorem.\r\n","PageCount":4200,"Excerpt":"Lorem lorem lorem. Lorem lorem lorem. Lorem lorem lorem.\r\nLorem lorem lorem. Lorem lorem lorem. Lorem lorem lorem.\r\nLorem lorem lorem. Lorem lorem lorem. Lorem lorem lorem.\r\nLorem lorem lorem. Lorem lorem lorem. Lorem lorem lorem.\r\nLorem lorem lorem. Lorem lorem lorem. Lorem lorem lorem.\r\n","PublishDate":"2020-04-21T12:47:31.4580451+00:00"},{"ID":43,"Title":"Book 43","Description":"Lorem lorem lorem. Lorem lorem lorem. Lorem lorem lorem.\r\n","PageCount":4300,"Excerpt":"Lorem lorem lorem. Lorem lorem lorem. Lorem lorem lorem.\r\nLorem lorem lorem. Lorem lorem lorem. Lorem lorem lorem.\r\nLorem lorem lorem. Lorem lorem lorem. Lorem lorem lorem.\r\nLorem lorem lorem. Lorem lorem lorem. Lorem lorem lorem.\r\nLorem lorem lorem. Lorem lorem lorem. Lorem lorem lorem.\r\n","PublishDate":"2020-04-20T12:47:31.4580451+00:00"},{"ID":44,"Title":"Book 44","Description":"Lorem lorem lorem. Lorem lorem lorem. Lorem lorem lorem.\r\n","PageCount":4400,"Excerpt":"Lorem lorem lorem. Lorem lorem lorem. Lorem lorem lorem.\r\nLorem lorem lorem. Lorem lorem lorem. Lorem lorem lorem.\r\nLorem lorem lorem. Lorem lorem lorem. Lorem lorem lorem.\r\nLorem lorem lorem. Lorem lorem lorem. Lorem lorem lorem.\r\nLorem lorem lorem. Lorem lorem lorem. Lorem lorem lorem.\r\n","PublishDate":"2020-04-19T12:47:31.4580451+00:00"},{"ID":45,"Title":"Book 45","Description":"Lorem lorem lorem. Lorem lorem lorem. Lorem lorem lorem.\r\n","PageCount":4500,"Excerpt":"Lorem lorem lorem. Lorem lorem lorem. Lorem lorem lorem.\r\nLorem lorem lorem. Lorem lorem lorem. Lorem lorem lorem.\r\nLorem lorem lorem. Lorem lorem lorem. Lorem lorem lorem.\r\nLorem lorem lorem. Lorem lorem lorem. Lorem lorem lorem.\r\nLorem lorem lorem. Lorem lorem lorem. Lorem lorem lorem.\r\n","PublishDate":"2020-04-18T12:47:31.4580451+00:00"},{"ID":46,"Title":"Book 46","Description":"Lorem lorem lorem. Lorem lorem lorem. Lorem lorem lorem.\r\n","PageCount":4600,"Excerpt":"Lorem lorem lorem. Lorem lorem lorem. Lorem lorem lorem.\r\nLorem lorem lorem. Lorem lorem lorem. Lorem lorem lorem.\r\nLorem lorem lorem. Lorem lorem lorem. Lorem lorem lorem.\r\nLorem lorem lorem. Lorem lorem lorem. Lorem lorem lorem.\r\nLorem lorem lorem. Lorem lorem lorem. Lorem lorem lorem.\r\n","PublishDate":"2020-04-17T12:47:31.4580451+00:00"},{"ID":47,"Title":"Book 47","Description":"Lorem lorem lorem. Lorem lorem lorem. Lorem lorem lorem.\r\n","PageCount":4700,"Excerpt":"Lorem lorem lorem. Lorem lorem lorem. Lorem lorem lorem.\r\nLorem lorem lorem. Lorem lorem lorem. Lorem lorem lorem.\r\nLorem lorem lorem. Lorem lorem lorem. Lorem lorem lorem.\r\nLorem lorem lorem. Lorem lorem lorem. Lorem lorem lorem.\r\nLorem lorem lorem. Lorem lorem lorem. Lorem lorem lorem.\r\n","PublishDate":"2020-04-16T12:47:31.4580451+00:00"},{"ID":48,"Title":"Book 48","Description":"Lorem lorem lorem. Lorem lorem lorem. Lorem lorem lorem.\r\n","PageCount":4800,"Excerpt":"Lorem lorem lorem. Lorem lorem lorem. Lorem lorem lorem.\r\nLorem lorem lorem. Lorem lorem lorem. Lorem lorem lorem.\r\nLorem lorem lorem. Lorem lorem lorem. Lorem lorem lorem.\r\nLorem lorem lorem. Lorem lorem lorem. Lorem lorem lorem.\r\nLorem lorem lorem. Lorem lorem lorem. Lorem lorem lorem.\r\n","PublishDate":"2020-04-15T12:47:31.4580451+00:00"},{"ID":49,"Title":"Book 49","Description":"Lorem lorem lorem. Lorem lorem lorem. Lorem lorem lorem.\r\n","PageCount":4900,"Excerpt":"Lorem lorem lorem. Lorem lorem lorem. Lorem lorem lorem.\r\nLorem lorem lorem. Lorem lorem lorem. Lorem lorem lorem.\r\nLorem lorem lorem. Lorem lorem lorem. Lorem lorem lorem.\r\nLorem lorem lorem. Lorem lorem lorem. Lorem lorem lorem.\r\nLorem lorem lorem. Lorem lorem lorem. Lorem lorem lorem.\r\n","PublishDate":"2020-04-14T12:47:31.4580451+00:00"},{"ID":50,"Title":"Book 50","Description":"Lorem lorem lorem. Lorem lorem lorem. Lorem lorem lorem.\r\n","PageCount":5000,"Excerpt":"Lorem lorem lorem. Lorem lorem lorem. Lorem lorem lorem.\r\nLorem lorem lorem. Lorem lorem lorem. Lorem lorem lorem.\r\nLorem lorem lorem. Lorem lorem lorem. Lorem lorem lorem.\r\nLorem lorem lorem. Lorem lorem lorem. Lorem lorem lorem.\r\nLorem lorem lorem. Lorem lorem lorem. Lorem lorem lorem.\r\n","PublishDate":"2020-04-13T12:47:31.4580451+00:00"},{"ID":51,"Title":"Book 51","Description":"Lorem lorem lorem. Lorem lorem lorem. Lorem lorem lorem.\r\n","PageCount":5100,"Excerpt":"Lorem lorem lorem. Lorem lorem lorem. Lorem lorem lorem.\r\nLorem lorem lorem. Lorem lorem lorem. Lorem lorem lorem.\r\nLorem lorem lorem. Lorem lorem lorem. Lorem lorem lorem.\r\nLorem lorem lorem. Lorem lorem lorem. Lorem lorem lorem.\r\nLorem lorem lorem. Lorem lorem lorem. Lorem lorem lorem.\r\n","PublishDate":"2020-04-12T12:47:31.4580451+00:00"},{"ID":52,"Title":"Book 52","Description":"Lorem lorem lorem. Lorem lorem lorem. Lorem lorem lorem.\r\n","PageCount":5200,"Excerpt":"Lorem lorem lorem. Lorem lorem lorem. Lorem lorem lorem.\r\nLorem lorem lorem. Lorem lorem lorem. Lorem lorem lorem.\r\nLorem lorem lorem. Lorem lorem lorem. Lorem lorem lorem.\r\nLorem lorem lorem. Lorem lorem lorem. Lorem lorem lorem.\r\nLorem lorem lorem. Lorem lorem lorem. Lorem lorem lorem.\r\n","PublishDate":"2020-04-11T12:47:31.4580451+00:00"},{"ID":53,"Title":"Book 53","Description":"Lorem lorem lorem. Lorem lorem lorem. Lorem lorem lorem.\r\n","PageCount":5300,"Excerpt":"Lorem lorem lorem. Lorem lorem lorem. Lorem lorem lorem.\r\nLorem lorem lorem. Lorem lorem lorem. Lorem lorem lorem.\r\nLorem lorem lorem. Lorem lorem lorem. Lorem lorem lorem.\r\nLorem lorem lorem. Lorem lorem lorem. Lorem lorem lorem.\r\nLorem lorem lorem. Lorem lorem lorem. Lorem lorem lorem.\r\n","PublishDate":"2020-04-10T12:47:31.4580451+00:00"},{"ID":54,"Title":"Book 54","Description":"Lorem lorem lorem. Lorem lorem lorem. Lorem lorem lorem.\r\n","PageCount":5400,"Excerpt":"Lorem lorem lorem. Lorem lorem lorem. Lorem lorem lorem.\r\nLorem lorem lorem. Lorem lorem lorem. Lorem lorem lorem.\r\nLorem lorem lorem. Lorem lorem lorem. Lorem lorem lorem.\r\nLorem lorem lorem. Lorem lorem lorem. Lorem lorem lorem.\r\nLorem lorem lorem. Lorem lorem lorem. Lorem lorem lorem.\r\n","PublishDate":"2020-04-09T12:47:31.4580451+00:00"},{"ID":55,"Title":"Book 55","Description":"Lorem lorem lorem. Lorem lorem lorem. Lorem lorem lorem.\r\n","PageCount":5500,"Excerpt":"Lorem lorem lorem. Lorem lorem lorem. Lorem lorem lorem.\r\nLorem lorem lorem. Lorem lorem lorem. Lorem lorem lorem.\r\nLorem lorem lorem. Lorem lorem lorem. Lorem lorem lorem.\r\nLorem lorem lorem. Lorem lorem lorem. Lorem lorem lorem.\r\nLorem lorem lorem. Lorem lorem lorem. Lorem lorem lorem.\r\n","PublishDate":"2020-04-08T12:47:31.4580451+00:00"},{"ID":56,"Title":"Book 56","Description":"Lorem lorem lorem. Lorem lorem lorem. Lorem lorem lorem.\r\n","PageCount":5600,"Excerpt":"Lorem lorem lorem. Lorem lorem lorem. Lorem lorem lorem.\r\nLorem lorem lorem. Lorem lorem lorem. Lorem lorem lorem.\r\nLorem lorem lorem. Lorem lorem lorem. Lorem lorem lorem.\r\nLorem lorem lorem. Lorem lorem lorem. Lorem lorem lorem.\r\nLorem lorem lorem. Lorem lorem lorem. Lorem lorem lorem.\r\n","PublishDate":"2020-04-07T12:47:31.4580451+00:00"},{"ID":57,"Title":"Book 57","Description":"Lorem lorem lorem. Lorem lorem lorem. Lorem lorem lorem.\r\n","PageCount":5700,"Excerpt":"Lorem lorem lorem. Lorem lorem lorem. Lorem lorem lorem.\r\nLorem lorem lorem. Lorem lorem lorem. Lorem lorem lorem.\r\nLorem lorem lorem. Lorem lorem lorem. Lorem lorem lorem.\r\nLorem lorem lorem. Lorem lorem lorem. Lorem lorem lorem.\r\nLorem lorem lorem. Lorem lorem lorem. Lorem lorem lorem.\r\n","PublishDate":"2020-04-06T12:47:31.4580451+00:00"},{"ID":58,"Title":"Book 58","Description":"Lorem lorem lorem. Lorem lorem lorem. Lorem lorem lorem.\r\n","PageCount":5800,"Excerpt":"Lorem lorem lorem. Lorem lorem lorem. Lorem lorem lorem.\r\nLorem lorem lorem. Lorem lorem lorem. Lorem lorem lorem.\r\nLorem lorem lorem. Lorem lorem lorem. Lorem lorem lorem.\r\nLorem lorem lorem. Lorem lorem lorem. Lorem lorem lorem.\r\nLorem lorem lorem. Lorem lorem lorem. Lorem lorem lorem.\r\n","PublishDate":"2020-04-05T12:47:31.4580451+00:00"},{"ID":59,"Title":"Book 59","Description":"Lorem lorem lorem. Lorem lorem lorem. Lorem lorem lorem.\r\n","PageCount":5900,"Excerpt":"Lorem lorem lorem. Lorem lorem lorem. Lorem lorem lorem.\r\nLorem lorem lorem. Lorem lorem lorem. Lorem lorem lorem.\r\nLorem lorem lorem. Lorem lorem lorem. Lorem lorem lorem.\r\nLorem lorem lorem. Lorem lorem lorem. Lorem lorem lorem.\r\nLorem lorem lorem. Lorem lorem lorem. Lorem lorem lorem.\r\n","PublishDate":"2020-04-04T12:47:31.4580451+00:00"},{"ID":60,"Title":"Book 60","Description":"Lorem lorem lorem. Lorem lorem lorem. Lorem lorem lorem.\r\n","PageCount":6000,"Excerpt":"Lorem lorem lorem. Lorem lorem lorem. Lorem lorem lorem.\r\nLorem lorem lorem. Lorem lorem lorem. Lorem lorem lorem.\r\nLorem lorem lorem. Lorem lorem lorem. Lorem lorem lorem.\r\nLorem lorem lorem. Lorem lorem lorem. Lorem lorem lorem.\r\nLorem lorem lorem. Lorem lorem lorem. Lorem lorem lorem.\r\n","PublishDate":"2020-04-03T12:47:31.4580451+00:00"},{"ID":61,"Title":"Book 61","Description":"Lorem lorem lorem. Lorem lorem lorem. Lorem lorem lorem.\r\n","PageCount":6100,"Excerpt":"Lorem lorem lorem. Lorem lorem lorem. Lorem lorem lorem.\r\nLorem lorem lorem. Lorem lorem lorem. Lorem lorem lorem.\r\nLorem lorem lorem. Lorem lorem lorem. Lorem lorem lorem.\r\nLorem lorem lorem. Lorem lorem lorem. Lorem lorem lorem.\r\nLorem lorem lorem. Lorem lorem lorem. Lorem lorem lorem.\r\n","PublishDate":"2020-04-02T12:47:31.4580451+00:00"},{"ID":62,"Title":"Book 62","Description":"Lorem lorem lorem. Lorem lorem lorem. Lorem lorem lorem.\r\n","PageCount":6200,"Excerpt":"Lorem lorem lorem. Lorem lorem lorem. Lorem lorem lorem.\r\nLorem lorem lorem. Lorem lorem lorem. Lorem lorem lorem.\r\nLorem lorem lorem. Lorem lorem lorem. Lorem lorem lorem.\r\nLorem lorem lorem. Lorem lorem lorem. Lorem lorem lorem.\r\nLorem lorem lorem. Lorem lorem lorem. Lorem lorem lorem.\r\n","PublishDate":"2020-04-01T12:47:31.4580451+00:00"},{"ID":63,"Title":"Book 63","Description":"Lorem lorem lorem. Lorem lorem lorem. Lorem lorem lorem.\r\n","PageCount":6300,"Excerpt":"Lorem lorem lorem. Lorem lorem lorem. Lorem lorem lorem.\r\nLorem lorem lorem. Lorem lorem lorem. Lorem lorem lorem.\r\nLorem lorem lorem. Lorem lorem lorem. Lorem lorem lorem.\r\nLorem lorem lorem. Lorem lorem lorem. Lorem lorem lorem.\r\nLorem lorem lorem. Lorem lorem lorem. Lorem lorem lorem.\r\n","PublishDate":"2020-03-31T12:47:31.4580451+00:00"},{"ID":64,"Title":"Book 64","Description":"Lorem lorem lorem. Lorem lorem lorem. Lorem lorem lorem.\r\n","PageCount":6400,"Excerpt":"Lorem lorem lorem. Lorem lorem lorem. Lorem lorem lorem.\r\nLorem lorem lorem. Lorem lorem lorem. Lorem lorem lorem.\r\nLorem lorem lorem. Lorem lorem lorem. Lorem lorem lorem.\r\nLorem lorem lorem. Lorem lorem lorem. Lorem lorem lorem.\r\nLorem lorem lorem. Lorem lorem lorem. Lorem lorem lorem.\r\n","PublishDate":"2020-03-30T12:47:31.4580451+00:00"},{"ID":65,"Title":"Book 65","Description":"Lorem lorem lorem. Lorem lorem lorem. Lorem lorem lorem.\r\n","PageCount":6500,"Excerpt":"Lorem lorem lorem. Lorem lorem lorem. Lorem lorem lorem.\r\nLorem lorem lorem. Lorem lorem lorem. Lorem lorem lorem.\r\nLorem lorem lorem. Lorem lorem lorem. Lorem lorem lorem.\r\nLorem lorem lorem. Lorem lorem lorem. Lorem lorem lorem.\r\nLorem lorem lorem. Lorem lorem lorem. Lorem lorem lorem.\r\n","PublishDate":"2020-03-29T12:47:31.4580451+00:00"},{"ID":66,"Title":"Book 66","Description":"Lorem lorem lorem. Lorem lorem lorem. Lorem lorem lorem.\r\n","PageCount":6600,"Excerpt":"Lorem lorem lorem. Lorem lorem lorem. Lorem lorem lorem.\r\nLorem lorem lorem. Lorem lorem lorem. Lorem lorem lorem.\r\nLorem lorem lorem. Lorem lorem lorem. Lorem lorem lorem.\r\nLorem lorem lorem. Lorem lorem lorem. Lorem lorem lorem.\r\nLorem lorem lorem. Lorem lorem lorem. Lorem lorem lorem.\r\n","PublishDate":"2020-03-28T12:47:31.4580451+00:00"},{"ID":67,"Title":"Book 67","Description":"Lorem lorem lorem. Lorem lorem lorem. Lorem lorem lorem.\r\n","PageCount":6700,"Excerpt":"Lorem lorem lorem. Lorem lorem lorem. Lorem lorem lorem.\r\nLorem lorem lorem. Lorem lorem lorem. Lorem lorem lorem.\r\nLorem lorem lorem. Lorem lorem lorem. Lorem lorem lorem.\r\nLorem lorem lorem. Lorem lorem lorem. Lorem lorem lorem.\r\nLorem lorem lorem. Lorem lorem lorem. Lorem lorem lorem.\r\n","PublishDate":"2020-03-27T12:47:31.4580451+00:00"},{"ID":68,"Title":"Book 68","Description":"Lorem lorem lorem. Lorem lorem lorem. Lorem lorem lorem.\r\n","PageCount":6800,"Excerpt":"Lorem lorem lorem. Lorem lorem lorem. Lorem lorem lorem.\r\nLorem lorem lorem. Lorem lorem lorem. Lorem lorem lorem.\r\nLorem lorem lorem. Lorem lorem lorem. Lorem lorem lorem.\r\nLorem lorem lorem. Lorem lorem lorem. Lorem lorem lorem.\r\nLorem lorem lorem. Lorem lorem lorem. Lorem lorem lorem.\r\n","PublishDate":"2020-03-26T12:47:31.4580451+00:00"},{"ID":69,"Title":"Book 69","Description":"Lorem lorem lorem. Lorem lorem lorem. Lorem lorem lorem.\r\n","PageCount":6900,"Excerpt":"Lorem lorem lorem. Lorem lorem lorem. Lorem lorem lorem.\r\nLorem lorem lorem. Lorem lorem lorem. Lorem lorem lorem.\r\nLorem lorem lorem. Lorem lorem lorem. Lorem lorem lorem.\r\nLorem lorem lorem. Lorem lorem lorem. Lorem lorem lorem.\r\nLorem lorem lorem. Lorem lorem lorem. Lorem lorem lorem.\r\n","PublishDate":"2020-03-25T12:47:31.4580451+00:00"},{"ID":70,"Title":"Book 70","Description":"Lorem lorem lorem. Lorem lorem lorem. Lorem lorem lorem.\r\n","PageCount":7000,"Excerpt":"Lorem lorem lorem. Lorem lorem lorem. Lorem lorem lorem.\r\nLorem lorem lorem. Lorem lorem lorem. Lorem lorem lorem.\r\nLorem lorem lorem. Lorem lorem lorem. Lorem lorem lorem.\r\nLorem lorem lorem. Lorem lorem lorem. Lorem lorem lorem.\r\nLorem lorem lorem. Lorem lorem lorem. Lorem lorem lorem.\r\n","PublishDate":"2020-03-24T12:47:31.4580451+00:00"},{"ID":71,"Title":"Book 71","Description":"Lorem lorem lorem. Lorem lorem lorem. Lorem lorem lorem.\r\n","PageCount":7100,"Excerpt":"Lorem lorem lorem. Lorem lorem lorem. Lorem lorem lorem.\r\nLorem lorem lorem. Lorem lorem lorem. Lorem lorem lorem.\r\nLorem lorem lorem. Lorem lorem lorem. Lorem lorem lorem.\r\nLorem lorem lorem. Lorem lorem lorem. Lorem lorem lorem.\r\nLorem lorem lorem. Lorem lorem lorem. Lorem lorem lorem.\r\n","PublishDate":"2020-03-23T12:47:31.4580451+00:00"},{"ID":72,"Title":"Book 72","Description":"Lorem lorem lorem. Lorem lorem lorem. Lorem lorem lorem.\r\n","PageCount":7200,"Excerpt":"Lorem lorem lorem. Lorem lorem lorem. Lorem lorem lorem.\r\nLorem lorem lorem. Lorem lorem lorem. Lorem lorem lorem.\r\nLorem lorem lorem. Lorem lorem lorem. Lorem lorem lorem.\r\nLorem lorem lorem. Lorem lorem lorem. Lorem lorem lorem.\r\nLorem lorem lorem. Lorem lorem lorem. Lorem lorem lorem.\r\n","PublishDate":"2020-03-22T12:47:31.4580451+00:00"},{"ID":73,"Title":"Book 73","Description":"Lorem lorem lorem. Lorem lorem lorem. Lorem lorem lorem.\r\n","PageCount":7300,"Excerpt":"Lorem lorem lorem. Lorem lorem lorem. Lorem lorem lorem.\r\nLorem lorem lorem. Lorem lorem lorem. Lorem lorem lorem.\r\nLorem lorem lorem. Lorem lorem lorem. Lorem lorem lorem.\r\nLorem lorem lorem. Lorem lorem lorem. Lorem lorem lorem.\r\nLorem lorem lorem. Lorem lorem lorem. Lorem lorem lorem.\r\n","PublishDate":"2020-03-21T12:47:31.4580451+00:00"},{"ID":74,"Title":"Book 74","Description":"Lorem lorem lorem. Lorem lorem lorem. Lorem lorem lorem.\r\n","PageCount":7400,"Excerpt":"Lorem lorem lorem. Lorem lorem lorem. Lorem lorem lorem.\r\nLorem lorem lorem. Lorem lorem lorem. Lorem lorem lorem.\r\nLorem lorem lorem. Lorem lorem lorem. Lorem lorem lorem.\r\nLorem lorem lorem. Lorem lorem lorem. Lorem lorem lorem.\r\nLorem lorem lorem. Lorem lorem lorem. Lorem lorem lorem.\r\n","PublishDate":"2020-03-20T12:47:31.4580451+00:00"},{"ID":75,"Title":"Book 75","Description":"Lorem lorem lorem. Lorem lorem lorem. Lorem lorem lorem.\r\n","PageCount":7500,"Excerpt":"Lorem lorem lorem. Lorem lorem lorem. Lorem lorem lorem.\r\nLorem lorem lorem. Lorem lorem lorem. Lorem lorem lorem.\r\nLorem lorem lorem. Lorem lorem lorem. Lorem lorem lorem.\r\nLorem lorem lorem. Lorem lorem lorem. Lorem lorem lorem.\r\nLorem lorem lorem. Lorem lorem lorem. Lorem lorem lorem.\r\n","PublishDate":"2020-03-19T12:47:31.4580451+00:00"},{"ID":76,"Title":"Book 76","Description":"Lorem lorem lorem. Lorem lorem lorem. Lorem lorem lorem.\r\n","PageCount":7600,"Excerpt":"Lorem lorem lorem. Lorem lorem lorem. Lorem lorem lorem.\r\nLorem lorem lorem. Lorem lorem lorem. Lorem lorem lorem.\r\nLorem lorem lorem. Lorem lorem lorem. Lorem lorem lorem.\r\nLorem lorem lorem. Lorem lorem lorem. Lorem lorem lorem.\r\nLorem lorem lorem. Lorem lorem lorem. Lorem lorem lorem.\r\n","PublishDate":"2020-03-18T12:47:31.4580451+00:00"},{"ID":77,"Title":"Book 77","Description":"Lorem lorem lorem. Lorem lorem lorem. Lorem lorem lorem.\r\n","PageCount":7700,"Excerpt":"Lorem lorem lorem. Lorem lorem lorem. Lorem lorem lorem.\r\nLorem lorem lorem. Lorem lorem lorem. Lorem lorem lorem.\r\nLorem lorem lorem. Lorem lorem lorem. Lorem lorem lorem.\r\nLorem lorem lorem. Lorem lorem lorem. Lorem lorem lorem.\r\nLorem lorem lorem. Lorem lorem lorem. Lorem lorem lorem.\r\n","PublishDate":"2020-03-17T12:47:31.4580451+00:00"},{"ID":78,"Title":"Book 78","Description":"Lorem lorem lorem. Lorem lorem lorem. Lorem lorem lorem.\r\n","PageCount":7800,"Excerpt":"Lorem lorem lorem. Lorem lorem lorem. Lorem lorem lorem.\r\nLorem lorem lorem. Lorem lorem lorem. Lorem lorem lorem.\r\nLorem lorem lorem. Lorem lorem lorem. Lorem lorem lorem.\r\nLorem lorem lorem. Lorem lorem lorem. Lorem lorem lorem.\r\nLorem lorem lorem. Lorem lorem lorem. Lorem lorem lorem.\r\n","PublishDate":"2020-03-16T12:47:31.4580451+00:00"},{"ID":79,"Title":"Book 79","Description":"Lorem lorem lorem. Lorem lorem lorem. Lorem lorem lorem.\r\n","PageCount":7900,"Excerpt":"Lorem lorem lorem. Lorem lorem lorem. Lorem lorem lorem.\r\nLorem lorem lorem. Lorem lorem lorem. Lorem lorem lorem.\r\nLorem lorem lorem. Lorem lorem lorem. Lorem lorem lorem.\r\nLorem lorem lorem. Lorem lorem lorem. Lorem lorem lorem.\r\nLorem lorem lorem. Lorem lorem lorem. Lorem lorem lorem.\r\n","PublishDate":"2020-03-15T12:47:31.4580451+00:00"},{"ID":80,"Title":"Book 80","Description":"Lorem lorem lorem. Lorem lorem lorem. Lorem lorem lorem.\r\n","PageCount":8000,"Excerpt":"Lorem lorem lorem. Lorem lorem lorem. Lorem lorem lorem.\r\nLorem lorem lorem. Lorem lorem lorem. Lorem lorem lorem.\r\nLorem lorem lorem. Lorem lorem lorem. Lorem lorem lorem.\r\nLorem lorem lorem. Lorem lorem lorem. Lorem lorem lorem.\r\nLorem lorem lorem. Lorem lorem lorem. Lorem lorem lorem.\r\n","PublishDate":"2020-03-14T12:47:31.4580451+00:00"},{"ID":81,"Title":"Book 81","Description":"Lorem lorem lorem. Lorem lorem lorem. Lorem lorem lorem.\r\n","PageCount":8100,"Excerpt":"Lorem lorem lorem. Lorem lorem lorem. Lorem lorem lorem.\r\nLorem lorem lorem. Lorem lorem lorem. Lorem lorem lorem.\r\nLorem lorem lorem. Lorem lorem lorem. Lorem lorem lorem.\r\nLorem lorem lorem. Lorem lorem lorem. Lorem lorem lorem.\r\nLorem lorem lorem. Lorem lorem lorem. Lorem lorem lorem.\r\n","PublishDate":"2020-03-13T12:47:31.4580451+00:00"},{"ID":82,"Title":"Book 82","Description":"Lorem lorem lorem. Lorem lorem lorem. Lorem lorem lorem.\r\n","PageCount":8200,"Excerpt":"Lorem lorem lorem. Lorem lorem lorem. Lorem lorem lorem.\r\nLorem lorem lorem. Lorem lorem lorem. Lorem lorem lorem.\r\nLorem lorem lorem. Lorem lorem lorem. Lorem lorem lorem.\r\nLorem lorem lorem. Lorem lorem lorem. Lorem lorem lorem.\r\nLorem lorem lorem. Lorem lorem lorem. Lorem lorem lorem.\r\n","PublishDate":"2020-03-12T12:47:31.4580451+00:00"},{"ID":83,"Title":"Book 83","Description":"Lorem lorem lorem. Lorem lorem lorem. Lorem lorem lorem.\r\n","PageCount":8300,"Excerpt":"Lorem lorem lorem. Lorem lorem lorem. Lorem lorem lorem.\r\nLorem lorem lorem. Lorem lorem lorem. Lorem lorem lorem.\r\nLorem lorem lorem. Lorem lorem lorem. Lorem lorem lorem.\r\nLorem lorem lorem. Lorem lorem lorem. Lorem lorem lorem.\r\nLorem lorem lorem. Lorem lorem lorem. Lorem lorem lorem.\r\n","PublishDate":"2020-03-11T12:47:31.4580451+00:00"},{"ID":84,"Title":"Book 84","Description":"Lorem lorem lorem. Lorem lorem lorem. Lorem lorem lorem.\r\n","PageCount":8400,"Excerpt":"Lorem lorem lorem. Lorem lorem lorem. Lorem lorem lorem.\r\nLorem lorem lorem. Lorem lorem lorem. Lorem lorem lorem.\r\nLorem lorem lorem. Lorem lorem lorem. Lorem lorem lorem.\r\nLorem lorem lorem. Lorem lorem lorem. Lorem lorem lorem.\r\nLorem lorem lorem. Lorem lorem lorem. Lorem lorem lorem.\r\n","PublishDate":"2020-03-10T12:47:31.4580451+00:00"},{"ID":85,"Title":"Book 85","Description":"Lorem lorem lorem. Lorem lorem lorem. Lorem lorem lorem.\r\n","PageCount":8500,"Excerpt":"Lorem lorem lorem. Lorem lorem lorem. Lorem lorem lorem.\r\nLorem lorem lorem. Lorem lorem lorem. Lorem lorem lorem.\r\nLorem lorem lorem. Lorem lorem lorem. Lorem lorem lorem.\r\nLorem lorem lorem. Lorem lorem lorem. Lorem lorem lorem.\r\nLorem lorem lorem. Lorem lorem lorem. Lorem lorem lorem.\r\n","PublishDate":"2020-03-09T12:47:31.4580451+00:00"},{"ID":86,"Title":"Book 86","Description":"Lorem lorem lorem. Lorem lorem lorem. Lorem lorem lorem.\r\n","PageCount":8600,"Excerpt":"Lorem lorem lorem. Lorem lorem lorem. Lorem lorem lorem.\r\nLorem lorem lorem. Lorem lorem lorem. Lorem lorem lorem.\r\nLorem lorem lorem. Lorem lorem lorem. Lorem lorem lorem.\r\nLorem lorem lorem. Lorem lorem lorem. Lorem lorem lorem.\r\nLorem lorem lorem. Lorem lorem lorem. Lorem lorem lorem.\r\n","PublishDate":"2020-03-08T12:47:31.4580451+00:00"},{"ID":87,"Title":"Book 87","Description":"Lorem lorem lorem. Lorem lorem lorem. Lorem lorem lorem.\r\n","PageCount":8700,"Excerpt":"Lorem lorem lorem. Lorem lorem lorem. Lorem lorem lorem.\r\nLorem lorem lorem. Lorem lorem lorem. Lorem lorem lorem.\r\nLorem lorem lorem. Lorem lorem lorem. Lorem lorem lorem.\r\nLorem lorem lorem. Lorem lorem lorem. Lorem lorem lorem.\r\nLorem lorem lorem. Lorem lorem lorem. Lorem lorem lorem.\r\n","PublishDate":"2020-03-07T12:47:31.4580451+00:00"},{"ID":88,"Title":"Book 88","Description":"Lorem lorem lorem. Lorem lorem lorem. Lorem lorem lorem.\r\n","PageCount":8800,"Excerpt":"Lorem lorem lorem. Lorem lorem lorem. Lorem lorem lorem.\r\nLorem lorem lorem. Lorem lorem lorem. Lorem lorem lorem.\r\nLorem lorem lorem. Lorem lorem lorem. Lorem lorem lorem.\r\nLorem lorem lorem. Lorem lorem lorem. Lorem lorem lorem.\r\nLorem lorem lorem. Lorem lorem lorem. Lorem lorem lorem.\r\n","PublishDate":"2020-03-06T12:47:31.4580451+00:00"},{"ID":89,"Title":"Book 89","Description":"Lorem lorem lorem. Lorem lorem lorem. Lorem lorem lorem.\r\n","PageCount":8900,"Excerpt":"Lorem lorem lorem. Lorem lorem lorem. Lorem lorem lorem.\r\nLorem lorem lorem. Lorem lorem lorem. Lorem lorem lorem.\r\nLorem lorem lorem. Lorem lorem lorem. Lorem lorem lorem.\r\nLorem lorem lorem. Lorem lorem lorem. Lorem lorem lorem.\r\nLorem lorem lorem. Lorem lorem lorem. Lorem lorem lorem.\r\n","PublishDate":"2020-03-05T12:47:31.4580451+00:00"},{"ID":90,"Title":"Book 90","Description":"Lorem lorem lorem. Lorem lorem lorem. Lorem lorem lorem.\r\n","PageCount":9000,"Excerpt":"Lorem lorem lorem. Lorem lorem lorem. Lorem lorem lorem.\r\nLorem lorem lorem. Lorem lorem lorem. Lorem lorem lorem.\r\nLorem lorem lorem. Lorem lorem lorem. Lorem lorem lorem.\r\nLorem lorem lorem. Lorem lorem lorem. Lorem lorem lorem.\r\nLorem lorem lorem. Lorem lorem lorem. Lorem lorem lorem.\r\n","PublishDate":"2020-03-04T12:47:31.4580451+00:00"},{"ID":91,"Title":"Book 91","Description":"Lorem lorem lorem. Lorem lorem lorem. Lorem lorem lorem.\r\n","PageCount":9100,"Excerpt":"Lorem lorem lorem. Lorem lorem lorem. Lorem lorem lorem.\r\nLorem lorem lorem. Lorem lorem lorem. Lorem lorem lorem.\r\nLorem lorem lorem. Lorem lorem lorem. Lorem lorem lorem.\r\nLorem lorem lorem. Lorem lorem lorem. Lorem lorem lorem.\r\nLorem lorem lorem. Lorem lorem lorem. Lorem lorem lorem.\r\n","PublishDate":"2020-03-03T12:47:31.4580451+00:00"},{"ID":92,"Title":"Book 92","Description":"Lorem lorem lorem. Lorem lorem lorem. Lorem lorem lorem.\r\n","PageCount":9200,"Excerpt":"Lorem lorem lorem. Lorem lorem lorem. Lorem lorem lorem.\r\nLorem lorem lorem. Lorem lorem lorem. Lorem lorem lorem.\r\nLorem lorem lorem. Lorem lorem lorem. Lorem lorem lorem.\r\nLorem lorem lorem. Lorem lorem lorem. Lorem lorem lorem.\r\nLorem lorem lorem. Lorem lorem lorem. Lorem lorem lorem.\r\n","PublishDate":"2020-03-02T12:47:31.4580451+00:00"},{"ID":93,"Title":"Book 93","Description":"Lorem lorem lorem. Lorem lorem lorem. Lorem lorem lorem.\r\n","PageCount":9300,"Excerpt":"Lorem lorem lorem. Lorem lorem lorem. Lorem lorem lorem.\r\nLorem lorem lorem. Lorem lorem lorem. Lorem lorem lorem.\r\nLorem lorem lorem. Lorem lorem lorem. Lorem lorem lorem.\r\nLorem lorem lorem. Lorem lorem lorem. Lorem lorem lorem.\r\nLorem lorem lorem. Lorem lorem lorem. Lorem lorem lorem.\r\n","PublishDate":"2020-03-01T12:47:31.4580451+00:00"},{"ID":94,"Title":"Book 94","Description":"Lorem lorem lorem. Lorem lorem lorem. Lorem lorem lorem.\r\n","PageCount":9400,"Excerpt":"Lorem lorem lorem. Lorem lorem lorem. Lorem lorem lorem.\r\nLorem lorem lorem. Lorem lorem lorem. Lorem lorem lorem.\r\nLorem lorem lorem. Lorem lorem lorem. Lorem lorem lorem.\r\nLorem lorem lorem. Lorem lorem lorem. Lorem lorem lorem.\r\nLorem lorem lorem. Lorem lorem lorem. Lorem lorem lorem.\r\n","PublishDate":"2020-02-29T12:47:31.4580451+00:00"},{"ID":95,"Title":"Book 95","Description":"Lorem lorem lorem. Lorem lorem lorem. Lorem lorem lorem.\r\n","PageCount":9500,"Excerpt":"Lorem lorem lorem. Lorem lorem lorem. Lorem lorem lorem.\r\nLorem lorem lorem. Lorem lorem lorem. Lorem lorem lorem.\r\nLorem lorem lorem. Lorem lorem lorem. Lorem lorem lorem.\r\nLorem lorem lorem. Lorem lorem lorem. Lorem lorem lorem.\r\nLorem lorem lorem. Lorem lorem lorem. Lorem lorem lorem.\r\n","PublishDate":"2020-02-28T12:47:31.4580451+00:00"},{"ID":96,"Title":"Book 96","Description":"Lorem lorem lorem. Lorem lorem lorem. Lorem lorem lorem.\r\n","PageCount":9600,"Excerpt":"Lorem lorem lorem. Lorem lorem lorem. Lorem lorem lorem.\r\nLorem lorem lorem. Lorem lorem lorem. Lorem lorem lorem.\r\nLorem lorem lorem. Lorem lorem lorem. Lorem lorem lorem.\r\nLorem lorem lorem. Lorem lorem lorem. Lorem lorem lorem.\r\nLorem lorem lorem. Lorem lorem lorem. Lorem lorem lorem.\r\n","PublishDate":"2020-02-27T12:47:31.4580451+00:00"},{"ID":97,"Title":"Book 97","Description":"Lorem lorem lorem. Lorem lorem lorem. Lorem lorem lorem.\r\n","PageCount":9700,"Excerpt":"Lorem lorem lorem. Lorem lorem lorem. Lorem lorem lorem.\r\nLorem lorem lorem. Lorem lorem lorem. Lorem lorem lorem.\r\nLorem lorem lorem. Lorem lorem lorem. Lorem lorem lorem.\r\nLorem lorem lorem. Lorem lorem lorem. Lorem lorem lorem.\r\nLorem lorem lorem. Lorem lorem lorem. Lorem lorem lorem.\r\n","PublishDate":"2020-02-26T12:47:31.4580451+00:00"},{"ID":98,"Title":"Book 98","Description":"Lorem lorem lorem. Lorem lorem lorem. Lorem lorem lorem.\r\n","PageCount":9800,"Excerpt":"Lorem lorem lorem. Lorem lorem lorem. Lorem lorem lorem.\r\nLorem lorem lorem. Lorem lorem lorem. Lorem lorem lorem.\r\nLorem lorem lorem. Lorem lorem lorem. Lorem lorem lorem.\r\nLorem lorem lorem. Lorem lorem lorem. Lorem lorem lorem.\r\nLorem lorem lorem. Lorem lorem lorem. Lorem lorem lorem.\r\n","PublishDate":"2020-02-25T12:47:31.4580451+00:00"},{"ID":99,"Title":"Book 99","Description":"Lorem lorem lorem. Lorem lorem lorem. Lorem lorem lorem.\r\n","PageCount":9900,"Excerpt":"Lorem lorem lorem. Lorem lorem lorem. Lorem lorem lorem.\r\nLorem lorem lorem. Lorem lorem lorem. Lorem lorem lorem.\r\nLorem lorem lorem. Lorem lorem lorem. Lorem lorem lorem.\r\nLorem lorem lorem. Lorem lorem lorem. Lorem lorem lorem.\r\nLorem lorem lorem. Lorem lorem lorem. Lorem lorem lorem.\r\n","PublishDate":"2020-02-24T12:47:31.4580451+00:00"},{"ID":100,"Title":"Book 100","Description":"Lorem lorem lorem. Lorem lorem lorem. Lorem lorem lorem.\r\n","PageCount":10000,"Excerpt":"Lorem lorem lorem. Lorem lorem lorem. Lorem lorem lorem.\r\nLorem lorem lorem. Lorem lorem lorem. Lorem lorem lorem.\r\nLorem lorem lorem. Lorem lorem lorem. Lorem lorem lorem.\r\nLorem lorem lorem. Lorem lorem lorem. Lorem lorem lorem.\r\nLorem lorem lorem. Lorem lorem lorem. Lorem lorem lorem.\r\n","PublishDate":"2020-02-23T12:47:31.4580451+00:00"},{"ID":101,"Title":"Book 101","Description":"Lorem lorem lorem. Lorem lorem lorem. Lorem lorem lorem.\r\n","PageCount":10100,"Excerpt":"Lorem lorem lorem. Lorem lorem lorem. Lorem lorem lorem.\r\nLorem lorem lorem. Lorem lorem lorem. Lorem lorem lorem.\r\nLorem lorem lorem. Lorem lorem lorem. Lorem lorem lorem.\r\nLorem lorem lorem. Lorem lorem lorem. Lorem lorem lorem.\r\nLorem lorem lorem. Lorem lorem lorem. Lorem lorem lorem.\r\n","PublishDate":"2020-02-22T12:47:31.4580451+00:00"},{"ID":102,"Title":"Book 102","Description":"Lorem lorem lorem. Lorem lorem lorem. Lorem lorem lorem.\r\n","PageCount":10200,"Excerpt":"Lorem lorem lorem. Lorem lorem lorem. Lorem lorem lorem.\r\nLorem lorem lorem. Lorem lorem lorem. Lorem lorem lorem.\r\nLorem lorem lorem. Lorem lorem lorem. Lorem lorem lorem.\r\nLorem lorem lorem. Lorem lorem lorem. Lorem lorem lorem.\r\nLorem lorem lorem. Lorem lorem lorem. Lorem lorem lorem.\r\n","PublishDate":"2020-02-21T12:47:31.4580451+00:00"},{"ID":103,"Title":"Book 103","Description":"Lorem lorem lorem. Lorem lorem lorem. Lorem lorem lorem.\r\n","PageCount":10300,"Excerpt":"Lorem lorem lorem. Lorem lorem lorem. Lorem lorem lorem.\r\nLorem lorem lorem. Lorem lorem lorem. Lorem lorem lorem.\r\nLorem lorem lorem. Lorem lorem lorem. Lorem lorem lorem.\r\nLorem lorem lorem. Lorem lorem lorem. Lorem lorem lorem.\r\nLorem lorem lorem. Lorem lorem lorem. Lorem lorem lorem.\r\n","PublishDate":"2020-02-20T12:47:31.4580451+00:00"},{"ID":104,"Title":"Book 104","Description":"Lorem lorem lorem. Lorem lorem lorem. Lorem lorem lorem.\r\n","PageCount":10400,"Excerpt":"Lorem lorem lorem. Lorem lorem lorem. Lorem lorem lorem.\r\nLorem lorem lorem. Lorem lorem lorem. Lorem lorem lorem.\r\nLorem lorem lorem. Lorem lorem lorem. Lorem lorem lorem.\r\nLorem lorem lorem. Lorem lorem lorem. Lorem lorem lorem.\r\nLorem lorem lorem. Lorem lorem lorem. Lorem lorem lorem.\r\n","PublishDate":"2020-02-19T12:47:31.4580451+00:00"},{"ID":105,"Title":"Book 105","Description":"Lorem lorem lorem. Lorem lorem lorem. Lorem lorem lorem.\r\n","PageCount":10500,"Excerpt":"Lorem lorem lorem. Lorem lorem lorem. Lorem lorem lorem.\r\nLorem lorem lorem. Lorem lorem lorem. Lorem lorem lorem.\r\nLorem lorem lorem. Lorem lorem lorem. Lorem lorem lorem.\r\nLorem lorem lorem. Lorem lorem lorem. Lorem lorem lorem.\r\nLorem lorem lorem. Lorem lorem lorem. Lorem lorem lorem.\r\n","PublishDate":"2020-02-18T12:47:31.4580451+00:00"},{"ID":106,"Title":"Book 106","Description":"Lorem lorem lorem. Lorem lorem lorem. Lorem lorem lorem.\r\n","PageCount":10600,"Excerpt":"Lorem lorem lorem. Lorem lorem lorem. Lorem lorem lorem.\r\nLorem lorem lorem. Lorem lorem lorem. Lorem lorem lorem.\r\nLorem lorem lorem. Lorem lorem lorem. Lorem lorem lorem.\r\nLorem lorem lorem. Lorem lorem lorem. Lorem lorem lorem.\r\nLorem lorem lorem. Lorem lorem lorem. Lorem lorem lorem.\r\n","PublishDate":"2020-02-17T12:47:31.4580451+00:00"},{"ID":107,"Title":"Book 107","Description":"Lorem lorem lorem. Lorem lorem lorem. Lorem lorem lorem.\r\n","PageCount":10700,"Excerpt":"Lorem lorem lorem. Lorem lorem lorem. Lorem lorem lorem.\r\nLorem lorem lorem. Lorem lorem lorem. Lorem lorem lorem.\r\nLorem lorem lorem. Lorem lorem lorem. Lorem lorem lorem.\r\nLorem lorem lorem. Lorem lorem lorem. Lorem lorem lorem.\r\nLorem lorem lorem. Lorem lorem lorem. Lorem lorem lorem.\r\n","PublishDate":"2020-02-16T12:47:31.4580451+00:00"},{"ID":108,"Title":"Book 108","Description":"Lorem lorem lorem. Lorem lorem lorem. Lorem lorem lorem.\r\n","PageCount":10800,"Excerpt":"Lorem lorem lorem. Lorem lorem lorem. Lorem lorem lorem.\r\nLorem lorem lorem. Lorem lorem lorem. Lorem lorem lorem.\r\nLorem lorem lorem. Lorem lorem lorem. Lorem lorem lorem.\r\nLorem lorem lorem. Lorem lorem lorem. Lorem lorem lorem.\r\nLorem lorem lorem. Lorem lorem lorem. Lorem lorem lorem.\r\n","PublishDate":"2020-02-15T12:47:31.4580451+00:00"},{"ID":109,"Title":"Book 109","Description":"Lorem lorem lorem. Lorem lorem lorem. Lorem lorem lorem.\r\n","PageCount":10900,"Excerpt":"Lorem lorem lorem. Lorem lorem lorem. Lorem lorem lorem.\r\nLorem lorem lorem. Lorem lorem lorem. Lorem lorem lorem.\r\nLorem lorem lorem. Lorem lorem lorem. Lorem lorem lorem.\r\nLorem lorem lorem. Lorem lorem lorem. Lorem lorem lorem.\r\nLorem lorem lorem. Lorem lorem lorem. Lorem lorem lorem.\r\n","PublishDate":"2020-02-14T12:47:31.4580451+00:00"},{"ID":110,"Title":"Book 110","Description":"Lorem lorem lorem. Lorem lorem lorem. Lorem lorem lorem.\r\n","PageCount":11000,"Excerpt":"Lorem lorem lorem. Lorem lorem lorem. Lorem lorem lorem.\r\nLorem lorem lorem. Lorem lorem lorem. Lorem lorem lorem.\r\nLorem lorem lorem. Lorem lorem lorem. Lorem lorem lorem.\r\nLorem lorem lorem. Lorem lorem lorem. Lorem lorem lorem.\r\nLorem lorem lorem. Lorem lorem lorem. Lorem lorem lorem.\r\n","PublishDate":"2020-02-13T12:47:31.4580451+00:00"},{"ID":111,"Title":"Book 111","Description":"Lorem lorem lorem. Lorem lorem lorem. Lorem lorem lorem.\r\n","PageCount":11100,"Excerpt":"Lorem lorem lorem. Lorem lorem lorem. Lorem lorem lorem.\r\nLorem lorem lorem. Lorem lorem lorem. Lorem lorem lorem.\r\nLorem lorem lorem. Lorem lorem lorem. Lorem lorem lorem.\r\nLorem lorem lorem. Lorem lorem lorem. Lorem lorem lorem.\r\nLorem lorem lorem. Lorem lorem lorem. Lorem lorem lorem.\r\n","PublishDate":"2020-02-12T12:47:31.4580451+00:00"},{"ID":112,"Title":"Book 112","Description":"Lorem lorem lorem. Lorem lorem lorem. Lorem lorem lorem.\r\n","PageCount":11200,"Excerpt":"Lorem lorem lorem. Lorem lorem lorem. Lorem lorem lorem.\r\nLorem lorem lorem. Lorem lorem lorem. Lorem lorem lorem.\r\nLorem lorem lorem. Lorem lorem lorem. Lorem lorem lorem.\r\nLorem lorem lorem. Lorem lorem lorem. Lorem lorem lorem.\r\nLorem lorem lorem. Lorem lorem lorem. Lorem lorem lorem.\r\n","PublishDate":"2020-02-11T12:47:31.4580451+00:00"},{"ID":113,"Title":"Book 113","Description":"Lorem lorem lorem. Lorem lorem lorem. Lorem lorem lorem.\r\n","PageCount":11300,"Excerpt":"Lorem lorem lorem. Lorem lorem lorem. Lorem lorem lorem.\r\nLorem lorem lorem. Lorem lorem lorem. Lorem lorem lorem.\r\nLorem lorem lorem. Lorem lorem lorem. Lorem lorem lorem.\r\nLorem lorem lorem. Lorem lorem lorem. Lorem lorem lorem.\r\nLorem lorem lorem. Lorem lorem lorem. Lorem lorem lorem.\r\n","PublishDate":"2020-02-10T12:47:31.4580451+00:00"},{"ID":114,"Title":"Book 114","Description":"Lorem lorem lorem. Lorem lorem lorem. Lorem lorem lorem.\r\n","PageCount":11400,"Excerpt":"Lorem lorem lorem. Lorem lorem lorem. Lorem lorem lorem.\r\nLorem lorem lorem. Lorem lorem lorem. Lorem lorem lorem.\r\nLorem lorem lorem. Lorem lorem lorem. Lorem lorem lorem.\r\nLorem lorem lorem. Lorem lorem lorem. Lorem lorem lorem.\r\nLorem lorem lorem. Lorem lorem lorem. Lorem lorem lorem.\r\n","PublishDate":"2020-02-09T12:47:31.4580451+00:00"},{"ID":115,"Title":"Book 115","Description":"Lorem lorem lorem. Lorem lorem lorem. Lorem lorem lorem.\r\n","PageCount":11500,"Excerpt":"Lorem lorem lorem. Lorem lorem lorem. Lorem lorem lorem.\r\nLorem lorem lorem. Lorem lorem lorem. Lorem lorem lorem.\r\nLorem lorem lorem. Lorem lorem lorem. Lorem lorem lorem.\r\nLorem lorem lorem. Lorem lorem lorem. Lorem lorem lorem.\r\nLorem lorem lorem. Lorem lorem lorem. Lorem lorem lorem.\r\n","PublishDate":"2020-02-08T12:47:31.4580451+00:00"},{"ID":116,"Title":"Book 116","Description":"Lorem lorem lorem. Lorem lorem lorem. Lorem lorem lorem.\r\n","PageCount":11600,"Excerpt":"Lorem lorem lorem. Lorem lorem lorem. Lorem lorem lorem.\r\nLorem lorem lorem. Lorem lorem lorem. Lorem lorem lorem.\r\nLorem lorem lorem. Lorem lorem lorem. Lorem lorem lorem.\r\nLorem lorem lorem. Lorem lorem lorem. Lorem lorem lorem.\r\nLorem lorem lorem. Lorem lorem lorem. Lorem lorem lorem.\r\n","PublishDate":"2020-02-07T12:47:31.4580451+00:00"},{"ID":117,"Title":"Book 117","Description":"Lorem lorem lorem. Lorem lorem lorem. Lorem lorem lorem.\r\n","PageCount":11700,"Excerpt":"Lorem lorem lorem. Lorem lorem lorem. Lorem lorem lorem.\r\nLorem lorem lorem. Lorem lorem lorem. Lorem lorem lorem.\r\nLorem lorem lorem. Lorem lorem lorem. Lorem lorem lorem.\r\nLorem lorem lorem. Lorem lorem lorem. Lorem lorem lorem.\r\nLorem lorem lorem. Lorem lorem lorem. Lorem lorem lorem.\r\n","PublishDate":"2020-02-06T12:47:31.4580451+00:00"},{"ID":118,"Title":"Book 118","Description":"Lorem lorem lorem. Lorem lorem lorem. Lorem lorem lorem.\r\n","PageCount":11800,"Excerpt":"Lorem lorem lorem. Lorem lorem lorem. Lorem lorem lorem.\r\nLorem lorem lorem. Lorem lorem lorem. Lorem lorem lorem.\r\nLorem lorem lorem. Lorem lorem lorem. Lorem lorem lorem.\r\nLorem lorem lorem. Lorem lorem lorem. Lorem lorem lorem.\r\nLorem lorem lorem. Lorem lorem lorem. Lorem lorem lorem.\r\n","PublishDate":"2020-02-05T12:47:31.4580451+00:00"},{"ID":119,"Title":"Book 119","Description":"Lorem lorem lorem. Lorem lorem lorem. Lorem lorem lorem.\r\n","PageCount":11900,"Excerpt":"Lorem lorem lorem. Lorem lorem lorem. Lorem lorem lorem.\r\nLorem lorem lorem. Lorem lorem lorem. Lorem lorem lorem.\r\nLorem lorem lorem. Lorem lorem lorem. Lorem lorem lorem.\r\nLorem lorem lorem. Lorem lorem lorem. Lorem lorem lorem.\r\nLorem lorem lorem. Lorem lorem lorem. Lorem lorem lorem.\r\n","PublishDate":"2020-02-04T12:47:31.4580451+00:00"},{"ID":120,"Title":"Book 120","Description":"Lorem lorem lorem. Lorem lorem lorem. Lorem lorem lorem.\r\n","PageCount":12000,"Excerpt":"Lorem lorem lorem. Lorem lorem lorem. Lorem lorem lorem.\r\nLorem lorem lorem. Lorem lorem lorem. Lorem lorem lorem.\r\nLorem lorem lorem. Lorem lorem lorem. Lorem lorem lorem.\r\nLorem lorem lorem. Lorem lorem lorem. Lorem lorem lorem.\r\nLorem lorem lorem. Lorem lorem lorem. Lorem lorem lorem.\r\n","PublishDate":"2020-02-03T12:47:31.4580451+00:00"},{"ID":121,"Title":"Book 121","Description":"Lorem lorem lorem. Lorem lorem lorem. Lorem lorem lorem.\r\n","PageCount":12100,"Excerpt":"Lorem lorem lorem. Lorem lorem lorem. Lorem lorem lorem.\r\nLorem lorem lorem. Lorem lorem lorem. Lorem lorem lorem.\r\nLorem lorem lorem. Lorem lorem lorem. Lorem lorem lorem.\r\nLorem lorem lorem. Lorem lorem lorem. Lorem lorem lorem.\r\nLorem lorem lorem. Lorem lorem lorem. Lorem lorem lorem.\r\n","PublishDate":"2020-02-02T12:47:31.4580451+00:00"},{"ID":122,"Title":"Book 122","Description":"Lorem lorem lorem. Lorem lorem lorem. Lorem lorem lorem.\r\n","PageCount":12200,"Excerpt":"Lorem lorem lorem. Lorem lorem lorem. Lorem lorem lorem.\r\nLorem lorem lorem. Lorem lorem lorem. Lorem lorem lorem.\r\nLorem lorem lorem. Lorem lorem lorem. Lorem lorem lorem.\r\nLorem lorem lorem. Lorem lorem lorem. Lorem lorem lorem.\r\nLorem lorem lorem. Lorem lorem lorem. Lorem lorem lorem.\r\n","PublishDate":"2020-02-01T12:47:31.4580451+00:00"},{"ID":123,"Title":"Book 123","Description":"Lorem lorem lorem. Lorem lorem lorem. Lorem lorem lorem.\r\n","PageCount":12300,"Excerpt":"Lorem lorem lorem. Lorem lorem lorem. Lorem lorem lorem.\r\nLorem lorem lorem. Lorem lorem lorem. Lorem lorem lorem.\r\nLorem lorem lorem. Lorem lorem lorem. Lorem lorem lorem.\r\nLorem lorem lorem. Lorem lorem lorem. Lorem lorem lorem.\r\nLorem lorem lorem. Lorem lorem lorem. Lorem lorem lorem.\r\n","PublishDate":"2020-01-31T12:47:31.4580451+00:00"},{"ID":124,"Title":"Book 124","Description":"Lorem lorem lorem. Lorem lorem lorem. Lorem lorem lorem.\r\n","PageCount":12400,"Excerpt":"Lorem lorem lorem. Lorem lorem lorem. Lorem lorem lorem.\r\nLorem lorem lorem. Lorem lorem lorem. Lorem lorem lorem.\r\nLorem lorem lorem. Lorem lorem lorem. Lorem lorem lorem.\r\nLorem lorem lorem. Lorem lorem lorem. Lorem lorem lorem.\r\nLorem lorem lorem. Lorem lorem lorem. Lorem lorem lorem.\r\n","PublishDate":"2020-01-30T12:47:31.4580451+00:00"},{"ID":125,"Title":"Book 125","Description":"Lorem lorem lorem. Lorem lorem lorem. Lorem lorem lorem.\r\n","PageCount":12500,"Excerpt":"Lorem lorem lorem. Lorem lorem lorem. Lorem lorem lorem.\r\nLorem lorem lorem. Lorem lorem lorem. Lorem lorem lorem.\r\nLorem lorem lorem. Lorem lorem lorem. Lorem lorem lorem.\r\nLorem lorem lorem. Lorem lorem lorem. Lorem lorem lorem.\r\nLorem lorem lorem. Lorem lorem lorem. Lorem lorem lorem.\r\n","PublishDate":"2020-01-29T12:47:31.4580451+00:00"},{"ID":126,"Title":"Book 126","Description":"Lorem lorem lorem. Lorem lorem lorem. Lorem lorem lorem.\r\n","PageCount":12600,"Excerpt":"Lorem lorem lorem. Lorem lorem lorem. Lorem lorem lorem.\r\nLorem lorem lorem. Lorem lorem lorem. Lorem lorem lorem.\r\nLorem lorem lorem. Lorem lorem lorem. Lorem lorem lorem.\r\nLorem lorem lorem. Lorem lorem lorem. Lorem lorem lorem.\r\nLorem lorem lorem. Lorem lorem lorem. Lorem lorem lorem.\r\n","PublishDate":"2020-01-28T12:47:31.4580451+00:00"},{"ID":127,"Title":"Book 127","Description":"Lorem lorem lorem. Lorem lorem lorem. Lorem lorem lorem.\r\n","PageCount":12700,"Excerpt":"Lorem lorem lorem. Lorem lorem lorem. Lorem lorem lorem.\r\nLorem lorem lorem. Lorem lorem lorem. Lorem lorem lorem.\r\nLorem lorem lorem. Lorem lorem lorem. Lorem lorem lorem.\r\nLorem lorem lorem. Lorem lorem lorem. Lorem lorem lorem.\r\nLorem lorem lorem. Lorem lorem lorem. Lorem lorem lorem.\r\n","PublishDate":"2020-01-27T12:47:31.4580451+00:00"},{"ID":128,"Title":"Book 128","Description":"Lorem lorem lorem. Lorem lorem lorem. Lorem lorem lorem.\r\n","PageCount":12800,"Excerpt":"Lorem lorem lorem. Lorem lorem lorem. Lorem lorem lorem.\r\nLorem lorem lorem. Lorem lorem lorem. Lorem lorem lorem.\r\nLorem lorem lorem. Lorem lorem lorem. Lorem lorem lorem.\r\nLorem lorem lorem. Lorem lorem lorem. Lorem lorem lorem.\r\nLorem lorem lorem. Lorem lorem lorem. Lorem lorem lorem.\r\n","PublishDate":"2020-01-26T12:47:31.4580451+00:00"},{"ID":129,"Title":"Book 129","Description":"Lorem lorem lorem. Lorem lorem lorem. Lorem lorem lorem.\r\n","PageCount":12900,"Excerpt":"Lorem lorem lorem. Lorem lorem lorem. Lorem lorem lorem.\r\nLorem lorem lorem. Lorem lorem lorem. Lorem lorem lorem.\r\nLorem lorem lorem. Lorem lorem lorem. Lorem lorem lorem.\r\nLorem lorem lorem. Lorem lorem lorem. Lorem lorem lorem.\r\nLorem lorem lorem. Lorem lorem lorem. Lorem lorem lorem.\r\n","PublishDate":"2020-01-25T12:47:31.4580451+00:00"},{"ID":130,"Title":"Book 130","Description":"Lorem lorem lorem. Lorem lorem lorem. Lorem lorem lorem.\r\n","PageCount":13000,"Excerpt":"Lorem lorem lorem. Lorem lorem lorem. Lorem lorem lorem.\r\nLorem lorem lorem. Lorem lorem lorem. Lorem lorem lorem.\r\nLorem lorem lorem. Lorem lorem lorem. Lorem lorem lorem.\r\nLorem lorem lorem. Lorem lorem lorem. Lorem lorem lorem.\r\nLorem lorem lorem. Lorem lorem lorem. Lorem lorem lorem.\r\n","PublishDate":"2020-01-24T12:47:31.4580451+00:00"},{"ID":131,"Title":"Book 131","Description":"Lorem lorem lorem. Lorem lorem lorem. Lorem lorem lorem.\r\n","PageCount":13100,"Excerpt":"Lorem lorem lorem. Lorem lorem lorem. Lorem lorem lorem.\r\nLorem lorem lorem. Lorem lorem lorem. Lorem lorem lorem.\r\nLorem lorem lorem. Lorem lorem lorem. Lorem lorem lorem.\r\nLorem lorem lorem. Lorem lorem lorem. Lorem lorem lorem.\r\nLorem lorem lorem. Lorem lorem lorem. Lorem lorem lorem.\r\n","PublishDate":"2020-01-23T12:47:31.4580451+00:00"},{"ID":132,"Title":"Book 132","Description":"Lorem lorem lorem. Lorem lorem lorem. Lorem lorem lorem.\r\n","PageCount":13200,"Excerpt":"Lorem lorem lorem. Lorem lorem lorem. Lorem lorem lorem.\r\nLorem lorem lorem. Lorem lorem lorem. Lorem lorem lorem.\r\nLorem lorem lorem. Lorem lorem lorem. Lorem lorem lorem.\r\nLorem lorem lorem. Lorem lorem lorem. Lorem lorem lorem.\r\nLorem lorem lorem. Lorem lorem lorem. Lorem lorem lorem.\r\n","PublishDate":"2020-01-22T12:47:31.4580451+00:00"},{"ID":133,"Title":"Book 133","Description":"Lorem lorem lorem. Lorem lorem lorem. Lorem lorem lorem.\r\n","PageCount":13300,"Excerpt":"Lorem lorem lorem. Lorem lorem lorem. Lorem lorem lorem.\r\nLorem lorem lorem. Lorem lorem lorem. Lorem lorem lorem.\r\nLorem lorem lorem. Lorem lorem lorem. Lorem lorem lorem.\r\nLorem lorem lorem. Lorem lorem lorem. Lorem lorem lorem.\r\nLorem lorem lorem. Lorem lorem lorem. Lorem lorem lorem.\r\n","PublishDate":"2020-01-21T12:47:31.4580451+00:00"},{"ID":134,"Title":"Book 134","Description":"Lorem lorem lorem. Lorem lorem lorem. Lorem lorem lorem.\r\n","PageCount":13400,"Excerpt":"Lorem lorem lorem. Lorem lorem lorem. Lorem lorem lorem.\r\nLorem lorem lorem. Lorem lorem lorem. Lorem lorem lorem.\r\nLorem lorem lorem. Lorem lorem lorem. Lorem lorem lorem.\r\nLorem lorem lorem. Lorem lorem lorem. Lorem lorem lorem.\r\nLorem lorem lorem. Lorem lorem lorem. Lorem lorem lorem.\r\n","PublishDate":"2020-01-20T12:47:31.4580451+00:00"},{"ID":135,"Title":"Book 135","Description":"Lorem lorem lorem. Lorem lorem lorem. Lorem lorem lorem.\r\n","PageCount":13500,"Excerpt":"Lorem lorem lorem. Lorem lorem lorem. Lorem lorem lorem.\r\nLorem lorem lorem. Lorem lorem lorem. Lorem lorem lorem.\r\nLorem lorem lorem. Lorem lorem lorem. Lorem lorem lorem.\r\nLorem lorem lorem. Lorem lorem lorem. Lorem lorem lorem.\r\nLorem lorem lorem. Lorem lorem lorem. Lorem lorem lorem.\r\n","PublishDate":"2020-01-19T12:47:31.4580451+00:00"},{"ID":136,"Title":"Book 136","Description":"Lorem lorem lorem. Lorem lorem lorem. Lorem lorem lorem.\r\n","PageCount":13600,"Excerpt":"Lorem lorem lorem. Lorem lorem lorem. Lorem lorem lorem.\r\nLorem lorem lorem. Lorem lorem lorem. Lorem lorem lorem.\r\nLorem lorem lorem. Lorem lorem lorem. Lorem lorem lorem.\r\nLorem lorem lorem. Lorem lorem lorem. Lorem lorem lorem.\r\nLorem lorem lorem. Lorem lorem lorem. Lorem lorem lorem.\r\n","PublishDate":"2020-01-18T12:47:31.4580451+00:00"},{"ID":137,"Title":"Book 137","Description":"Lorem lorem lorem. Lorem lorem lorem. Lorem lorem lorem.\r\n","PageCount":13700,"Excerpt":"Lorem lorem lorem. Lorem lorem lorem. Lorem lorem lorem.\r\nLorem lorem lorem. Lorem lorem lorem. Lorem lorem lorem.\r\nLorem lorem lorem. Lorem lorem lorem. Lorem lorem lorem.\r\nLorem lorem lorem. Lorem lorem lorem. Lorem lorem lorem.\r\nLorem lorem lorem. Lorem lorem lorem. Lorem lorem lorem.\r\n","PublishDate":"2020-01-17T12:47:31.4580451+00:00"},{"ID":138,"Title":"Book 138","Description":"Lorem lorem lorem. Lorem lorem lorem. Lorem lorem lorem.\r\n","PageCount":13800,"Excerpt":"Lorem lorem lorem. Lorem lorem lorem. Lorem lorem lorem.\r\nLorem lorem lorem. Lorem lorem lorem. Lorem lorem lorem.\r\nLorem lorem lorem. Lorem lorem lorem. Lorem lorem lorem.\r\nLorem lorem lorem. Lorem lorem lorem. Lorem lorem lorem.\r\nLorem lorem lorem. Lorem lorem lorem. Lorem lorem lorem.\r\n","PublishDate":"2020-01-16T12:47:31.4580451+00:00"},{"ID":139,"Title":"Book 139","Description":"Lorem lorem lorem. Lorem lorem lorem. Lorem lorem lorem.\r\n","PageCount":13900,"Excerpt":"Lorem lorem lorem. Lorem lorem lorem. Lorem lorem lorem.\r\nLorem lorem lorem. Lorem lorem lorem. Lorem lorem lorem.\r\nLorem lorem lorem. Lorem lorem
[...]
rem lorem lorem. Lorem lorem lorem.\r\nLorem lorem lorem. Lorem lorem lorem. Lorem lorem lorem.\r\nLorem lorem lorem. Lorem lorem lorem. Lorem lorem lorem.\r\n","PublishDate":"2019-11-28T12:47:31.4580451+00:00"},{"ID":188,"Title":"Book 188","Description":"Lorem lorem lorem. Lorem lorem lorem. Lorem lorem lorem.\r\n","PageCount":18800,"Excerpt":"Lorem lorem lorem. Lorem lorem lorem. Lorem lorem lorem.\r\nLorem lorem lorem. Lorem lorem lorem. Lorem lorem lorem.\r\nLorem lorem lorem. Lorem lorem lorem. Lorem lorem lorem.\r\nLorem lorem lorem. Lorem lorem lorem. Lorem lorem lorem.\r\nLorem lorem lorem. Lorem lorem lorem. Lorem lorem lorem.\r\n","PublishDate":"2019-11-27T12:47:31.4580451+00:00"},{"ID":189,"Title":"Book 189","Description":"Lorem lorem lorem. Lorem lorem lorem. Lorem lorem lorem.\r\n","PageCount":18900,"Excerpt":"Lorem lorem lorem. Lorem lorem lorem. Lorem lorem lorem.\r\nLorem lorem lorem. Lorem lorem lorem. Lorem lorem lorem.\r\nLorem lorem lorem. Lorem lorem lorem. Lorem lorem lorem.\r\nLorem lorem lorem. Lorem lorem lorem. Lorem lorem lorem.\r\nLorem lorem lorem. Lorem lorem lorem. Lorem lorem lorem.\r\n","PublishDate":"2019-11-26T12:47:31.4580451+00:00"},{"ID":190,"Title":"Book 190","Description":"Lorem lorem lorem. Lorem lorem lorem. Lorem lorem lorem.\r\n","PageCount":19000,"Excerpt":"Lorem lorem lorem. Lorem lorem lorem. Lorem lorem lorem.\r\nLorem lorem lorem. Lorem lorem lorem. Lorem lorem lorem.\r\nLorem lorem lorem. Lorem lorem lorem. Lorem lorem lorem.\r\nLorem lorem lorem. Lorem lorem lorem. Lorem lorem lorem.\r\nLorem lorem lorem. Lorem lorem lorem. Lorem lorem lorem.\r\n","PublishDate":"2019-11-25T12:47:31.4580451+00:00"},{"ID":191,"Title":"Book 191","Description":"Lorem lorem lorem. Lorem lorem lorem. Lorem lorem lorem.\r\n","PageCount":19100,"Excerpt":"Lorem lorem lorem. Lorem lorem lorem. Lorem lorem lorem.\r\nLorem lorem lorem. Lorem lorem lorem. Lorem lorem lorem.\r\nLorem lorem lorem. Lorem lorem lorem. Lorem lorem lorem.\r\nLorem lorem lorem. Lorem lorem lorem. Lorem lorem lorem.\r\nLorem lorem lorem. Lorem lorem lorem. Lorem lorem lorem.\r\n","PublishDate":"2019-11-24T12:47:31.4580451+00:00"},{"ID":192,"Title":"Book 192","Description":"Lorem lorem lorem. Lorem lorem lorem. Lorem lorem lorem.\r\n","PageCount":19200,"Excerpt":"Lorem lorem lorem. Lorem lorem lorem. Lorem lorem lorem.\r\nLorem lorem lorem. Lorem lorem lorem. Lorem lorem lorem.\r\nLorem lorem lorem. Lorem lorem lorem. Lorem lorem lorem.\r\nLorem lorem lorem. Lorem lorem lorem. Lorem lorem lorem.\r\nLorem lorem lorem. Lorem lorem lorem. Lorem lorem lorem.\r\n","PublishDate":"2019-11-23T12:47:31.4580451+00:00"},{"ID":193,"Title":"Book 193","Description":"Lorem lorem lorem. Lorem lorem lorem. Lorem lorem lorem.\r\n","PageCount":19300,"Excerpt":"Lorem lorem lorem. Lorem lorem lorem. Lorem lorem lorem.\r\nLorem lorem lorem. Lorem lorem lorem. Lorem lorem lorem.\r\nLorem lorem lorem. Lorem lorem lorem. Lorem lorem lorem.\r\nLorem lorem lorem. Lorem lorem lorem. Lorem lorem lorem.\r\nLorem lorem lorem. Lorem lorem lorem. Lorem lorem lorem.\r\n","PublishDate":"2019-11-22T12:47:31.4580451+00:00"},{"ID":194,"Title":"Book 194","Description":"Lorem lorem lorem. Lorem lorem lorem. Lorem lorem lorem.\r\n","PageCount":19400,"Excerpt":"Lorem lorem lorem. Lorem lorem lorem. Lorem lorem lorem.\r\nLorem lorem lorem. Lorem lorem lorem. Lorem lorem lorem.\r\nLorem lorem lorem. Lorem lorem lorem. Lorem lorem lorem.\r\nLorem lorem lorem. Lorem lorem lorem. Lorem lorem lorem.\r\nLorem lorem lorem. Lorem lorem lorem. Lorem lorem lorem.\r\n","PublishDate":"2019-11-21T12:47:31.4580451+00:00"},{"ID":195,"Title":"Book 195","Description":"Lorem lorem lorem. Lorem lorem lorem. Lorem lorem lorem.\r\n","PageCount":19500,"Excerpt":"Lorem lorem lorem. Lorem lorem lorem. Lorem lorem lorem.\r\nLorem lorem lorem. Lorem lorem lorem. Lorem lorem lorem.\r\nLorem lorem lorem. Lorem lorem lorem. Lorem lorem lorem.\r\nLorem lorem lorem. Lorem lorem lorem. Lorem lorem lorem.\r\nLorem lorem lorem. Lorem lorem lorem. Lorem lorem lorem.\r\n","PublishDate":"2019-11-20T12:47:31.4580451+00:00"},{"ID":196,"Title":"Book 196","Description":"Lorem lorem lorem. Lorem lorem lorem. Lorem lorem lorem.\r\n","PageCount":19600,"Excerpt":"Lorem lorem lorem. Lorem lorem lorem. Lorem lorem lorem.\r\nLorem lorem lorem. Lorem lorem lorem. Lorem lorem lorem.\r\nLorem lorem lorem. Lorem lorem lorem. Lorem lorem lorem.\r\nLorem lorem lorem. Lorem lorem lorem. Lorem lorem lorem.\r\nLorem lorem lorem. Lorem lorem lorem. Lorem lorem lorem.\r\n","PublishDate":"2019-11-19T12:47:31.4580451+00:00"},{"ID":197,"Title":"Book 197","Description":"Lorem lorem lorem. Lorem lorem lorem. Lorem lorem lorem.\r\n","PageCount":19700,"Excerpt":"Lorem lorem lorem. Lorem lorem lorem. Lorem lorem lorem.\r\nLorem lorem lorem. Lorem lorem lorem. Lorem lorem lorem.\r\nLorem lorem lorem. Lorem lorem lorem. Lorem lorem lorem.\r\nLorem lorem lorem. Lorem lorem lorem. Lorem lorem lorem.\r\nLorem lorem lorem. Lorem lorem lorem. Lorem lorem lorem.\r\n","PublishDate":"2019-11-18T12:47:31.4580451+00:00"},{"ID":198,"Title":"Book 198","Description":"Lorem lorem lorem. Lorem lorem lorem. Lorem lorem lorem.\r\n","PageCount":19800,"Excerpt":"Lorem lorem lorem. Lorem lorem lorem. Lorem lorem lorem.\r\nLorem lorem lorem. Lorem lorem lorem. Lorem lorem lorem.\r\nLorem lorem lorem. Lorem lorem lorem. Lorem lorem lorem.\r\nLorem lorem lorem. Lorem lorem lorem. Lorem lorem lorem.\r\nLorem lorem lorem. Lorem lorem lorem. Lorem lorem lorem.\r\n","PublishDate":"2019-11-17T12:47:31.4580451+00:00"},{"ID":199,"Title":"Book 199","Description":"Lorem lorem lorem. Lorem lorem lorem. Lorem lorem lorem.\r\n","PageCount":19900,"Excerpt":"Lorem lorem lorem. Lorem lorem lorem. Lorem lorem lorem.\r\nLorem lorem lorem. Lorem lorem lorem. Lorem lorem lorem.\r\nLorem lorem lorem. Lorem lorem lorem. Lorem lorem lorem.\r\nLorem lorem lorem. Lorem lorem lorem. Lorem lorem lorem.\r\nLorem lorem lorem. Lorem lorem lorem. Lorem lorem lorem.\r\n","PublishDate":"2019-11-16T12:47:31.4580451+00:00"},{"ID":200,"Title":"Book 200","Description":"Lorem lorem lorem. Lorem lorem lorem. Lorem lorem lorem.\r\n","PageCount":20000,"Excerpt":"Lorem lorem lorem. Lorem lorem lorem. Lorem lorem lorem.\r\nLorem lorem lorem. Lorem lorem lorem. Lorem lorem lorem.\r\nLorem lorem lorem. Lorem lorem lorem. Lorem lorem lorem.\r\nLorem lorem lorem. Lorem lorem lorem. Lorem lorem lorem.\r\nLorem lorem lorem. Lorem lorem lorem. Lorem lorem lorem.\r\n","PublishDate":"2019-11-15T12:47:31.4580451+00:00"}]</msg>
<status status="PASS" starttime="20200602 09:47:35.256" endtime="20200602 09:47:35.264"></status>
</kw>
<kw name="Set Test Variable" library="BuiltIn">
<doc>Makes a variable available everywhere within the scope of the current test.</doc>
<arguments>
<arg>${MENSAGEM}</arg>
</arguments>
<msg timestamp="20200602 09:47:35.268" level="INFO">${MENSAGEM} = &lt;Response [200]&gt;</msg>
<status status="PASS" starttime="20200602 09:47:35.264" endtime="20200602 09:47:35.268"></status>
</kw>
<status status="PASS" starttime="20200602 09:47:33.468" endtime="20200602 09:47:35.268"></status>
</kw>
<kw name="Conferir o status code" library="ResourceAPI">
<arguments>
<arg>200</arg>
</arguments>
<kw name="Should Be Equal As Strings" library="BuiltIn">
<doc>Fails if objects are unequal after converting them to strings.</doc>
<arguments>
<arg>${MENSAGEM.status_code}</arg>
<arg>${STATUSCODE_ESPERADO}</arg>
</arguments>
<msg timestamp="20200602 09:47:35.274" level="INFO">Argument types are:
&lt;class 'int'&gt;
&lt;type 'unicode'&gt;</msg>
<status status="PASS" starttime="20200602 09:47:35.271" endtime="20200602 09:47:35.275"></status>
</kw>
<status status="PASS" starttime="20200602 09:47:35.271" endtime="20200602 09:47:35.276"></status>
</kw>
<kw name="Conferir o reason" library="ResourceAPI">
<arguments>
<arg>OK</arg>
</arguments>
<kw name="Should Be Equal As Strings" library="BuiltIn">
<doc>Fails if objects are unequal after converting them to strings.</doc>
<arguments>
<arg>${MENSAGEM.reason}</arg>
<arg>${REASON_ESPERADO}</arg>
</arguments>
<status status="PASS" starttime="20200602 09:47:35.278" endtime="20200602 09:47:35.281"></status>
</kw>
<status status="PASS" starttime="20200602 09:47:35.277" endtime="20200602 09:47:35.281"></status>
</kw>
<kw name="Conferir se retorna uma lista de livros" library="ResourceAPI">
<arguments>
<arg>200</arg>
</arguments>
<kw name="Length Should Be" library="BuiltIn">
<doc>Verifies that the length of the given item is correct.</doc>
<arguments>
<arg>${MENSAGEM.json()}</arg>
<arg>${QTD_ESEPERADA}</arg>
</arguments>
<msg timestamp="20200602 09:47:35.290" level="INFO">Length is 200</msg>
<status status="PASS" starttime="20200602 09:47:35.283" endtime="20200602 09:47:35.291"></status>
</kw>
<status status="PASS" starttime="20200602 09:47:35.282" endtime="20200602 09:47:35.292"></status>
</kw>
<status status="PASS" starttime="20200602 09:47:33.464" endtime="20200602 09:47:35.293" critical="yes"></status>
</test>
<test id="s1-t2" name="Caso de test 2: Buscar um livro especifico com (GET e o ID)">
<kw name="Requisitar um livro especifico" library="ResourceAPI">
<arguments>
<arg>23</arg>
</arguments>
<kw name="Get Request" library="RequestsLibrary">
<doc>Send a GET request on the session object found using the
given `alias`</doc>
<arguments>
<arg>fakeAPI</arg>
<arg>Books/${ID_LIVRO}</arg>
</arguments>
<assign>
<var>${MENSAGEM}</var>
</assign>
<msg timestamp="20200602 09:47:35.544" level="INFO">GET Request : url=https://fakerestapi.azurewebsites.net/api//Books/23 
 path_url=/api//Books/23 
 headers={'User-Agent': 'python-requests/2.23.0', 'Accept-Encoding': 'gzip, deflate', 'Accept': '*/*', 'Connection': 'keep-alive', 'Cookie': 'ARRAffinity=a95149d97c21a910be804cd257554911313938456cee6ffae637387ac73e3cfd'} 
 body=None 
 </msg>
<msg timestamp="20200602 09:47:35.544" level="INFO">GET Response : url=https://fakerestapi.azurewebsites.net/api//Books/23 
 status=200, reason=OK 
 body={"ID":23,"Title":"Book 23","Description":"Lorem lorem lorem. Lorem lorem lorem. Lorem lorem lorem.\r\n","PageCount":2300,"Excerpt":"Lorem lorem lorem. Lorem lorem lorem. Lorem lorem lorem.\r\nLorem lorem lorem. Lorem lorem lorem. Lorem lorem lorem.\r\nLorem lorem lorem. Lorem lorem lorem. Lorem lorem lorem.\r\nLorem lorem lorem. Lorem lorem lorem. Lorem lorem lorem.\r\nLorem lorem lorem. Lorem lorem lorem. Lorem lorem lorem.\r\n","PublishDate":"2020-05-10T12:47:31.7706026+00:00"} 
 </msg>
<msg timestamp="20200602 09:47:35.544" level="INFO">c:\users\gabriel\appdata\local\programs\python\python38\lib\site-packages\urllib3\connectionpool.py:979: InsecureRequestWarning: Unverified HTTPS request is being made to host 'fakerestapi.azurewebsites.net'. Adding certificate verification is strongly advised. See: https://urllib3.readthedocs.io/en/latest/advanced-usage.html#ssl-warnings
  warnings.warn(</msg>
<msg timestamp="20200602 09:47:35.547" level="INFO">${MENSAGEM} = &lt;Response [200]&gt;</msg>
<status status="PASS" starttime="20200602 09:47:35.295" endtime="20200602 09:47:35.547"></status>
</kw>
<kw name="Log" library="BuiltIn">
<doc>Logs the given message with the given level.</doc>
<arguments>
<arg>${MENSAGEM.text}</arg>
</arguments>
<msg timestamp="20200602 09:47:35.550" level="INFO">{"ID":23,"Title":"Book 23","Description":"Lorem lorem lorem. Lorem lorem lorem. Lorem lorem lorem.\r\n","PageCount":2300,"Excerpt":"Lorem lorem lorem. Lorem lorem lorem. Lorem lorem lorem.\r\nLorem lorem lorem. Lorem lorem lorem. Lorem lorem lorem.\r\nLorem lorem lorem. Lorem lorem lorem. Lorem lorem lorem.\r\nLorem lorem lorem. Lorem lorem lorem. Lorem lorem lorem.\r\nLorem lorem lorem. Lorem lorem lorem. Lorem lorem lorem.\r\n","PublishDate":"2020-05-10T12:47:31.7706026+00:00"}</msg>
<status status="PASS" starttime="20200602 09:47:35.549" endtime="20200602 09:47:35.550"></status>
</kw>
<kw name="Set Test Variable" library="BuiltIn">
<doc>Makes a variable available everywhere within the scope of the current test.</doc>
<arguments>
<arg>${MENSAGEM}</arg>
</arguments>
<msg timestamp="20200602 09:47:35.551" level="INFO">${MENSAGEM} = &lt;Response [200]&gt;</msg>
<status status="PASS" starttime="20200602 09:47:35.551" endtime="20200602 09:47:35.551"></status>
</kw>
<status status="PASS" starttime="20200602 09:47:35.295" endtime="20200602 09:47:35.551"></status>
</kw>
<kw name="Conferir o status code" library="ResourceAPI">
<arguments>
<arg>200</arg>
</arguments>
<kw name="Should Be Equal As Strings" library="BuiltIn">
<doc>Fails if objects are unequal after converting them to strings.</doc>
<arguments>
<arg>${MENSAGEM.status_code}</arg>
<arg>${STATUSCODE_ESPERADO}</arg>
</arguments>
<msg timestamp="20200602 09:47:35.555" level="INFO">Argument types are:
&lt;class 'int'&gt;
&lt;type 'unicode'&gt;</msg>
<status status="PASS" starttime="20200602 09:47:35.555" endtime="20200602 09:47:35.555"></status>
</kw>
<status status="PASS" starttime="20200602 09:47:35.554" endtime="20200602 09:47:35.555"></status>
</kw>
<kw name="Conferir o reason" library="ResourceAPI">
<arguments>
<arg>OK</arg>
</arguments>
<kw name="Should Be Equal As Strings" library="BuiltIn">
<doc>Fails if objects are unequal after converting them to strings.</doc>
<arguments>
<arg>${MENSAGEM.reason}</arg>
<arg>${REASON_ESPERADO}</arg>
</arguments>
<status status="PASS" starttime="20200602 09:47:35.560" endtime="20200602 09:47:35.560"></status>
</kw>
<status status="PASS" starttime="20200602 09:47:35.559" endtime="20200602 09:47:35.560"></status>
</kw>
<kw name="Conferir os dados que retornanram do livro 23" library="ResourceAPI">
<kw name="Dictionary Should Contain Item" library="Collections">
<doc>An item of ``key`` / ``value`` must be found in a ``dictionary``.</doc>
<arguments>
<arg>${MENSAGEM.json()}</arg>
<arg>ID</arg>
<arg>${BOOK_23.ID}</arg>
</arguments>
<status status="PASS" starttime="20200602 09:47:35.565" endtime="20200602 09:47:35.565"></status>
</kw>
<kw name="Dictionary Should Contain Item" library="Collections">
<doc>An item of ``key`` / ``value`` must be found in a ``dictionary``.</doc>
<arguments>
<arg>${MENSAGEM.json()}</arg>
<arg>Title</arg>
<arg>${BOOK_23.Title}</arg>
</arguments>
<status status="PASS" starttime="20200602 09:47:35.565" endtime="20200602 09:47:35.570"></status>
</kw>
<kw name="Dictionary Should Contain Item" library="Collections">
<doc>An item of ``key`` / ``value`` must be found in a ``dictionary``.</doc>
<arguments>
<arg>${MENSAGEM.json()}</arg>
<arg>Description</arg>
<arg>${BOOK_23.Description}</arg>
</arguments>
<status status="PASS" starttime="20200602 09:47:35.570" endtime="20200602 09:47:35.572"></status>
</kw>
<kw name="Dictionary Should Contain Item" library="Collections">
<doc>An item of ``key`` / ``value`` must be found in a ``dictionary``.</doc>
<arguments>
<arg>${MENSAGEM.json()}</arg>
<arg>PageCount</arg>
<arg>${BOOK_23.PageCount}</arg>
</arguments>
<status status="PASS" starttime="20200602 09:47:35.573" endtime="20200602 09:47:35.574"></status>
</kw>
<kw name="Dictionary Should Contain Item" library="Collections">
<doc>An item of ``key`` / ``value`` must be found in a ``dictionary``.</doc>
<arguments>
<arg>${MENSAGEM.json()}</arg>
<arg>Excerpt</arg>
<arg>${BOOK_23.Excerpt}</arg>
</arguments>
<status status="PASS" starttime="20200602 09:47:35.574" endtime="20200602 09:47:35.574"></status>
</kw>
<kw name="Should Not Be Empty" library="BuiltIn">
<doc>Verifies that the given item is not empty.</doc>
<arguments>
<arg>${MENSAGEM.json()["PublishDate"]}</arg>
</arguments>
<msg timestamp="20200602 09:47:35.579" level="INFO">Length is 33</msg>
<status status="PASS" starttime="20200602 09:47:35.579" endtime="20200602 09:47:35.582"></status>
</kw>
<status status="PASS" starttime="20200602 09:47:35.564" endtime="20200602 09:47:35.583"></status>
</kw>
<status status="PASS" starttime="20200602 09:47:35.295" endtime="20200602 09:47:35.586" critical="yes"></status>
</test>
<test id="s1-t3" name="Cadastrar novo livro (POST)">
<kw name="Cadastrar um novo livro" library="ResourceAPI">
<kw name="Create Dictionary" library="BuiltIn">
<doc>Creates and returns a dictionary based on the given ``items``.</doc>
<arguments>
<arg>content-type=application/json</arg>
</arguments>
<assign>
<var>${HEADERS}</var>
</assign>
<msg timestamp="20200602 09:47:35.596" level="INFO">${HEADERS} = {'content-type': 'application/json'}</msg>
<status status="PASS" starttime="20200602 09:47:35.592" endtime="20200602 09:47:35.597"></status>
</kw>
<kw name="Post Request" library="RequestsLibrary">
<doc>Send a POST request on the session object found using the
given `alias`</doc>
<arguments>
<arg>fakeAPI</arg>
<arg>Books</arg>
<arg>data={"ID": 99,"Title": "Robot-test","Description": "testando POST resquest","PageCount": 1999,"Excerpt": "framework","PublishDate": "2020-06-02T12:26:40.924Z"}</arg>
<arg>headers=${HEADERS}</arg>
</arguments>
<assign>
<var>${MENSAGEM}</var>
</assign>
<msg timestamp="20200602 09:47:35.816" level="INFO">POST Request : url=https://fakerestapi.azurewebsites.net/api//Books 
 path_url=/api//Books 
 headers={'User-Agent': 'python-requests/2.23.0', 'Accept-Encoding': 'gzip, deflate', 'Accept': '*/*', 'Connection': 'keep-alive', 'content-type': 'application/json', 'Cookie': 'ARRAffinity=a95149d97c21a910be804cd257554911313938456cee6ffae637387ac73e3cfd', 'Content-Length': '155'} 
 body=b'{"ID": 99,"Title": "Robot-test","Description": "testando POST resquest","PageCount": 1999,"Excerpt": "framework","PublishDate": "2020-06-02T12:26:40.924Z"}' 
 </msg>
<msg timestamp="20200602 09:47:35.816" level="INFO">POST Response : url=https://fakerestapi.azurewebsites.net/api//Books 
 status=200, reason=OK 
 body={"ID":99,"Title":"Robot-test","Description":"testando POST resquest","PageCount":1999,"Excerpt":"framework","PublishDate":"2020-06-02T12:26:40.924Z"} 
 </msg>
<msg timestamp="20200602 09:47:35.816" level="INFO">c:\users\gabriel\appdata\local\programs\python\python38\lib\site-packages\urllib3\connectionpool.py:979: InsecureRequestWarning: Unverified HTTPS request is being made to host 'fakerestapi.azurewebsites.net'. Adding certificate verification is strongly advised. See: https://urllib3.readthedocs.io/en/latest/advanced-usage.html#ssl-warnings
  warnings.warn(</msg>
<msg timestamp="20200602 09:47:35.831" level="INFO">${MENSAGEM} = &lt;Response [200]&gt;</msg>
<status status="PASS" starttime="20200602 09:47:35.597" endtime="20200602 09:47:35.831"></status>
</kw>
<kw name="Log" library="BuiltIn">
<doc>Logs the given message with the given level.</doc>
<arguments>
<arg>${MENSAGEM.text}</arg>
</arguments>
<msg timestamp="20200602 09:47:35.833" level="INFO">{"ID":99,"Title":"Robot-test","Description":"testando POST resquest","PageCount":1999,"Excerpt":"framework","PublishDate":"2020-06-02T12:26:40.924Z"}</msg>
<status status="PASS" starttime="20200602 09:47:35.832" endtime="20200602 09:47:35.833"></status>
</kw>
<kw name="Set Test Variable" library="BuiltIn">
<doc>Makes a variable available everywhere within the scope of the current test.</doc>
<arguments>
<arg>${MENSAGEM}</arg>
</arguments>
<msg timestamp="20200602 09:47:35.833" level="INFO">${MENSAGEM} = &lt;Response [200]&gt;</msg>
<status status="PASS" starttime="20200602 09:47:35.833" endtime="20200602 09:47:35.837"></status>
</kw>
<status status="PASS" starttime="20200602 09:47:35.592" endtime="20200602 09:47:35.837"></status>
</kw>
<status status="PASS" starttime="20200602 09:47:35.590" endtime="20200602 09:47:35.840" critical="yes"></status>
</test>
<doc>Documentação da API: https://fakerestapi.azurewebsites.net/api/Books</doc>
<status status="PASS" starttime="20200602 09:47:32.908" endtime="20200602 09:47:35.845"></status>
</suite>
<statistics>
<total>
<stat pass="3" fail="0">Critical Tests</stat>
<stat pass="3" fail="0">All Tests</stat>
</total>
<tag>
</tag>
<suite>
<stat pass="3" fail="0" id="s1" name="TestCaseAPIBooks">TestCaseAPIBooks</stat>
</suite>
</statistics>
<errors>
</errors>
</robot>
