<?xml version="1.0" encoding="UTF-8"?>
<robot generator="Robot 3.2.1 (Python 3.8.3 on win32)" generated="20200601 10:33:30.619" rpa="false">
<suite id="s1" name="ExemploVariaveis2" source="C:\Cursos\RobotFramework\SuiteSitePratice\Variaveis\ExemploVariaveis2.robot">
<test id="s1-t1" name="Caso de teste de exemplo 01">
<kw name="Uma keyword qualquer dentro da swicth.">
<kw name="Uma subkeyword com argumentos">
<arguments>
<arg>${PESSOA.nome}</arg>
<arg>${PESSOA.email}.</arg>
</arguments>
<kw name="Log" library="BuiltIn">
<doc>Logs the given message with the given level.</doc>
<arguments>
<arg>Nome do usuário: ${NOME_USUARIO}</arg>
</arguments>
<msg timestamp="20200601 10:33:30.729" level="INFO">Nome do usuário: Gabriel Gabriru</msg>
<status status="PASS" starttime="20200601 10:33:30.729" endtime="20200601 10:33:30.729"></status>
</kw>
<kw name="Log" library="BuiltIn">
<doc>Logs the given message with the given level.</doc>
<arguments>
<arg>Email do usuário: ${EMAIL_USUARIO}</arg>
</arguments>
<msg timestamp="20200601 10:33:30.734" level="INFO">Email do usuário: gabiru@123.io.</msg>
<status status="PASS" starttime="20200601 10:33:30.729" endtime="20200601 10:33:30.734"></status>
</kw>
<status status="PASS" starttime="20200601 10:33:30.729" endtime="20200601 10:33:30.735"></status>
</kw>
<kw name="Uma subkeyword com retorno">
<arguments>
<arg>${PESSOA.nome}</arg>
<arg>${PESSOA.idade}</arg>
</arguments>
<assign>
<var>${MENSASGEM_ALERTA}</var>
</assign>
<kw name="Set Variable If" library="BuiltIn">
<doc>Sets variable based on the given condition.</doc>
<arguments>
<arg>${IDADE_USUARIO}&lt;18</arg>
<arg>Usário ${NOME_USUARIO} é menor de idade, Acesso negado!</arg>
</arguments>
<assign>
<var>${MENSAGEM}</var>
</assign>
<msg timestamp="20200601 10:33:30.740" level="INFO">${MENSAGEM} = Usário Gabriel Gabriru é menor de idade, Acesso negado!</msg>
<status status="PASS" starttime="20200601 10:33:30.738" endtime="20200601 10:33:30.740"></status>
</kw>
<msg timestamp="20200601 10:33:30.741" level="INFO">${MENSASGEM_ALERTA} = Usário Gabriel Gabriru é menor de idade, Acesso negado!</msg>
<status status="PASS" starttime="20200601 10:33:30.735" endtime="20200601 10:33:30.741"></status>
</kw>
<kw name="Log" library="BuiltIn">
<doc>Logs the given message with the given level.</doc>
<arguments>
<arg>${MENSASGEM_ALERTA }</arg>
</arguments>
<msg timestamp="20200601 10:33:30.742" level="INFO">Usário Gabriel Gabriru é menor de idade, Acesso negado!</msg>
<status status="PASS" starttime="20200601 10:33:30.741" endtime="20200601 10:33:30.742"></status>
</kw>
<status status="PASS" starttime="20200601 10:33:30.727" endtime="20200601 10:33:30.743"></status>
</kw>
<status status="PASS" starttime="20200601 10:33:30.725" endtime="20200601 10:33:30.745" critical="yes"></status>
</test>
<doc>Exemplos de como usar variaveis no Robot!</doc>
<status status="PASS" starttime="20200601 10:33:30.622" endtime="20200601 10:33:30.748"></status>
</suite>
<statistics>
<total>
<stat pass="1" fail="0">Critical Tests</stat>
<stat pass="1" fail="0">All Tests</stat>
</total>
<tag>
</tag>
<suite>
<stat pass="1" fail="0" id="s1" name="ExemploVariaveis2">ExemploVariaveis2</stat>
</suite>
</statistics>
<errors>
</errors>
</robot>
