<?xml version="1.0" encoding="UTF-8"?>
<robot generator="Robot 3.2.1 (Python 3.8.3 on win32)" generated="20200609 09:23:31.879" rpa="false">
<suite id="s1" name="ExemplosEscopoVariables" source="C:\Cursos\RobotFramework\EscopoVariable\ExemplosEscopoVariables.robot">
<test id="s1-t1" name="Caso de teste 01: Exemplos de como usar Variables">
<kw name="Exemplo de uma keyword 1">
<kw name="Generate Random String" library="String">
<doc>Generates a string with a desired ``length`` from the given ``chars``.</doc>
<assign>
<var>${GLOBAL_CRIADA_TEMPO_EXECUCAO}</var>
</assign>
<msg timestamp="20200609 09:23:31.970" level="INFO">${GLOBAL_CRIADA_TEMPO_EXECUCAO} = re1gPCRU</msg>
<status status="PASS" starttime="20200609 09:23:31.969" endtime="20200609 09:23:31.970"></status>
</kw>
<kw name="Set Global Variable" library="BuiltIn">
<doc>Makes a variable available globally in all tests and suites.</doc>
<arguments>
<arg>${GLOBAL_CRIADA_TEMPO_EXECUCAO}</arg>
</arguments>
<msg timestamp="20200609 09:23:31.970" level="INFO">${GLOBAL_CRIADA_TEMPO_EXECUCAO} = re1gPCRU</msg>
<status status="PASS" starttime="20200609 09:23:31.970" endtime="20200609 09:23:31.970"></status>
</kw>
<kw name="Set Suite Variable" library="BuiltIn">
<doc>Makes a variable available everywhere within the scope of the current suite.</doc>
<arguments>
<arg>${SUITE_CRIADA_TEMPO_EXECUCAO}</arg>
<arg>Robot suite, variavel da suite de test</arg>
</arguments>
<msg timestamp="20200609 09:23:31.970" level="INFO">${SUITE_CRIADA_TEMPO_EXECUCAO} = Robot suite, variavel da suite de test</msg>
<status status="PASS" starttime="20200609 09:23:31.970" endtime="20200609 09:23:31.970"></status>
</kw>
<kw name="Set Test Variable" library="BuiltIn">
<doc>Makes a variable available everywhere within the scope of the current test.</doc>
<arguments>
<arg>${TEST01}</arg>
<arg>Variavel apenas do TEST CASE 01</arg>
</arguments>
<msg timestamp="20200609 09:23:31.975" level="INFO">${TEST01} = Variavel apenas do TEST CASE 01</msg>
<status status="PASS" starttime="20200609 09:23:31.970" endtime="20200609 09:23:31.975"></status>
</kw>
<kw name="Set Variable" library="BuiltIn">
<doc>Returns the given values which can then be assigned to a variables.</doc>
<arguments>
<arg>Variavel local apenas da keyword 1</arg>
</arguments>
<assign>
<var>${VARIABLE_LOCAL}</var>
</assign>
<msg timestamp="20200609 09:23:31.978" level="INFO">${VARIABLE_LOCAL} = Variavel local apenas da keyword 1</msg>
<status status="PASS" starttime="20200609 09:23:31.975" endtime="20200609 09:23:31.978"></status>
</kw>
<kw name="Log" library="BuiltIn">
<doc>Logs the given message with the given level.</doc>
<arguments>
<arg>${TEST01}</arg>
</arguments>
<msg timestamp="20200609 09:23:31.979" level="INFO">Variavel apenas do TEST CASE 01</msg>
<status status="PASS" starttime="20200609 09:23:31.978" endtime="20200609 09:23:31.979"></status>
</kw>
<status status="PASS" starttime="20200609 09:23:31.967" endtime="20200609 09:23:31.979"></status>
</kw>
<kw name="Exemplo de uma keyword 2">
<kw name="Set Variable" library="BuiltIn">
<doc>Returns the given values which can then be assigned to a variables.</doc>
<arguments>
<arg>Variavel local apenas da keyword 2!</arg>
</arguments>
<assign>
<var>${VARIABLE_LOCAL}</var>
</assign>
<msg timestamp="20200609 09:23:31.981" level="INFO">${VARIABLE_LOCAL} = Variavel local apenas da keyword 2!</msg>
<status status="PASS" starttime="20200609 09:23:31.981" endtime="20200609 09:23:31.981"></status>
</kw>
<kw name="Log" library="BuiltIn">
<doc>Logs the given message with the given level.</doc>
<arguments>
<arg>Mostrando a variavel Global criada em tempo de execução: ${GLOBAL_CRIADA_TEMPO_EXECUCAO}</arg>
</arguments>
<msg timestamp="20200609 09:23:31.982" level="INFO">Mostrando a variavel Global criada em tempo de execução: re1gPCRU</msg>
<status status="PASS" starttime="20200609 09:23:31.982" endtime="20200609 09:23:31.983"></status>
</kw>
<kw name="Log" library="BuiltIn">
<doc>Logs the given message with the given level.</doc>
<arguments>
<arg>Mostrando a variavel da Suite criada em tempo de execução: ${SUITE_CRIADA_TEMPO_EXECUCAO}</arg>
</arguments>
<msg timestamp="20200609 09:23:31.983" level="INFO">Mostrando a variavel da Suite criada em tempo de execução: Robot suite, variavel da suite de test</msg>
<status status="PASS" starttime="20200609 09:23:31.983" endtime="20200609 09:23:31.983"></status>
</kw>
<kw name="Log" library="BuiltIn">
<doc>Logs the given message with the given level.</doc>
<arguments>
<arg>Mostrando a variavel Local criada dentro dda keyword: ${VARIABLE_LOCAL}</arg>
</arguments>
<msg timestamp="20200609 09:23:31.985" level="INFO">Mostrando a variavel Local criada dentro dda keyword: Variavel local apenas da keyword 2!</msg>
<status status="PASS" starttime="20200609 09:23:31.983" endtime="20200609 09:23:31.985"></status>
</kw>
<kw name="Log" library="BuiltIn">
<doc>Logs the given message with the given level.</doc>
<arguments>
<arg>Mostrando a variavel Global : ${GLOBAL_INSTANCIADA}</arg>
</arguments>
<msg timestamp="20200609 09:23:31.985" level="INFO">Mostrando a variavel Global : Posso ser usada em todos os testes e em diferentes Suites</msg>
<status status="PASS" starttime="20200609 09:23:31.985" endtime="20200609 09:23:31.986"></status>
</kw>
<kw name="Log" library="BuiltIn">
<doc>Logs the given message with the given level.</doc>
<arguments>
<arg>${TEST01}</arg>
</arguments>
<msg timestamp="20200609 09:23:31.986" level="INFO">Variavel apenas do TEST CASE 01</msg>
<status status="PASS" starttime="20200609 09:23:31.986" endtime="20200609 09:23:31.986"></status>
</kw>
<status status="PASS" starttime="20200609 09:23:31.980" endtime="20200609 09:23:31.988"></status>
</kw>
<status status="PASS" starttime="20200609 09:23:31.966" endtime="20200609 09:23:31.989" critical="yes"></status>
</test>
<test id="s1-t2" name="Caso de teste 02: Exemplos de como usar Variables">
<kw name="Exemplo de uma keyword 3">
<kw name="Set Variable" library="BuiltIn">
<doc>Returns the given values which can then be assigned to a variables.</doc>
<arguments>
<arg>Variavel local apenas da keyword 3!</arg>
</arguments>
<assign>
<var>${VARIABLE_LOCAl}</var>
</assign>
<msg timestamp="20200609 09:23:31.992" level="INFO">${VARIABLE_LOCAl} = Variavel local apenas da keyword 3!</msg>
<status status="PASS" starttime="20200609 09:23:31.991" endtime="20200609 09:23:31.992"></status>
</kw>
<kw name="Log" library="BuiltIn">
<doc>Logs the given message with the given level.</doc>
<arguments>
<arg>Mostrando a variavel Global criada em tempo de execução: ${GLOBAL_CRIADA_TEMPO_EXECUCAO}</arg>
</arguments>
<msg timestamp="20200609 09:23:31.993" level="INFO">Mostrando a variavel Global criada em tempo de execução: re1gPCRU</msg>
<status status="PASS" starttime="20200609 09:23:31.992" endtime="20200609 09:23:31.993"></status>
</kw>
<kw name="Log" library="BuiltIn">
<doc>Logs the given message with the given level.</doc>
<arguments>
<arg>Mostrando a variavel da Suite criada em tempo de execução: ${SUITE_CRIADA_TEMPO_EXECUCAO}</arg>
</arguments>
<msg timestamp="20200609 09:23:31.996" level="INFO">Mostrando a variavel da Suite criada em tempo de execução: Robot suite, variavel da suite de test</msg>
<status status="PASS" starttime="20200609 09:23:31.993" endtime="20200609 09:23:31.997"></status>
</kw>
<kw name="Log" library="BuiltIn">
<doc>Logs the given message with the given level.</doc>
<arguments>
<arg>Mostrando a variavel Global : ${GLOBAL_INSTANCIADA}</arg>
</arguments>
<msg timestamp="20200609 09:23:31.998" level="INFO">Mostrando a variavel Global : Posso ser usada em todos os testes e em diferentes Suites</msg>
<status status="PASS" starttime="20200609 09:23:31.998" endtime="20200609 09:23:31.999"></status>
</kw>
<kw name="Log" library="BuiltIn">
<doc>Logs the given message with the given level.</doc>
<arguments>
<arg>${TEST01}</arg>
</arguments>
<msg timestamp="20200609 09:23:32.001" level="FAIL">Variable '${TEST01}' not found.</msg>
<status status="FAIL" starttime="20200609 09:23:31.999" endtime="20200609 09:23:32.001"></status>
</kw>
<status status="FAIL" starttime="20200609 09:23:31.991" endtime="20200609 09:23:32.002"></status>
</kw>
<status status="FAIL" starttime="20200609 09:23:31.990" endtime="20200609 09:23:32.003" critical="yes">Variable '${TEST01}' not found.</status>
</test>
<test id="s1-t3" name="Caso de test 03: Exemplos de como usar Variables">
<kw name="Exemplo de uma keyword 4">
<kw name="Set Variable" library="BuiltIn">
<doc>Returns the given values which can then be assigned to a variables.</doc>
<arguments>
<arg>Variavel local apenas da keyword 4!</arg>
</arguments>
<assign>
<var>${VARIABLE_LOCAl}</var>
</assign>
<msg timestamp="20200609 09:23:32.007" level="INFO">${VARIABLE_LOCAl} = Variavel local apenas da keyword 4!</msg>
<status status="PASS" starttime="20200609 09:23:32.007" endtime="20200609 09:23:32.007"></status>
</kw>
<kw name="Set Test Message" library="BuiltIn">
<doc>Sets message for the current test case.</doc>
<arguments>
<arg>Olá robotizador!!!</arg>
</arguments>
<msg timestamp="20200609 09:23:32.008" level="INFO">Set test message to:
Olá robotizador!!!</msg>
<status status="PASS" starttime="20200609 09:23:32.008" endtime="20200609 09:23:32.008"></status>
</kw>
<kw name="Set Test Variable" library="BuiltIn">
<doc>Makes a variable available everywhere within the scope of the current test.</doc>
<arguments>
<arg>${TEST03}</arg>
<arg>Variavel apenas do TEST CASE 03</arg>
</arguments>
<msg timestamp="20200609 09:23:32.009" level="INFO">${TEST03} = Variavel apenas do TEST CASE 03</msg>
<status status="PASS" starttime="20200609 09:23:32.008" endtime="20200609 09:23:32.010"></status>
</kw>
<kw name="Log" library="BuiltIn">
<doc>Logs the given message with the given level.</doc>
<arguments>
<arg>Mostrando a variavel Global criada em tempo de execução: ${GLOBAL_CRIADA_TEMPO_EXECUCAO}</arg>
</arguments>
<msg timestamp="20200609 09:23:32.013" level="INFO">Mostrando a variavel Global criada em tempo de execução: re1gPCRU</msg>
<status status="PASS" starttime="20200609 09:23:32.010" endtime="20200609 09:23:32.013"></status>
</kw>
<kw name="Log" library="BuiltIn">
<doc>Logs the given message with the given level.</doc>
<arguments>
<arg>Mostrando a variavel da Suite criada em tempo de execução: ${SUITE_CRIADA_TEMPO_EXECUCAO}</arg>
</arguments>
<msg timestamp="20200609 09:23:32.013" level="INFO">Mostrando a variavel da Suite criada em tempo de execução: Robot suite, variavel da suite de test</msg>
<status status="PASS" starttime="20200609 09:23:32.013" endtime="20200609 09:23:32.013"></status>
</kw>
<kw name="Log" library="BuiltIn">
<doc>Logs the given message with the given level.</doc>
<arguments>
<arg>Mostrando a variavel Global : ${GLOBAL_INSTANCIADA}</arg>
</arguments>
<msg timestamp="20200609 09:23:32.013" level="INFO">Mostrando a variavel Global : Posso ser usada em todos os testes e em diferentes Suites</msg>
<status status="PASS" starttime="20200609 09:23:32.013" endtime="20200609 09:23:32.013"></status>
</kw>
<status status="PASS" starttime="20200609 09:23:32.006" endtime="20200609 09:23:32.013"></status>
</kw>
<status status="PASS" starttime="20200609 09:23:32.005" endtime="20200609 09:23:32.017" critical="yes">Olá robotizador!!!</status>
</test>
<doc>http://robotframework.org/robotframework/latest/libraries/BuiltIn.html
Exemplos de como pode utlizar escopos de variáveis nos testes com o RobotFramework.
Exemplos utilizados: GLOBAIS, SUITE, TEST (test case), LOCAL (keywords).</doc>
<status status="FAIL" starttime="20200609 09:23:31.888" endtime="20200609 09:23:32.020"></status>
</suite>
<statistics>
<total>
<stat pass="2" fail="1">Critical Tests</stat>
<stat pass="2" fail="1">All Tests</stat>
</total>
<tag>
</tag>
<suite>
<stat pass="2" fail="1" id="s1" name="ExemplosEscopoVariables">ExemplosEscopoVariables</stat>
</suite>
</statistics>
<errors>
</errors>
</robot>
