<?xml version="1.0" encoding="UTF-8"?>
<robot generator="Robot 3.2.1 (Python 3.8.3 on win32)" generated="20200610 11:51:23.436" rpa="false">
<suite id="s1" name="TestApiGitHub" source="C:\Cursos\RobotFramework\API_avancado\TestApiGitHub.robot">
<test id="s1-t1" name="Test 1: Fazendo uma Autenticação básica (Authentication)">
<kw name="Conectar com autenticação básica na API do GitHub">
<kw name="Create List" library="BuiltIn">
<doc>Returns a list containing given items.</doc>
<arguments>
<arg>${USER_GITHUB}</arg>
<arg>${PASSWORD_GITHUB}</arg>
</arguments>
<assign>
<var>${AUTH}</var>
</assign>
<msg timestamp="20200610 11:51:23.693" level="INFO">${AUTH} = ['CarvalhoGabriell', 'hub23121999']</msg>
<status status="PASS" starttime="20200610 11:51:23.692" endtime="20200610 11:51:23.693"></status>
</kw>
<kw name="Create Session" library="RequestsLibrary">
<doc>Create Session: create a HTTP session to a server</doc>
<arguments>
<arg>alias=mygithubAuth</arg>
<arg>url=${GITHUB_HOST}</arg>
<arg>auth=${AUTH}</arg>
<arg>disable_warnings=True</arg>
</arguments>
<msg timestamp="20200610 11:51:23.694" level="INFO">Creating Session using : alias=mygithubAuth, url=https://api.github.com, headers={},                     cookies={}, auth=&lt;requests.auth.HTTPBasicAuth object at 0x00000172EC53E070&gt;, timeout=None, proxies=None, verify=False,                     debug=0 </msg>
<status status="PASS" starttime="20200610 11:51:23.693" endtime="20200610 11:51:23.695"></status>
</kw>
<status status="PASS" starttime="20200610 11:51:23.691" endtime="20200610 11:51:23.695"></status>
</kw>
<kw name="Solicitar os dados do usuário">
<kw name="Get Request" library="RequestsLibrary">
<doc>Send a GET request on the session object found using the
given `alias`</doc>
<arguments>
<arg>mygithubAuth</arg>
<arg>/user</arg>
</arguments>
<assign>
<var>${RESP_USER}</var>
</assign>
<msg timestamp="20200610 11:51:24.191" level="INFO">GET Request : url=https://api.github.com/user 
 path_url=/user 
 headers={'User-Agent': 'python-requests/2.23.0', 'Accept-Encoding': 'gzip, deflate', 'Accept': '*/*', 'Connection': 'keep-alive', 'Authorization': 'Basic Q2FydmFsaG9HYWJyaWVsbDpodWIyMzEyMTk5OQ=='} 
 body=None 
 </msg>
<msg timestamp="20200610 11:51:24.191" level="INFO">GET Response : url=https://api.github.com/user 
 status=200, reason=OK 
 body={"login":"CarvalhoGabriell","id":56570906,"node_id":"MDQ6VXNlcjU2NTcwOTA2","avatar_url":"https://avatars1.githubusercontent.com/u/56570906?v=4","gravatar_id":"","url":"https://api.github.com/users/CarvalhoGabriell","html_url":"https://github.com/CarvalhoGabriell","followers_url":"https://api.github.com/users/CarvalhoGabriell/followers","following_url":"https://api.github.com/users/CarvalhoGabriell/following{/other_user}","gists_url":"https://api.github.com/users/CarvalhoGabriell/gists{/gist_id}","starred_url":"https://api.github.com/users/CarvalhoGabriell/starred{/owner}{/repo}","subscriptions_url":"https://api.github.com/users/CarvalhoGabriell/subscriptions","organizations_url":"https://api.github.com/users/CarvalhoGabriell/orgs","repos_url":"https://api.github.com/users/CarvalhoGabriell/repos","events_url":"https://api.github.com/users/CarvalhoGabriell/events{/privacy}","received_events_url":"https://api.github.com/users/CarvalhoGabriell/received_events","type":"User","site_admin":false,"name":"Gabriel Carvalho","company":"Atomic Solutions LTDA / FIAP","blog":"https://www.linkedin.com/in/gabriel-carvfer/","location":"São Paulo - Cotia","email":null,"hireable":true,"bio":null,"twitter_username":null,"public_repos":12,"public_gists":0,"followers":2,"following":6,"created_at":"2019-10-15T02:24:39Z","updated_at":"2020-06-10T13:08:45Z","private_gists":0,"total_private_repos":0,"owned_private_repos":0,"disk_usage":53120,"collaborators":0,"two_factor_authentication":false,"plan":{"name":"free","space":976562499,"collaborators":0,"private_repos":10000}} 
 </msg>
<msg timestamp="20200610 11:51:24.191" level="INFO">${RESP_USER} = &lt;Response [200]&gt;</msg>
<status status="PASS" starttime="20200610 11:51:23.696" endtime="20200610 11:51:24.191"></status>
</kw>
<kw name="Log" library="BuiltIn">
<doc>Logs the given message with the given level.</doc>
<arguments>
<arg>Meus dados: ${RESP_USER.json()}</arg>
</arguments>
<msg timestamp="20200610 11:51:24.207" level="INFO">Meus dados: {'login': 'CarvalhoGabriell', 'id': 56570906, 'node_id': 'MDQ6VXNlcjU2NTcwOTA2', 'avatar_url': 'https://avatars1.githubusercontent.com/u/56570906?v=4', 'gravatar_id': '', 'url': 'https://api.github.com/users/CarvalhoGabriell', 'html_url': 'https://github.com/CarvalhoGabriell', 'followers_url': 'https://api.github.com/users/CarvalhoGabriell/followers', 'following_url': 'https://api.github.com/users/CarvalhoGabriell/following{/other_user}', 'gists_url': 'https://api.github.com/users/CarvalhoGabriell/gists{/gist_id}', 'starred_url': 'https://api.github.com/users/CarvalhoGabriell/starred{/owner}{/repo}', 'subscriptions_url': 'https://api.github.com/users/CarvalhoGabriell/subscriptions', 'organizations_url': 'https://api.github.com/users/CarvalhoGabriell/orgs', 'repos_url': 'https://api.github.com/users/CarvalhoGabriell/repos', 'events_url': 'https://api.github.com/users/CarvalhoGabriell/events{/privacy}', 'received_events_url': 'https://api.github.com/users/CarvalhoGabriell/received_events', 'type': 'User', 'site_admin': False, 'name': 'Gabriel Carvalho', 'company': 'Atomic Solutions LTDA / FIAP', 'blog': 'https://www.linkedin.com/in/gabriel-carvfer/', 'location': 'São Paulo - Cotia', 'email': None, 'hireable': True, 'bio': None, 'twitter_username': None, 'public_repos': 12, 'public_gists': 0, 'followers': 2, 'following': 6, 'created_at': '2019-10-15T02:24:39Z', 'updated_at': '2020-06-10T13:08:45Z', 'private_gists': 0, 'total_private_repos': 0, 'owned_private_repos': 0, 'disk_usage': 53120, 'collaborators': 0, 'two_factor_authentication': False, 'plan': {'name': 'free', 'space': 976562499, 'collaborators': 0, 'private_repos': 10000}}</msg>
<status status="PASS" starttime="20200610 11:51:24.207" endtime="20200610 11:51:24.207"></status>
</kw>
<kw name="Confere sucesso na requisição">
<arguments>
<arg>${RESP_USER}</arg>
</arguments>
<kw name="Should Be True" library="BuiltIn">
<doc>Fails if the given condition is not true.</doc>
<arguments>
<arg>'${RESPONSE.status_code}'=='200' or '${RESPONSE.status_code}'=='201'</arg>
<arg>msg=Erro na requisição! Verifique: ${RESPONSE}</arg>
</arguments>
<status status="PASS" starttime="20200610 11:51:24.207" endtime="20200610 11:51:24.207"></status>
</kw>
<kw name="Log" library="BuiltIn">
<doc>Logs the given message with the given level.</doc>
<arguments>
<arg>${RESPONSE.status_code}</arg>
</arguments>
<msg timestamp="20200610 11:51:24.207" level="INFO">200</msg>
<status status="PASS" starttime="20200610 11:51:24.207" endtime="20200610 11:51:24.207"></status>
</kw>
<status status="PASS" starttime="20200610 11:51:24.207" endtime="20200610 11:51:24.207"></status>
</kw>
<status status="PASS" starttime="20200610 11:51:23.696" endtime="20200610 11:51:24.207"></status>
</kw>
<status status="PASS" starttime="20200610 11:51:23.690" endtime="20200610 11:51:24.207" critical="yes"></status>
</test>
<test id="s1-t2" name="Test 2: Fazendo uma requisição Usando parâmetros (Parms)">
<kw name="Conectar na API do GitHub SEM autenticação">
<kw name="Create Session" library="RequestsLibrary">
<doc>Create Session: create a HTTP session to a server</doc>
<arguments>
<arg>alias=mygithubAuth</arg>
<arg>url=${GITHUB_HOST}</arg>
<arg>disable_warnings=True</arg>
</arguments>
<msg timestamp="20200610 11:51:24.226" level="INFO">Creating Session using : alias=mygithubAuth, url=https://api.github.com, headers={},                     cookies={}, auth=None, timeout=None, proxies=None, verify=False,                     debug=0 </msg>
<status status="PASS" starttime="20200610 11:51:24.226" endtime="20200610 11:51:24.227"></status>
</kw>
<status status="PASS" starttime="20200610 11:51:24.225" endtime="20200610 11:51:24.227"></status>
</kw>
<kw name="Pesquisar issues com o state &quot;open&quot; e com o label &quot;bug&quot;">
<kw name="Create Dictionary" library="BuiltIn">
<doc>Creates and returns a dictionary based on the given ``items``.</doc>
<arguments>
<arg>state=${STATE}</arg>
<arg>label=${LABEL}</arg>
</arguments>
<assign>
<var>&amp;{PARAMS}</var>
</assign>
<msg timestamp="20200610 11:51:24.229" level="INFO">&amp;{PARAMS} = { state=open | label=bug }</msg>
<status status="PASS" starttime="20200610 11:51:24.229" endtime="20200610 11:51:24.229"></status>
</kw>
<kw name="Get Request" library="RequestsLibrary">
<doc>Send a GET request on the session object found using the
given `alias`</doc>
<arguments>
<arg>mygithubAuth</arg>
<arg>uri=${ISSUES_URI}</arg>
<arg>params=${PARAMS}</arg>
</arguments>
<assign>
<var>${SHE_ISSUES}</var>
</assign>
<msg timestamp="20200610 11:51:24.892" level="INFO">GET Request : url=https://api.github.com/repos/mayribeirofernandes/myudemyrobotframeworkcourse/issues?state=open&amp;label=bug 
 path_url=/repos/mayribeirofernandes/myudemyrobotframeworkcourse/issues?state=open&amp;label=bug 
 headers={'User-Agent': 'python-requests/2.23.0', 'Accept-Encoding': 'gzip, deflate', 'Accept': '*/*', 'Connection': 'keep-alive'} 
 body=None 
 </msg>
<msg timestamp="20200610 11:51:24.892" level="INFO">GET Response : url=https://api.github.com/repos/mayribeirofernandes/myudemyrobotframeworkcourse/issues?state=open&amp;label=bug 
 status=200, reason=OK 
 body=[{"url":"https://api.github.com/repos/mayribeirofernandes/myudemyrobotframeworkcourse/issues/17","repository_url":"https://api.github.com/repos/mayribeirofernandes/myudemyrobotframeworkcourse","labels_url":"https://api.github.com/repos/mayribeirofernandes/myudemyrobotframeworkcourse/issues/17/labels{/name}","comments_url":"https://api.github.com/repos/mayribeirofernandes/myudemyrobotframeworkcourse/issues/17/comments","events_url":"https://api.github.com/repos/mayribeirofernandes/myudemyrobotframeworkcourse/issues/17/events","html_url":"https://github.com/mayribeirofernandes/myudemyrobotframeworkcourse/issues/17","id":605724220,"node_id":"MDU6SXNzdWU2MDU3MjQyMjA=","number":17,"title":"Teste de criar Issue via API do GitHub by [ifrazzon]","user":{"login":"ifrazzon","id":43822718,"node_id":"MDQ6VXNlcjQzODIyNzE4","avatar_url":"https://avatars3.githubusercontent.com/u/43822718?v=4","gravatar_id":"","url":"https://api.github.com/users/ifrazzon","html_url":"https://github.com/ifrazzon","followers_url":"https://api.github.com/users/ifrazzon/followers","following_url":"https://api.github.com/users/ifrazzon/following{/other_user}","gists_url":"https://api.github.com/users/ifrazzon/gists{/gist_id}","starred_url":"https://api.github.com/users/ifrazzon/starred{/owner}{/repo}","subscriptions_url":"https://api.github.com/users/ifrazzon/subscriptions","organizations_url":"https://api.github.com/users/ifrazzon/orgs","repos_url":"https://api.github.com/users/ifrazzon/repos","events_url":"https://api.github.com/users/ifrazzon/events{/privacy}","received_events_url":"https://api.github.com/users/ifrazzon/received_events","type":"User","site_admin":false},"labels":[],"state":"open","locked":false,"assignee":null,"assignees":[],"milestone":null,"comments":0,"created_at":"2020-04-23T17:41:03Z","updated_at":"2020-04-23T17:41:03Z","closed_at":null,"author_association":"NONE","body":"ifrazzon criou essa Issue via API do GitHub nos testes com Robot Framework!"},{"url":"https://api.github.com/repos/mayribeirofernandes/myudemyrobotframeworkcourse/issues/16","repository_url":"https://api.github.com/repos/mayribeirofernandes/myudemyrobotframeworkcourse","labels_url":"https://api.github.com/repos/mayribeirofernandes/myudemyrobotframeworkcourse/issues/16/labels{/name}","comments_url":"https://api.github.com/repos/mayribeirofernandes/myudemyrobotframeworkcourse/issues/16/comments","events_url":"https://api.github.com/repos/mayribeirofernandes/myudemyrobotframeworkcourse/issues/16/events","html_url":"https://github.com/mayribeirofernandes/myudemyrobotframeworkcourse/issues/16","id":560407601,"node_id":"MDU6SXNzdWU1NjA0MDc2MDE=","number":16,"title":"Utilizando o robot para criar uma issue","user":{"login":"BrunoMoraes-Z","id":54856390,"node_id":"MDQ6VXNlcjU0ODU2Mzkw","avatar_url":"https://avatars3.githubusercontent.com/u/54856390?v=4","gravatar_id":"","url":"https://api.github.com/users/BrunoMoraes-Z","html_url":"https://github.com/BrunoMoraes-Z","followers_url":"https://api.github.com/users/BrunoMoraes-Z/followers","following_url":"https://api.github.com/users/BrunoMoraes-Z/following{/other_user}","gists_url":"https://api.github.com/users/BrunoMoraes-Z/gists{/gist_id}","starred_url":"https://api.github.com/users/BrunoMoraes-Z/starred{/owner}{/repo}","subscriptions_url":"https://api.github.com/users/BrunoMoraes-Z/subscriptions","organizations_url":"https://api.github.com/users/BrunoMoraes-Z/orgs","repos_url":"https://api.github.com/users/BrunoMoraes-Z/repos","events_url":"https://api.github.com/users/BrunoMoraes-Z/events{/privacy}","received_events_url":"https://api.github.com/users/BrunoMoraes-Z/received_events","type":"User","site_admin":false},"labels":[],"state":"open","locked":false,"assignee":null,"assignees":[],"milestone":null,"comments":0,"created_at":"2020-02-05T14:27:26Z","updated_at":"2020-02-05T14:28:13Z","closed_at":null,"author_association":"NONE","body":"[Issue criada utilizando o robotframework]"},{"url":"https://api.github.com/repos/mayribeirofernandes/myudemyrobotframeworkcourse/issues/12","repository_url":"https://api.github.com/repos/mayribeirofernandes/myudemyrobotframeworkcourse","labels_url":"https://api.github.com/repos/mayribeirofernandes/myudemyrobotframeworkcourse/issues/12/labels{/name}","comments_url":"https://api.github.com/repos/mayribeirofernandes/myudemyrobotframeworkcourse/issues/12/comments","events_url":"https://api.github.com/repos/mayribeirofernandes/myudemyrobotframeworkcourse/issues/12/events","html_url":"https://github.com/mayribeirofernandes/myudemyrobotframeworkcourse/issues/12","id":515820817,"node_id":"MDU6SXNzdWU1MTU4MjA4MTc=","number":12,"title":"Teste de criar Issue via API do GitHub","user":{"login":"mayribeirofernandes","id":26631940,"node_id":"MDQ6VXNlcjI2NjMxOTQw","avatar_url":"https://avatars1.githubusercontent.com/u/26631940?v=4","gravatar_id":"","url":"https://api.github.com/users/mayribeirofernandes","html_url":"https://github.com/mayribeirofernandes","followers_url":"https://api.github.com/users/mayribeirofernandes/followers","following_url":"https://api.github.com/users/mayribeirofernandes/following{/other_user}","gists_url":"https://api.github.com/users/mayribeirofernandes/gists{/gist_id}","starred_url":"https://api.github.com/users/mayribeirofernandes/starred{/owner}{/repo}","subscriptions_url":"https://api.github.com/users/mayribeirofernandes/subscriptions","organizations_url":"https://api.github.com/users/mayribeirofernandes/orgs","repos_url":"https://api.github.com/users/mayribeirofernandes/repos","events_url":"https://api.github.com/users/mayribeirofernandes/events{/privacy}","received_events_url":"https://api.github.com/users/mayribeirofernandes/received_events","type":"User","site_admin":false},"labels":[{"id":1637187945,"node_id":"MDU6TGFiZWwxNjM3MTg3OTQ1","url":"https://api.github.com/repos/mayribeirofernandes/myudemyrobotframeworkcourse/labels/bug","name":"bug","color":"d73a4a","default":true,"description":"Something isn't working"}],"state":"open","locked":false,"assignee":{"login":"mayribeirofernandes","id":26631940,"node_id":"MDQ6VXNlcjI2NjMxOTQw","avatar_url":"https://avatars1.githubusercontent.com/u/26631940?v=4","gravatar_id":"","url":"https://api.github.com/users/mayribeirofernandes","html_url":"https://github.com/mayribeirofernandes","followers_url":"https://api.github.com/users/mayribeirofernandes/followers","following_url":"https://api.github.com/users/mayribeirofernandes/following{/other_user}","gists_url":"https://api.github.com/users/mayribeirofernandes/gists{/gist_id}","starred_url":"https://api.github.com/users/mayribeirofernandes/starred{/owner}{/repo}","subscriptions_url":"https://api.github.com/users/mayribeirofernandes/subscriptions","organizations_url":"https://api.github.com/users/mayribeirofernandes/orgs","repos_url":"https://api.github.com/users/mayribeirofernandes/repos","events_url":"https://api.github.com/users/mayribeirofernandes/events{/privacy}","received_events_url":"https://api.github.com/users/mayribeirofernandes/received_events","type":"User","site_admin":false},"assignees":[{"login":"mayribeirofernandes","id":26631940,"node_id":"MDQ6VXNlcjI2NjMxOTQw","avatar_url":"https://avatars1.githubusercontent.com/u/26631940?v=4","gravatar_id":"","url":"https://api.github.com/users/mayribeirofernandes","html_url":"https://github.com/mayribeirofernandes","followers_url":"https://api.github.com/users/mayribeirofernandes/followers","following_url":"https://api.github.com/users/mayribeirofernandes/following{/other_user}","gists_url":"https://api.github.com/users/mayribeirofernandes/gists{/gist_id}","starred_url":"https://api.github.com/users/mayribeirofernandes/starred{/owner}{/repo}","subscriptions_url":"https://api.github.com/users/mayribeirofernandes/subscriptions","organizations_url":"https://api.github.com/users/mayribeirofernandes/orgs","repos_url":"https://api.github.com/users/mayribeirofernandes/repos","events_url":"https://api.github.com/users/mayribeirofernandes/events{/privacy}","received_events_url":"https://api.github.com/users/mayribeirofernandes/received_events","type":"User","site_admin":false}],"milestone":null,"comments":4,"created_at":"2019-10-31T23:45:18Z","updated_at":"2020-01-16T19:38:24Z","closed_at":null,"author_association":"OWNER","body":"Yeah! Criei uma issue via API!!!"},{"url":"https://api.github.com/repos/mayribeirofernandes/myudemyrobotframeworkcourse/issues/8","repository_url":"https://api.github.com/repos/mayribeirofernandes/myudemyrobotframeworkcourse","labels_url":"https://api.github.com/repos/mayribeirofernandes/myudemyrobotframeworkcourse/issues/8/labels{/name}","comments_url":"https://api.github.com/repos/mayribeirofernandes/myudemyrobotframeworkcourse/issues/8/comments","events_url":"https://api.github.com/repos/mayribeirofernandes/myudemyrobotframeworkcourse/issues/8/events","html_url":"https://github.com/mayribeirofernandes/myudemyrobotframeworkcourse/issues/8","id":514092805,"node_id":"MDU6SXNzdWU1MTQwOTI4MDU=","number":8,"title":"Teste Issue que aceita muitos Reactions","user":{"login":"mayribeirofernandes","id":26631940,"node_id":"MDQ6VXNlcjI2NjMxOTQw","avatar_url":"https://avatars1.githubusercontent.com/u/26631940?v=4","gravatar_id":"","url":"https://api.github.com/users/mayribeirofernandes","html_url":"https://github.com/mayribeirofernandes","followers_url":"https://api.github.com/users/mayribeirofernandes/followers","following_url":"https://api.github.com/users/mayribeirofernandes/following{/other_user}","gists_url":"https://api.github.com/users/mayribeirofernandes/gists{/gist_id}","starred_url":"https://api.github.com/users/mayribeirofernandes/starred{/owner}{/repo}","subscriptions_url":"https://api.github.com/users/mayribeirofernandes/subscriptions","organizations_url":"https://api.github.com/users/mayribeirofernandes/orgs","repos_url":"https://api.github.com/users/mayribeirofernandes/repos","events_url":"https://api.github.com/users/mayribeirofernandes/events{/privacy}","received_events_url":"https://api.git... (set the log level to DEBUG or TRACE to see the full content) 
 </msg>
<msg timestamp="20200610 11:51:24.892" level="INFO">${SHE_ISSUES} = &lt;Response [200]&gt;</msg>
<status status="PASS" starttime="20200610 11:51:24.229" endtime="20200610 11:51:24.892"></status>
</kw>
<kw name="Log" library="BuiltIn">
<doc>Logs the given message with the given level.</doc>
<arguments>
<arg>Issues do repositorio do curso: ${SHE_ISSUES.json()}</arg>
</arguments>
<msg timestamp="20200610 11:51:24.892" level="INFO">Issues do repositorio do curso: [{'url': 'https://api.github.com/repos/mayribeirofernandes/myudemyrobotframeworkcourse/issues/17', 'repository_url': 'https://api.github.com/repos/mayribeirofernandes/myudemyrobotframeworkcourse', 'labels_url': 'https://api.github.com/repos/mayribeirofernandes/myudemyrobotframeworkcourse/issues/17/labels{/name}', 'comments_url': 'https://api.github.com/repos/mayribeirofernandes/myudemyrobotframeworkcourse/issues/17/comments', 'events_url': 'https://api.github.com/repos/mayribeirofernandes/myudemyrobotframeworkcourse/issues/17/events', 'html_url': 'https://github.com/mayribeirofernandes/myudemyrobotframeworkcourse/issues/17', 'id': 605724220, 'node_id': 'MDU6SXNzdWU2MDU3MjQyMjA=', 'number': 17, 'title': 'Teste de criar Issue via API do GitHub by [ifrazzon]', 'user': {'login': 'ifrazzon', 'id': 43822718, 'node_id': 'MDQ6VXNlcjQzODIyNzE4', 'avatar_url': 'https://avatars3.githubusercontent.com/u/43822718?v=4', 'gravatar_id': '', 'url': 'https://api.github.com/users/ifrazzon', 'html_url': 'https://github.com/ifrazzon', 'followers_url': 'https://api.github.com/users/ifrazzon/followers', 'following_url': 'https://api.github.com/users/ifrazzon/following{/other_user}', 'gists_url': 'https://api.github.com/users/ifrazzon/gists{/gist_id}', 'starred_url': 'https://api.github.com/users/ifrazzon/starred{/owner}{/repo}', 'subscriptions_url': 'https://api.github.com/users/ifrazzon/subscriptions', 'organizations_url': 'https://api.github.com/users/ifrazzon/orgs', 'repos_url': 'https://api.github.com/users/ifrazzon/repos', 'events_url': 'https://api.github.com/users/ifrazzon/events{/privacy}', 'received_events_url': 'https://api.github.com/users/ifrazzon/received_events', 'type': 'User', 'site_admin': False}, 'labels': [], 'state': 'open', 'locked': False, 'assignee': None, 'assignees': [], 'milestone': None, 'comments': 0, 'created_at': '2020-04-23T17:41:03Z', 'updated_at': '2020-04-23T17:41:03Z', 'closed_at': None, 'author_association': 'NONE', 'body': 'ifrazzon criou essa Issue via API do GitHub nos testes com Robot Framework!'}, {'url': 'https://api.github.com/repos/mayribeirofernandes/myudemyrobotframeworkcourse/issues/16', 'repository_url': 'https://api.github.com/repos/mayribeirofernandes/myudemyrobotframeworkcourse', 'labels_url': 'https://api.github.com/repos/mayribeirofernandes/myudemyrobotframeworkcourse/issues/16/labels{/name}', 'comments_url': 'https://api.github.com/repos/mayribeirofernandes/myudemyrobotframeworkcourse/issues/16/comments', 'events_url': 'https://api.github.com/repos/mayribeirofernandes/myudemyrobotframeworkcourse/issues/16/events', 'html_url': 'https://github.com/mayribeirofernandes/myudemyrobotframeworkcourse/issues/16', 'id': 560407601, 'node_id': 'MDU6SXNzdWU1NjA0MDc2MDE=', 'number': 16, 'title': 'Utilizando o robot para criar uma issue', 'user': {'login': 'BrunoMoraes-Z', 'id': 54856390, 'node_id': 'MDQ6VXNlcjU0ODU2Mzkw', 'avatar_url': 'https://avatars3.githubusercontent.com/u/54856390?v=4', 'gravatar_id': '', 'url': 'https://api.github.com/users/BrunoMoraes-Z', 'html_url': 'https://github.com/BrunoMoraes-Z', 'followers_url': 'https://api.github.com/users/BrunoMoraes-Z/followers', 'following_url': 'https://api.github.com/users/BrunoMoraes-Z/following{/other_user}', 'gists_url': 'https://api.github.com/users/BrunoMoraes-Z/gists{/gist_id}', 'starred_url': 'https://api.github.com/users/BrunoMoraes-Z/starred{/owner}{/repo}', 'subscriptions_url': 'https://api.github.com/users/BrunoMoraes-Z/subscriptions', 'organizations_url': 'https://api.github.com/users/BrunoMoraes-Z/orgs', 'repos_url': 'https://api.github.com/users/BrunoMoraes-Z/repos', 'events_url': 'https://api.github.com/users/BrunoMoraes-Z/events{/privacy}', 'received_events_url': 'https://api.github.com/users/BrunoMoraes-Z/received_events', 'type': 'User', 'site_admin': False}, 'labels': [], 'state': 'open', 'locked': False, 'assignee': None, 'assignees': [], 'milestone': None, 'comments': 0, 'created_at': '2020-02-05T14:27:26Z', 'updated_at': '2020-02-05T14:28:13Z', 'closed_at': None, 'author_association': 'NONE', 'body': '[Issue criada utilizando o robotframework]'}, {'url': 'https://api.github.com/repos/mayribeirofernandes/myudemyrobotframeworkcourse/issues/12', 'repository_url': 'https://api.github.com/repos/mayribeirofernandes/myudemyrobotframeworkcourse', 'labels_url': 'https://api.github.com/repos/mayribeirofernandes/myudemyrobotframeworkcourse/issues/12/labels{/name}', 'comments_url': 'https://api.github.com/repos/mayribeirofernandes/myudemyrobotframeworkcourse/issues/12/comments', 'events_url': 'https://api.github.com/repos/mayribeirofernandes/myudemyrobotframeworkcourse/issues/12/events', 'html_url': 'https://github.com/mayribeirofernandes/myudemyrobotframeworkcourse/issues/12', 'id': 515820817, 'node_id': 'MDU6SXNzdWU1MTU4MjA4MTc=', 'number': 12, 'title': 'Teste de criar Issue via API do GitHub', 'user': {'login': 'mayribeirofernandes', 'id': 26631940, 'node_id': 'MDQ6VXNlcjI2NjMxOTQw', 'avatar_url': 'https://avatars1.githubusercontent.com/u/26631940?v=4', 'gravatar_id': '', 'url': 'https://api.github.com/users/mayribeirofernandes', 'html_url': 'https://github.com/mayribeirofernandes', 'followers_url': 'https://api.github.com/users/mayribeirofernandes/followers', 'following_url': 'https://api.github.com/users/mayribeirofernandes/following{/other_user}', 'gists_url': 'https://api.github.com/users/mayribeirofernandes/gists{/gist_id}', 'starred_url': 'https://api.github.com/users/mayribeirofernandes/starred{/owner}{/repo}', 'subscriptions_url': 'https://api.github.com/users/mayribeirofernandes/subscriptions', 'organizations_url': 'https://api.github.com/users/mayribeirofernandes/orgs', 'repos_url': 'https://api.github.com/users/mayribeirofernandes/repos', 'events_url': 'https://api.github.com/users/mayribeirofernandes/events{/privacy}', 'received_events_url': 'https://api.github.com/users/mayribeirofernandes/received_events', 'type': 'User', 'site_admin': False}, 'labels': [{'id': 1637187945, 'node_id': 'MDU6TGFiZWwxNjM3MTg3OTQ1', 'url': 'https://api.github.com/repos/mayribeirofernandes/myudemyrobotframeworkcourse/labels/bug', 'name': 'bug', 'color': 'd73a4a', 'default': True, 'description': "Something isn't working"}], 'state': 'open', 'locked': False, 'assignee': {'login': 'mayribeirofernandes', 'id': 26631940, 'node_id': 'MDQ6VXNlcjI2NjMxOTQw', 'avatar_url': 'https://avatars1.githubusercontent.com/u/26631940?v=4', 'gravatar_id': '', 'url': 'https://api.github.com/users/mayribeirofernandes', 'html_url': 'https://github.com/mayribeirofernandes', 'followers_url': 'https://api.github.com/users/mayribeirofernandes/followers', 'following_url': 'https://api.github.com/users/mayribeirofernandes/following{/other_user}', 'gists_url': 'https://api.github.com/users/mayribeirofernandes/gists{/gist_id}', 'starred_url': 'https://api.github.com/users/mayribeirofernandes/starred{/owner}{/repo}', 'subscriptions_url': 'https://api.github.com/users/mayribeirofernandes/subscriptions', 'organizations_url': 'https://api.github.com/users/mayribeirofernandes/orgs', 'repos_url': 'https://api.github.com/users/mayribeirofernandes/repos', 'events_url': 'https://api.github.com/users/mayribeirofernandes/events{/privacy}', 'received_events_url': 'https://api.github.com/users/mayribeirofernandes/received_events', 'type': 'User', 'site_admin': False}, 'assignees': [{'login': 'mayribeirofernandes', 'id': 26631940, 'node_id': 'MDQ6VXNlcjI2NjMxOTQw', 'avatar_url': 'https://avatars1.githubusercontent.com/u/26631940?v=4', 'gravatar_id': '', 'url': 'https://api.github.com/users/mayribeirofernandes', 'html_url': 'https://github.com/mayribeirofernandes', 'followers_url': 'https://api.github.com/users/mayribeirofernandes/followers', 'following_url': 'https://api.github.com/users/mayribeirofernandes/following{/other_user}', 'gists_url': 'https://api.github.com/users/mayribeirofernandes/gists{/gist_id}', 'starred_url': 'https://api.github.com/users/mayribeirofernandes/starred{/owner}{/repo}', 'subscriptions_url': 'https://api.github.com/users/mayribeirofernandes/subscriptions', 'organizations_url': 'https://api.github.com/users/mayribeirofernandes/orgs', 'repos_url': 'https://api.github.com/users/mayribeirofernandes/repos', 'events_url': 'https://api.github.com/users/mayribeirofernandes/events{/privacy}', 'received_events_url': 'https://api.github.com/users/mayribeirofernandes/received_events', 'type': 'User', 'site_admin': False}], 'milestone': None, 'comments': 4, 'created_at': '2019-10-31T23:45:18Z', 'updated_at': '2020-01-16T19:38:24Z', 'closed_at': None, 'author_association': 'OWNER', 'body': 'Yeah! Criei uma issue via API!!!'}, {'url': 'https://api.github.com/repos/mayribeirofernandes/myudemyrobotframeworkcourse/issues/8', 'repository_url': 'https://api.github.com/repos/mayribeirofernandes/myudemyrobotframeworkcourse', 'labels_url': 'https://api.github.com/repos/mayribeirofernandes/myudemyrobotframeworkcourse/issues/8/labels{/name}', 'comments_url': 'https://api.github.com/repos/mayribeirofernandes/myudemyrobotframeworkcourse/issues/8/comments', 'events_url': 'https://api.github.com/repos/mayribeirofernandes/myudemyrobotframeworkcourse/issues/8/events', 'html_url': 'https://github.com/mayribeirofernandes/myudemyrobotframeworkcourse/issues/8', 'id': 514092805, 'node_id': 'MDU6SXNzdWU1MTQwOTI4MDU=', 'number': 8, 'title': 'Teste Issue que aceita muitos Reactions', 'user': {'login': 'mayribeirofernandes', 'id': 26631940, 'node_id': 'MDQ6VXNlcjI2NjMxOTQw', 'avatar_url': 'https://avatars1.githubusercontent.com/u/26631940?v=4', 'gravatar_id': '', 'url': 'https://api.github.com/users/mayribeirofernandes', 'html_url': 'https://github.com/mayribeirofernandes', 'followers_url': 'https://api.github.com/users/mayribeirofernandes/followers', 'following_url': 'https://api.github.com/users/mayribeirofernandes/following{/other_user}', 'gists_url': 'https://api.github.com/users/mayribeirofernandes/gists{/gist_id}', 'starred_url': 'https://api.github.com/users/mayribeirofernandes/starred{/owner}{/repo}', 'subscriptions_url': 'https://api.github.com/users/mayribeirofernandes/subscriptions', 'organizations_url': 'https://api.github.com/users/mayribeirofernandes/orgs', 'repos_url': 'https://api.github.com/users/mayribeirofernandes/repos', 'events_url': 'https://api.github.com/users/mayribeirofernandes/events{/privacy}', 'received_events_url': 'https://api.github.com/users/mayribeirofernandes/received_events', 'type': 'User', 'site_admin': False}, 'labels': [{'id': 1637187945, 'node_id': 'MDU6TGFiZWwxNjM3MTg3OTQ1', 'url': 'https://api.github.com/repos/mayribeirofernandes/myudemyrobotframeworkcourse/labels/bug', 'name': 'bug', 'color': 'd73a4a', 'default': True, 'description': "Something isn't working"}], 'state': 'open', 'locked': False, 'assignee': None, 'assignees': [], 'milestone': None, 'comments': 0, 'created_at': '2019-10-29T17:26:46Z', 'updated_at': '2019-10-31T23:05:20Z', 'closed_at': None, 'author_association': 'OWNER', 'body': 'Vamos lá, deixem seus **_reactions_** usando a API do GitHub pelo Robot Framework!!'}]</msg>
<status status="PASS" starttime="20200610 11:51:24.892" endtime="20200610 11:51:24.892"></status>
</kw>
<kw name="Confere sucesso na requisição">
<arguments>
<arg>${SHE_ISSUES}</arg>
</arguments>
<kw name="Should Be True" library="BuiltIn">
<doc>Fails if the given condition is not true.</doc>
<arguments>
<arg>'${RESPONSE.status_code}'=='200' or '${RESPONSE.status_code}'=='201'</arg>
<arg>msg=Erro na requisição! Verifique: ${RESPONSE}</arg>
</arguments>
<status status="PASS" starttime="20200610 11:51:24.892" endtime="20200610 11:51:24.908"></status>
</kw>
<kw name="Log" library="BuiltIn">
<doc>Logs the given message with the given level.</doc>
<arguments>
<arg>${RESPONSE.status_code}</arg>
</arguments>
<msg timestamp="20200610 11:51:24.908" level="INFO">200</msg>
<status status="PASS" starttime="20200610 11:51:24.908" endtime="20200610 11:51:24.908"></status>
</kw>
<status status="PASS" starttime="20200610 11:51:24.892" endtime="20200610 11:51:24.908"></status>
</kw>
<status status="PASS" starttime="20200610 11:51:24.228" endtime="20200610 11:51:24.908"></status>
</kw>
<status status="PASS" starttime="20200610 11:51:24.224" endtime="20200610 11:51:24.908" critical="yes"></status>
</test>
<test id="s1-t3" name="Test 3: Colocando Reactions em uma issue no repositorio usando (Headers)">
<kw name="Conectar com autenticação básica na API do GitHub">
<kw name="Create List" library="BuiltIn">
<doc>Returns a list containing given items.</doc>
<arguments>
<arg>${USER_GITHUB}</arg>
<arg>${PASSWORD_GITHUB}</arg>
</arguments>
<assign>
<var>${AUTH}</var>
</assign>
<msg timestamp="20200610 11:51:24.918" level="INFO">${AUTH} = ['CarvalhoGabriell', 'hub23121999']</msg>
<status status="PASS" starttime="20200610 11:51:24.917" endtime="20200610 11:51:24.918"></status>
</kw>
<kw name="Create Session" library="RequestsLibrary">
<doc>Create Session: create a HTTP session to a server</doc>
<arguments>
<arg>alias=mygithubAuth</arg>
<arg>url=${GITHUB_HOST}</arg>
<arg>auth=${AUTH}</arg>
<arg>disable_warnings=True</arg>
</arguments>
<msg timestamp="20200610 11:51:24.920" level="INFO">Creating Session using : alias=mygithubAuth, url=https://api.github.com, headers={},                     cookies={}, auth=&lt;requests.auth.HTTPBasicAuth object at 0x00000172EC526520&gt;, timeout=None, proxies=None, verify=False,                     debug=0 </msg>
<status status="PASS" starttime="20200610 11:51:24.919" endtime="20200610 11:51:24.921"></status>
</kw>
<status status="PASS" starttime="20200610 11:51:24.916" endtime="20200610 11:51:24.922"></status>
</kw>
<kw name="Enviar a reação &quot;eyes&quot; para a issue &quot;8&quot;">
<kw name="Create Dictionary" library="BuiltIn">
<doc>Creates and returns a dictionary based on the given ``items``.</doc>
<arguments>
<arg>Accept=application/vnd.github.squirrel-girl-preview+json</arg>
</arguments>
<assign>
<var>${HEADERS}</var>
</assign>
<msg timestamp="20200610 11:51:24.924" level="INFO">${HEADERS} = {'Accept': 'application/vnd.github.squirrel-girl-preview+json'}</msg>
<status status="PASS" starttime="20200610 11:51:24.923" endtime="20200610 11:51:24.924"></status>
</kw>
<kw name="Post Request" library="RequestsLibrary">
<doc>Send a POST request on the session object found using the
given `alias`</doc>
<arguments>
<arg>mygithubAuth</arg>
<arg>uri=${ISSUES_URI}/${ISSUE_NUMBER}/reactions</arg>
<arg>data={"content": "${REACTION}"}</arg>
<arg>headers=${HEADERS}</arg>
</arguments>
<assign>
<var>${MY_REACTION}</var>
</assign>
<msg timestamp="20200610 11:51:27.131" level="INFO">POST Request : url=https://api.github.com/repos/mayribeirofernandes/myudemyrobotframeworkcourse/issues/8/reactions 
 path_url=/repos/mayribeirofernandes/myudemyrobotframeworkcourse/issues/8/reactions 
 headers={'User-Agent': 'python-requests/2.23.0', 'Accept-Encoding': 'gzip, deflate', 'Accept': 'application/vnd.github.squirrel-girl-preview+json', 'Connection': 'keep-alive', 'Content-Length': '19', 'Authorization': 'Basic Q2FydmFsaG9HYWJyaWVsbDpodWIyMzEyMTk5OQ=='} 
 body=b'{"content": "eyes"}' 
 </msg>
<msg timestamp="20200610 11:51:27.131" level="INFO">POST Response : url=https://api.github.com/repos/mayribeirofernandes/myudemyrobotframeworkcourse/issues/8/reactions 
 status=201, reason=Created 
 body={"id":74423870,"node_id":"MDg6UmVhY3Rpb243NDQyMzg3MA==","user":{"login":"CarvalhoGabriell","id":56570906,"node_id":"MDQ6VXNlcjU2NTcwOTA2","avatar_url":"https://avatars1.githubusercontent.com/u/56570906?v=4","gravatar_id":"","url":"https://api.github.com/users/CarvalhoGabriell","html_url":"https://github.com/CarvalhoGabriell","followers_url":"https://api.github.com/users/CarvalhoGabriell/followers","following_url":"https://api.github.com/users/CarvalhoGabriell/following{/other_user}","gists_url":"https://api.github.com/users/CarvalhoGabriell/gists{/gist_id}","starred_url":"https://api.github.com/users/CarvalhoGabriell/starred{/owner}{/repo}","subscriptions_url":"https://api.github.com/users/CarvalhoGabriell/subscriptions","organizations_url":"https://api.github.com/users/CarvalhoGabriell/orgs","repos_url":"https://api.github.com/users/CarvalhoGabriell/repos","events_url":"https://api.github.com/users/CarvalhoGabriell/events{/privacy}","received_events_url":"https://api.github.com/users/CarvalhoGabriell/received_events","type":"User","site_admin":false},"content":"eyes","created_at":"2020-06-10T14:51:23Z"} 
 </msg>
<msg timestamp="20200610 11:51:27.132" level="INFO">${MY_REACTION} = &lt;Response [201]&gt;</msg>
<status status="PASS" starttime="20200610 11:51:24.924" endtime="20200610 11:51:27.132"></status>
</kw>
<kw name="Log" library="BuiltIn">
<doc>Logs the given message with the given level.</doc>
<arguments>
<arg>Meus dados: ${MY_REACTION.json()}</arg>
</arguments>
<msg timestamp="20200610 11:51:27.134" level="INFO">Meus dados: {'id': 74423870, 'node_id': 'MDg6UmVhY3Rpb243NDQyMzg3MA==', 'user': {'login': 'CarvalhoGabriell', 'id': 56570906, 'node_id': 'MDQ6VXNlcjU2NTcwOTA2', 'avatar_url': 'https://avatars1.githubusercontent.com/u/56570906?v=4', 'gravatar_id': '', 'url': 'https://api.github.com/users/CarvalhoGabriell', 'html_url': 'https://github.com/CarvalhoGabriell', 'followers_url': 'https://api.github.com/users/CarvalhoGabriell/followers', 'following_url': 'https://api.github.com/users/CarvalhoGabriell/following{/other_user}', 'gists_url': 'https://api.github.com/users/CarvalhoGabriell/gists{/gist_id}', 'starred_url': 'https://api.github.com/users/CarvalhoGabriell/starred{/owner}{/repo}', 'subscriptions_url': 'https://api.github.com/users/CarvalhoGabriell/subscriptions', 'organizations_url': 'https://api.github.com/users/CarvalhoGabriell/orgs', 'repos_url': 'https://api.github.com/users/CarvalhoGabriell/repos', 'events_url': 'https://api.github.com/users/CarvalhoGabriell/events{/privacy}', 'received_events_url': 'https://api.github.com/users/CarvalhoGabriell/received_events', 'type': 'User', 'site_admin': False}, 'content': 'eyes', 'created_at': '2020-06-10T14:51:23Z'}</msg>
<status status="PASS" starttime="20200610 11:51:27.132" endtime="20200610 11:51:27.135"></status>
</kw>
<kw name="Confere sucesso na requisição">
<arguments>
<arg>${MY_REACTION}</arg>
</arguments>
<kw name="Should Be True" library="BuiltIn">
<doc>Fails if the given condition is not true.</doc>
<arguments>
<arg>'${RESPONSE.status_code}'=='200' or '${RESPONSE.status_code}'=='201'</arg>
<arg>msg=Erro na requisição! Verifique: ${RESPONSE}</arg>
</arguments>
<status status="PASS" starttime="20200610 11:51:27.137" endtime="20200610 11:51:27.139"></status>
</kw>
<kw name="Log" library="BuiltIn">
<doc>Logs the given message with the given level.</doc>
<arguments>
<arg>${RESPONSE.status_code}</arg>
</arguments>
<msg timestamp="20200610 11:51:27.141" level="INFO">201</msg>
<status status="PASS" starttime="20200610 11:51:27.140" endtime="20200610 11:51:27.141"></status>
</kw>
<status status="PASS" starttime="20200610 11:51:27.135" endtime="20200610 11:51:27.141"></status>
</kw>
<status status="PASS" starttime="20200610 11:51:24.922" endtime="20200610 11:51:27.142"></status>
</kw>
<status status="PASS" starttime="20200610 11:51:24.915" endtime="20200610 11:51:27.143" critical="yes"></status>
</test>
<doc>Exemplo de como fazere autenticação, passar parametros e headers com a API do GitHub.
Link da Documentação da API do GitHub: https://developer.github.com/v3/</doc>
<status status="PASS" starttime="20200610 11:51:23.469" endtime="20200610 11:51:27.148"></status>
</suite>
<statistics>
<total>
<stat pass="3" fail="0">Critical Tests</stat>
<stat pass="3" fail="0">All Tests</stat>
</total>
<tag>
</tag>
<suite>
<stat pass="3" fail="0" id="s1" name="TestApiGitHub">TestApiGitHub</stat>
</suite>
</statistics>
<errors>
</errors>
</robot>
