<?xml version="1.0" encoding="UTF-8"?>
<robot generator="Robot 3.2.1 (Python 3.8.3 on win32)" generated="20200601 11:32:32.916" rpa="false">
<suite id="s1" name="ExemploComIF" source="C:\Cursos\RobotFramework\SuiteSitePratice\Variaveis\ExemploComIF.robot">
<test id="s1-t1" name="Caso de teste exemplo 01">
<kw name="Rodando uma keyword com condição - true">
<kw name="Run Keyword If" library="BuiltIn">
<doc>Runs the given keyword with the given arguments, if ``condition`` is true.</doc>
<arguments>
<arg>'${COMIDA[1]}' == 'strogonoff'</arg>
<arg>Log</arg>
<arg>O item número 1 é Strogonoff</arg>
</arguments>
<kw name="Log" library="BuiltIn">
<doc>Logs the given message with the given level.</doc>
<arguments>
<arg>O item número 1 é Strogonoff</arg>
</arguments>
<msg timestamp="20200601 11:32:33.811" level="INFO">O item número 1 é Strogonoff</msg>
<status status="PASS" starttime="20200601 11:32:33.811" endtime="20200601 11:32:33.811"></status>
</kw>
<status status="PASS" starttime="20200601 11:32:33.811" endtime="20200601 11:32:33.811"></status>
</kw>
<status status="PASS" starttime="20200601 11:32:33.810" endtime="20200601 11:32:33.811"></status>
</kw>
<kw name="Rodando uma keyword com condição - false">
<kw name="Run Keyword Unless" library="BuiltIn">
<doc>Runs the given keyword with the given arguments if ``condition`` is false.</doc>
<arguments>
<arg>'${COMIDA[2]}' == 'fastfood'</arg>
<arg>Log</arg>
<arg>O item número 2 não é Fastfood</arg>
</arguments>
<kw name="Log" library="BuiltIn">
<doc>Logs the given message with the given level.</doc>
<arguments>
<arg>O item número 2 não é Fastfood</arg>
</arguments>
<msg timestamp="20200601 11:32:33.817" level="INFO">O item número 2 não é Fastfood</msg>
<status status="PASS" starttime="20200601 11:32:33.816" endtime="20200601 11:32:33.817"></status>
</kw>
<status status="PASS" starttime="20200601 11:32:33.815" endtime="20200601 11:32:33.817"></status>
</kw>
<status status="PASS" starttime="20200601 11:32:33.814" endtime="20200601 11:32:33.817"></status>
</kw>
<kw name="Armazenando um valor em uma variavel de acordo com a condição">
<kw name="Set Variable If" library="BuiltIn">
<doc>Sets variable based on the given condition.</doc>
<arguments>
<arg>'${COMIDA[2]}' == 'pizza'</arg>
<arg>churrasco</arg>
</arguments>
<assign>
<var>${VAR}</var>
</assign>
<msg timestamp="20200601 11:32:33.820" level="INFO">${VAR} = churrasco</msg>
<status status="PASS" starttime="20200601 11:32:33.819" endtime="20200601 11:32:33.820"></status>
</kw>
<kw name="Log" library="BuiltIn">
<doc>Logs the given message with the given level.</doc>
<arguments>
<arg>Minha variavel VAR tem o valor de: ${VAR}</arg>
</arguments>
<msg timestamp="20200601 11:32:33.822" level="INFO">Minha variavel VAR tem o valor de: churrasco</msg>
<status status="PASS" starttime="20200601 11:32:33.822" endtime="20200601 11:32:33.822"></status>
</kw>
<status status="PASS" starttime="20200601 11:32:33.818" endtime="20200601 11:32:33.823"></status>
</kw>
<status status="PASS" starttime="20200601 11:32:33.808" endtime="20200601 11:32:33.823" critical="yes"></status>
</test>
<doc>Suite de teste para exemplificar o uso de IF em keywords e nos casos de testes.</doc>
<status status="PASS" starttime="20200601 11:32:32.919" endtime="20200601 11:32:33.826"></status>
</suite>
<statistics>
<total>
<stat pass="1" fail="0">Critical Tests</stat>
<stat pass="1" fail="0">All Tests</stat>
</total>
<tag>
</tag>
<suite>
<stat pass="1" fail="0" id="s1" name="ExemploComIF">ExemploComIF</stat>
</suite>
</statistics>
<errors>
</errors>
</robot>
