<?xml version="1.0" encoding="UTF-8"?>
<robot generator="Robot 3.2.1 (Python 3.8.3 on win32)" generated="20200602 12:07:31.180" rpa="false">
<suite id="s1" name="ExemplosAvancadoFOR listas" source="C:\Cursos\RobotFramework\Variaveis\Variaveis\ExemplosAvancadoFOR_listas.robot">
<test id="s1-t1" name="Test usando FOR com varias Variaveis">
<kw name="Usando for com varias variaveis">
<doc>Percorrendo varias variaveis com seus respectivos valores.</doc>
<kw name="${index} | ${marvel} | ${DC} IN [ 1 | Iron-Man | Batman | 2 | Namor | Aquaman | 3 | Doctor Strange | Doutor Destino | 4 | Mercurio | Flash | 5 | Avengers | League of Justice | 6 | Nova | Green Lantern | 7 | Ant Man | Eléktron | 8 | Novos Vingadores | Jovens Titãs | 9 | Hawkeye | Arrow | 10 | Spider Man | Super Choque ]" type="for">
<kw name="${index} = 1, ${marvel} = Iron-Man, ${DC} = Batman" type="foritem">
<kw name="Log" library="BuiltIn">
<doc>Logs the given message with the given level.</doc>
<arguments>
<arg>Super Heróis ${index}: Na Marvel:${marvel} Na-DC Comics:${DC}</arg>
</arguments>
<msg timestamp="20200602 12:07:31.258" level="INFO">Super Heróis 1: Na Marvel:Iron-Man Na-DC Comics:Batman</msg>
<status status="PASS" starttime="20200602 12:07:31.258" endtime="20200602 12:07:31.258"></status>
</kw>
<status status="PASS" starttime="20200602 12:07:31.258" endtime="20200602 12:07:31.258"></status>
</kw>
<kw name="${index} = 2, ${marvel} = Namor, ${DC} = Aquaman" type="foritem">
<kw name="Log" library="BuiltIn">
<doc>Logs the given message with the given level.</doc>
<arguments>
<arg>Super Heróis ${index}: Na Marvel:${marvel} Na-DC Comics:${DC}</arg>
</arguments>
<msg timestamp="20200602 12:07:31.263" level="INFO">Super Heróis 2: Na Marvel:Namor Na-DC Comics:Aquaman</msg>
<status status="PASS" starttime="20200602 12:07:31.262" endtime="20200602 12:07:31.264"></status>
</kw>
<status status="PASS" starttime="20200602 12:07:31.258" endtime="20200602 12:07:31.264"></status>
</kw>
<kw name="${index} = 3, ${marvel} = Doctor Strange, ${DC} = Doutor Destino" type="foritem">
<kw name="Log" library="BuiltIn">
<doc>Logs the given message with the given level.</doc>
<arguments>
<arg>Super Heróis ${index}: Na Marvel:${marvel} Na-DC Comics:${DC}</arg>
</arguments>
<msg timestamp="20200602 12:07:31.265" level="INFO">Super Heróis 3: Na Marvel:Doctor Strange Na-DC Comics:Doutor Destino</msg>
<status status="PASS" starttime="20200602 12:07:31.264" endtime="20200602 12:07:31.265"></status>
</kw>
<status status="PASS" starttime="20200602 12:07:31.264" endtime="20200602 12:07:31.265"></status>
</kw>
<kw name="${index} = 4, ${marvel} = Mercurio, ${DC} = Flash" type="foritem">
<kw name="Log" library="BuiltIn">
<doc>Logs the given message with the given level.</doc>
<arguments>
<arg>Super Heróis ${index}: Na Marvel:${marvel} Na-DC Comics:${DC}</arg>
</arguments>
<msg timestamp="20200602 12:07:31.266" level="INFO">Super Heróis 4: Na Marvel:Mercurio Na-DC Comics:Flash</msg>
<status status="PASS" starttime="20200602 12:07:31.266" endtime="20200602 12:07:31.266"></status>
</kw>
<status status="PASS" starttime="20200602 12:07:31.265" endtime="20200602 12:07:31.266"></status>
</kw>
<kw name="${index} = 5, ${marvel} = Avengers, ${DC} = League of Justice" type="foritem">
<kw name="Log" library="BuiltIn">
<doc>Logs the given message with the given level.</doc>
<arguments>
<arg>Super Heróis ${index}: Na Marvel:${marvel} Na-DC Comics:${DC}</arg>
</arguments>
<msg timestamp="20200602 12:07:31.266" level="INFO">Super Heróis 5: Na Marvel:Avengers Na-DC Comics:League of Justice</msg>
<status status="PASS" starttime="20200602 12:07:31.266" endtime="20200602 12:07:31.266"></status>
</kw>
<status status="PASS" starttime="20200602 12:07:31.266" endtime="20200602 12:07:31.266"></status>
</kw>
<kw name="${index} = 6, ${marvel} = Nova, ${DC} = Green Lantern" type="foritem">
<kw name="Log" library="BuiltIn">
<doc>Logs the given message with the given level.</doc>
<arguments>
<arg>Super Heróis ${index}: Na Marvel:${marvel} Na-DC Comics:${DC}</arg>
</arguments>
<msg timestamp="20200602 12:07:31.266" level="INFO">Super Heróis 6: Na Marvel:Nova Na-DC Comics:Green Lantern</msg>
<status status="PASS" starttime="20200602 12:07:31.266" endtime="20200602 12:07:31.266"></status>
</kw>
<status status="PASS" starttime="20200602 12:07:31.266" endtime="20200602 12:07:31.266"></status>
</kw>
<kw name="${index} = 7, ${marvel} = Ant Man, ${DC} = Eléktron" type="foritem">
<kw name="Log" library="BuiltIn">
<doc>Logs the given message with the given level.</doc>
<arguments>
<arg>Super Heróis ${index}: Na Marvel:${marvel} Na-DC Comics:${DC}</arg>
</arguments>
<msg timestamp="20200602 12:07:31.266" level="INFO">Super Heróis 7: Na Marvel:Ant Man Na-DC Comics:Eléktron</msg>
<status status="PASS" starttime="20200602 12:07:31.266" endtime="20200602 12:07:31.266"></status>
</kw>
<status status="PASS" starttime="20200602 12:07:31.266" endtime="20200602 12:07:31.266"></status>
</kw>
<kw name="${index} = 8, ${marvel} = Novos Vingadores, ${DC} = Jovens Titãs" type="foritem">
<kw name="Log" library="BuiltIn">
<doc>Logs the given message with the given level.</doc>
<arguments>
<arg>Super Heróis ${index}: Na Marvel:${marvel} Na-DC Comics:${DC}</arg>
</arguments>
<msg timestamp="20200602 12:07:31.271" level="INFO">Super Heróis 8: Na Marvel:Novos Vingadores Na-DC Comics:Jovens Titãs</msg>
<status status="PASS" starttime="20200602 12:07:31.270" endtime="20200602 12:07:31.271"></status>
</kw>
<status status="PASS" starttime="20200602 12:07:31.266" endtime="20200602 12:07:31.271"></status>
</kw>
<kw name="${index} = 9, ${marvel} = Hawkeye, ${DC} = Arrow" type="foritem">
<kw name="Log" library="BuiltIn">
<doc>Logs the given message with the given level.</doc>
<arguments>
<arg>Super Heróis ${index}: Na Marvel:${marvel} Na-DC Comics:${DC}</arg>
</arguments>
<msg timestamp="20200602 12:07:31.273" level="INFO">Super Heróis 9: Na Marvel:Hawkeye Na-DC Comics:Arrow</msg>
<status status="PASS" starttime="20200602 12:07:31.272" endtime="20200602 12:07:31.274"></status>
</kw>
<status status="PASS" starttime="20200602 12:07:31.272" endtime="20200602 12:07:31.274"></status>
</kw>
<kw name="${index} = 10, ${marvel} = Spider Man, ${DC} = Super Choque" type="foritem">
<kw name="Log" library="BuiltIn">
<doc>Logs the given message with the given level.</doc>
<arguments>
<arg>Super Heróis ${index}: Na Marvel:${marvel} Na-DC Comics:${DC}</arg>
</arguments>
<msg timestamp="20200602 12:07:31.275" level="INFO">Super Heróis 10: Na Marvel:Spider Man Na-DC Comics:Super Choque</msg>
<status status="PASS" starttime="20200602 12:07:31.275" endtime="20200602 12:07:31.276"></status>
</kw>
<status status="PASS" starttime="20200602 12:07:31.275" endtime="20200602 12:07:31.276"></status>
</kw>
<status status="PASS" starttime="20200602 12:07:31.258" endtime="20200602 12:07:31.276"></status>
</kw>
<status status="PASS" starttime="20200602 12:07:31.257" endtime="20200602 12:07:31.277"></status>
</kw>
<status status="PASS" starttime="20200602 12:07:31.255" endtime="20200602 12:07:31.280" critical="yes"></status>
</test>
<test id="s1-t2" name="Test de exemplo usando FOR com RANGE">
<kw name="Usando(FOR) de forma tradicional">
<doc>O FOR percorre 10 vezes de (0 até 9).Por Default entende que acaba em 10.</doc>
<kw name="${index} IN RANGE [ 10 ]" type="for">
<kw name="${index} = 0" type="foritem">
<kw name="Log" library="BuiltIn">
<doc>Logs the given message with the given level.</doc>
<arguments>
<arg>O valor do contador é: ${index}</arg>
</arguments>
<msg timestamp="20200602 12:07:31.286" level="INFO">O valor do contador é: 0</msg>
<status status="PASS" starttime="20200602 12:07:31.286" endtime="20200602 12:07:31.286"></status>
</kw>
<status status="PASS" starttime="20200602 12:07:31.286" endtime="20200602 12:07:31.286"></status>
</kw>
<kw name="${index} = 1" type="foritem">
<kw name="Log" library="BuiltIn">
<doc>Logs the given message with the given level.</doc>
<arguments>
<arg>O valor do contador é: ${index}</arg>
</arguments>
<msg timestamp="20200602 12:07:31.286" level="INFO">O valor do contador é: 1</msg>
<status status="PASS" starttime="20200602 12:07:31.286" endtime="20200602 12:07:31.286"></status>
</kw>
<status status="PASS" starttime="20200602 12:07:31.286" endtime="20200602 12:07:31.286"></status>
</kw>
<kw name="${index} = 2" type="foritem">
<kw name="Log" library="BuiltIn">
<doc>Logs the given message with the given level.</doc>
<arguments>
<arg>O valor do contador é: ${index}</arg>
</arguments>
<msg timestamp="20200602 12:07:31.286" level="INFO">O valor do contador é: 2</msg>
<status status="PASS" starttime="20200602 12:07:31.286" endtime="20200602 12:07:31.286"></status>
</kw>
<status status="PASS" starttime="20200602 12:07:31.286" endtime="20200602 12:07:31.286"></status>
</kw>
<kw name="${index} = 3" type="foritem">
<kw name="Log" library="BuiltIn">
<doc>Logs the given message with the given level.</doc>
<arguments>
<arg>O valor do contador é: ${index}</arg>
</arguments>
<msg timestamp="20200602 12:07:31.292" level="INFO">O valor do contador é: 3</msg>
<status status="PASS" starttime="20200602 12:07:31.292" endtime="20200602 12:07:31.292"></status>
</kw>
<status status="PASS" starttime="20200602 12:07:31.291" endtime="20200602 12:07:31.292"></status>
</kw>
<kw name="${index} = 4" type="foritem">
<kw name="Log" library="BuiltIn">
<doc>Logs the given message with the given level.</doc>
<arguments>
<arg>O valor do contador é: ${index}</arg>
</arguments>
<msg timestamp="20200602 12:07:31.293" level="INFO">O valor do contador é: 4</msg>
<status status="PASS" starttime="20200602 12:07:31.293" endtime="20200602 12:07:31.294"></status>
</kw>
<status status="PASS" starttime="20200602 12:07:31.292" endtime="20200602 12:07:31.294"></status>
</kw>
<kw name="${index} = 5" type="foritem">
<kw name="Log" library="BuiltIn">
<doc>Logs the given message with the given level.</doc>
<arguments>
<arg>O valor do contador é: ${index}</arg>
</arguments>
<msg timestamp="20200602 12:07:31.295" level="INFO">O valor do contador é: 5</msg>
<status status="PASS" starttime="20200602 12:07:31.294" endtime="20200602 12:07:31.295"></status>
</kw>
<status status="PASS" starttime="20200602 12:07:31.294" endtime="20200602 12:07:31.295"></status>
</kw>
<kw name="${index} = 6" type="foritem">
<kw name="Log" library="BuiltIn">
<doc>Logs the given message with the given level.</doc>
<arguments>
<arg>O valor do contador é: ${index}</arg>
</arguments>
<msg timestamp="20200602 12:07:31.296" level="INFO">O valor do contador é: 6</msg>
<status status="PASS" starttime="20200602 12:07:31.296" endtime="20200602 12:07:31.297"></status>
</kw>
<status status="PASS" starttime="20200602 12:07:31.295" endtime="20200602 12:07:31.297"></status>
</kw>
<kw name="${index} = 7" type="foritem">
<kw name="Log" library="BuiltIn">
<doc>Logs the given message with the given level.</doc>
<arguments>
<arg>O valor do contador é: ${index}</arg>
</arguments>
<msg timestamp="20200602 12:07:31.298" level="INFO">O valor do contador é: 7</msg>
<status status="PASS" starttime="20200602 12:07:31.297" endtime="20200602 12:07:31.298"></status>
</kw>
<status status="PASS" starttime="20200602 12:07:31.297" endtime="20200602 12:07:31.298"></status>
</kw>
<kw name="${index} = 8" type="foritem">
<kw name="Log" library="BuiltIn">
<doc>Logs the given message with the given level.</doc>
<arguments>
<arg>O valor do contador é: ${index}</arg>
</arguments>
<msg timestamp="20200602 12:07:31.301" level="INFO">O valor do contador é: 8</msg>
<status status="PASS" starttime="20200602 12:07:31.300" endtime="20200602 12:07:31.301"></status>
</kw>
<status status="PASS" starttime="20200602 12:07:31.298" endtime="20200602 12:07:31.301"></status>
</kw>
<kw name="${index} = 9" type="foritem">
<kw name="Log" library="BuiltIn">
<doc>Logs the given message with the given level.</doc>
<arguments>
<arg>O valor do contador é: ${index}</arg>
</arguments>
<msg timestamp="20200602 12:07:31.302" level="INFO">O valor do contador é: 9</msg>
<status status="PASS" starttime="20200602 12:07:31.301" endtime="20200602 12:07:31.302"></status>
</kw>
<status status="PASS" starttime="20200602 12:07:31.301" endtime="20200602 12:07:31.302"></status>
</kw>
<status status="PASS" starttime="20200602 12:07:31.285" endtime="20200602 12:07:31.302"></status>
</kw>
<status status="PASS" starttime="20200602 12:07:31.285" endtime="20200602 12:07:31.303"></status>
</kw>
<kw name="Usando(FOR) passando a quantida do laço">
<doc>O FOR percorre o laço 10 vezes (0 até 10), mas agora passandoo o valor seu limite.</doc>
<kw name="${cont} IN RANGE [ 0 | 11 ]" type="for">
<kw name="${cont} = 0" type="foritem">
<kw name="Log" library="BuiltIn">
<doc>Logs the given message with the given level.</doc>
<arguments>
<arg>O valor do contador é: ${cont}</arg>
</arguments>
<msg timestamp="20200602 12:07:31.307" level="INFO">O valor do contador é: 0</msg>
<status status="PASS" starttime="20200602 12:07:31.306" endtime="20200602 12:07:31.307"></status>
</kw>
<status status="PASS" starttime="20200602 12:07:31.306" endtime="20200602 12:07:31.307"></status>
</kw>
<kw name="${cont} = 1" type="foritem">
<kw name="Log" library="BuiltIn">
<doc>Logs the given message with the given level.</doc>
<arguments>
<arg>O valor do contador é: ${cont}</arg>
</arguments>
<msg timestamp="20200602 12:07:31.309" level="INFO">O valor do contador é: 1</msg>
<status status="PASS" starttime="20200602 12:07:31.308" endtime="20200602 12:07:31.311"></status>
</kw>
<status status="PASS" starttime="20200602 12:07:31.308" endtime="20200602 12:07:31.312"></status>
</kw>
<kw name="${cont} = 2" type="foritem">
<kw name="Log" library="BuiltIn">
<doc>Logs the given message with the given level.</doc>
<arguments>
<arg>O valor do contador é: ${cont}</arg>
</arguments>
<msg timestamp="20200602 12:07:31.313" level="INFO">O valor do contador é: 2</msg>
<status status="PASS" starttime="20200602 12:07:31.313" endtime="20200602 12:07:31.314"></status>
</kw>
<status status="PASS" starttime="20200602 12:07:31.312" endtime="20200602 12:07:31.314"></status>
</kw>
<kw name="${cont} = 3" type="foritem">
<kw name="Log" library="BuiltIn">
<doc>Logs the given message with the given level.</doc>
<arguments>
<arg>O valor do contador é: ${cont}</arg>
</arguments>
<msg timestamp="20200602 12:07:31.314" level="INFO">O valor do contador é: 3</msg>
<status status="PASS" starttime="20200602 12:07:31.314" endtime="20200602 12:07:31.314"></status>
</kw>
<status status="PASS" starttime="20200602 12:07:31.314" endtime="20200602 12:07:31.314"></status>
</kw>
<kw name="${cont} = 4" type="foritem">
<kw name="Log" library="BuiltIn">
<doc>Logs the given message with the given level.</doc>
<arguments>
<arg>O valor do contador é: ${cont}</arg>
</arguments>
<msg timestamp="20200602 12:07:31.316" level="INFO">O valor do contador é: 4</msg>
<status status="PASS" starttime="20200602 12:07:31.316" endtime="20200602 12:07:31.316"></status>
</kw>
<status status="PASS" starttime="20200602 12:07:31.316" endtime="20200602 12:07:31.316"></status>
</kw>
<kw name="${cont} = 5" type="foritem">
<kw name="Log" library="BuiltIn">
<doc>Logs the given message with the given level.</doc>
<arguments>
<arg>O valor do contador é: ${cont}</arg>
</arguments>
<msg timestamp="20200602 12:07:31.319" level="INFO">O valor do contador é: 5</msg>
<status status="PASS" starttime="20200602 12:07:31.316" endtime="20200602 12:07:31.319"></status>
</kw>
<status status="PASS" starttime="20200602 12:07:31.316" endtime="20200602 12:07:31.319"></status>
</kw>
<kw name="${cont} = 6" type="foritem">
<kw name="Log" library="BuiltIn">
<doc>Logs the given message with the given level.</doc>
<arguments>
<arg>O valor do contador é: ${cont}</arg>
</arguments>
<msg timestamp="20200602 12:07:31.320" level="INFO">O valor do contador é: 6</msg>
<status status="PASS" starttime="20200602 12:07:31.320" endtime="20200602 12:07:31.320"></status>
</kw>
<status status="PASS" starttime="20200602 12:07:31.319" endtime="20200602 12:07:31.320"></status>
</kw>
<kw name="${cont} = 7" type="foritem">
<kw name="Log" library="BuiltIn">
<doc>Logs the given message with the given level.</doc>
<arguments>
<arg>O valor do contador é: ${cont}</arg>
</arguments>
<msg timestamp="20200602 12:07:31.321" level="INFO">O valor do contador é: 7</msg>
<status status="PASS" starttime="20200602 12:07:31.321" endtime="20200602 12:07:31.321"></status>
</kw>
<status status="PASS" starttime="20200602 12:07:31.320" endtime="20200602 12:07:31.322"></status>
</kw>
<kw name="${cont} = 8" type="foritem">
<kw name="Log" library="BuiltIn">
<doc>Logs the given message with the given level.</doc>
<arguments>
<arg>O valor do contador é: ${cont}</arg>
</arguments>
<msg timestamp="20200602 12:07:31.322" level="INFO">O valor do contador é: 8</msg>
<status status="PASS" starttime="20200602 12:07:31.322" endtime="20200602 12:07:31.322"></status>
</kw>
<status status="PASS" starttime="20200602 12:07:31.322" endtime="20200602 12:07:31.322"></status>
</kw>
<kw name="${cont} = 9" type="foritem">
<kw name="Log" library="BuiltIn">
<doc>Logs the given message with the given level.</doc>
<arguments>
<arg>O valor do contador é: ${cont}</arg>
</arguments>
<msg timestamp="20200602 12:07:31.322" level="INFO">O valor do contador é: 9</msg>
<status status="PASS" starttime="20200602 12:07:31.322" endtime="20200602 12:07:31.322"></status>
</kw>
<status status="PASS" starttime="20200602 12:07:31.322" endtime="20200602 12:07:31.322"></status>
</kw>
<kw name="${cont} = 10" type="foritem">
<kw name="Log" library="BuiltIn">
<doc>Logs the given message with the given level.</doc>
<arguments>
<arg>O valor do contador é: ${cont}</arg>
</arguments>
<msg timestamp="20200602 12:07:31.322" level="INFO">O valor do contador é: 10</msg>
<status status="PASS" starttime="20200602 12:07:31.322" endtime="20200602 12:07:31.325"></status>
</kw>
<status status="PASS" starttime="20200602 12:07:31.322" endtime="20200602 12:07:31.325"></status>
</kw>
<status status="PASS" starttime="20200602 12:07:31.305" endtime="20200602 12:07:31.325"></status>
</kw>
<status status="PASS" starttime="20200602 12:07:31.304" endtime="20200602 12:07:31.325"></status>
</kw>
<kw name="Usando(FOR) de forma Aritimética">
<doc>O FOR percorre o laço 10 vezes (0 até 9), porem somando +1, rodando então até 10.</doc>
<kw name="Set Variable" library="BuiltIn">
<doc>Returns the given values which can then be assigned to a variables.</doc>
<arguments>
<arg>${10}</arg>
</arguments>
<assign>
<var>${VAR}</var>
</assign>
<msg timestamp="20200602 12:07:31.328" level="INFO">${VAR} = 10</msg>
<status status="PASS" starttime="20200602 12:07:31.327" endtime="20200602 12:07:31.328"></status>
</kw>
<kw name="${index} IN RANGE [ ${VAR} + 1 ]" type="for">
<kw name="${index} = 0" type="foritem">
<kw name="Log" library="BuiltIn">
<doc>Logs the given message with the given level.</doc>
<arguments>
<arg>O valor do contador é: ${index}</arg>
</arguments>
<msg timestamp="20200602 12:07:31.329" level="INFO">O valor do contador é: 0</msg>
<status status="PASS" starttime="20200602 12:07:31.329" endtime="20200602 12:07:31.330"></status>
</kw>
<status status="PASS" starttime="20200602 12:07:31.328" endtime="20200602 12:07:31.331"></status>
</kw>
<kw name="${index} = 1" type="foritem">
<kw name="Log" library="BuiltIn">
<doc>Logs the given message with the given level.</doc>
<arguments>
<arg>O valor do contador é: ${index}</arg>
</arguments>
<msg timestamp="20200602 12:07:31.334" level="INFO">O valor do contador é: 1</msg>
<status status="PASS" starttime="20200602 12:07:31.332" endtime="20200602 12:07:31.334"></status>
</kw>
<status status="PASS" starttime="20200602 12:07:31.332" endtime="20200602 12:07:31.334"></status>
</kw>
<kw name="${index} = 2" type="foritem">
<kw name="Log" library="BuiltIn">
<doc>Logs the given message with the given level.</doc>
<arguments>
<arg>O valor do contador é: ${index}</arg>
</arguments>
<msg timestamp="20200602 12:07:31.336" level="INFO">O valor do contador é: 2</msg>
<status status="PASS" starttime="20200602 12:07:31.336" endtime="20200602 12:07:31.336"></status>
</kw>
<status status="PASS" starttime="20200602 12:07:31.334" endtime="20200602 12:07:31.336"></status>
</kw>
<kw name="${index} = 3" type="foritem">
<kw name="Log" library="BuiltIn">
<doc>Logs the given message with the given level.</doc>
<arguments>
<arg>O valor do contador é: ${index}</arg>
</arguments>
<msg timestamp="20200602 12:07:31.337" level="INFO">O valor do contador é: 3</msg>
<status status="PASS" starttime="20200602 12:07:31.337" endtime="20200602 12:07:31.337"></status>
</kw>
<status status="PASS" starttime="20200602 12:07:31.337" endtime="20200602 12:07:31.337"></status>
</kw>
<kw name="${index} = 4" type="foritem">
<kw name="Log" library="BuiltIn">
<doc>Logs the given message with the given level.</doc>
<arguments>
<arg>O valor do contador é: ${index}</arg>
</arguments>
<msg timestamp="20200602 12:07:31.338" level="INFO">O valor do contador é: 4</msg>
<status status="PASS" starttime="20200602 12:07:31.338" endtime="20200602 12:07:31.338"></status>
</kw>
<status status="PASS" starttime="20200602 12:07:31.338" endtime="20200602 12:07:31.338"></status>
</kw>
<kw name="${index} = 5" type="foritem">
<kw name="Log" library="BuiltIn">
<doc>Logs the given message with the given level.</doc>
<arguments>
<arg>O valor do contador é: ${index}</arg>
</arguments>
<msg timestamp="20200602 12:07:31.340" level="INFO">O valor do contador é: 5</msg>
<status status="PASS" starttime="20200602 12:07:31.339" endtime="20200602 12:07:31.340"></status>
</kw>
<status status="PASS" starttime="20200602 12:07:31.339" endtime="20200602 12:07:31.340"></status>
</kw>
<kw name="${index} = 6" type="foritem">
<kw name="Log" library="BuiltIn">
<doc>Logs the given message with the given level.</doc>
<arguments>
<arg>O valor do contador é: ${index}</arg>
</arguments>
<msg timestamp="20200602 12:07:31.340" level="INFO">O valor do contador é: 6</msg>
<status status="PASS" starttime="20200602 12:07:31.340" endtime="20200602 12:07:31.340"></status>
</kw>
<status status="PASS" starttime="20200602 12:07:31.340" endtime="20200602 12:07:31.340"></status>
</kw>
<kw name="${index} = 7" type="foritem">
<kw name="Log" library="BuiltIn">
<doc>Logs the given message with the given level.</doc>
<arguments>
<arg>O valor do contador é: ${index}</arg>
</arguments>
<msg timestamp="20200602 12:07:31.340" level="INFO">O valor do contador é: 7</msg>
<status status="PASS" starttime="20200602 12:07:31.340" endtime="20200602 12:07:31.340"></status>
</kw>
<status status="PASS" starttime="20200602 12:07:31.340" endtime="20200602 12:07:31.340"></status>
</kw>
<kw name="${index} = 8" type="foritem">
<kw name="Log" library="BuiltIn">
<doc>Logs the given message with the given level.</doc>
<arguments>
<arg>O valor do contador é: ${index}</arg>
</arguments>
<msg timestamp="20200602 12:07:31.340" level="INFO">O valor do contador é: 8</msg>
<status status="PASS" starttime="20200602 12:07:31.340" endtime="20200602 12:07:31.340"></status>
</kw>
<status status="PASS" starttime="20200602 12:07:31.340" endtime="20200602 12:07:31.340"></status>
</kw>
<kw name="${index} = 9" type="foritem">
<kw name="Log" library="BuiltIn">
<doc>Logs the given message with the given level.</doc>
<arguments>
<arg>O valor do contador é: ${index}</arg>
</arguments>
<msg timestamp="20200602 12:07:31.344" level="INFO">O valor do contador é: 9</msg>
<status status="PASS" starttime="20200602 12:07:31.340" endtime="20200602 12:07:31.344"></status>
</kw>
<status status="PASS" starttime="20200602 12:07:31.340" endtime="20200602 12:07:31.344"></status>
</kw>
<kw name="${index} = 10" type="foritem">
<kw name="Log" library="BuiltIn">
<doc>Logs the given message with the given level.</doc>
<arguments>
<arg>O valor do contador é: ${index}</arg>
</arguments>
<msg timestamp="20200602 12:07:31.345" level="INFO">O valor do contador é: 10</msg>
<status status="PASS" starttime="20200602 12:07:31.345" endtime="20200602 12:07:31.345"></status>
</kw>
<status status="PASS" starttime="20200602 12:07:31.344" endtime="20200602 12:07:31.345"></status>
</kw>
<status status="PASS" starttime="20200602 12:07:31.328" endtime="20200602 12:07:31.345"></status>
</kw>
<status status="PASS" starttime="20200602 12:07:31.326" endtime="20200602 12:07:31.347"></status>
</kw>
<kw name="Usando(FOR) com intervalos específicos">
<doc>O FOR percorre o laço de 0 até 50 pulando de 10 em 10</doc>
<kw name="${index} IN RANGE [ 0 | 51 | 10 ]" type="for">
<kw name="${index} = 0" type="foritem">
<kw name="Log" library="BuiltIn">
<doc>Logs the given message with the given level.</doc>
<arguments>
<arg>O intervalo vai até 50 pulando de 10 - valor atual: ${index}</arg>
</arguments>
<msg timestamp="20200602 12:07:31.352" level="INFO">O intervalo vai até 50 pulando de 10 - valor atual: 0</msg>
<status status="PASS" starttime="20200602 12:07:31.348" endtime="20200602 12:07:31.352"></status>
</kw>
<status status="PASS" starttime="20200602 12:07:31.348" endtime="20200602 12:07:31.352"></status>
</kw>
<kw name="${index} = 10" type="foritem">
<kw name="Log" library="BuiltIn">
<doc>Logs the given message with the given level.</doc>
<arguments>
<arg>O intervalo vai até 50 pulando de 10 - valor atual: ${index}</arg>
</arguments>
<msg timestamp="20200602 12:07:31.353" level="INFO">O intervalo vai até 50 pulando de 10 - valor atual: 10</msg>
<status status="PASS" starttime="20200602 12:07:31.353" endtime="20200602 12:07:31.353"></status>
</kw>
<status status="PASS" starttime="20200602 12:07:31.352" endtime="20200602 12:07:31.353"></status>
</kw>
<kw name="${index} = 20" type="foritem">
<kw name="Log" library="BuiltIn">
<doc>Logs the given message with the given level.</doc>
<arguments>
<arg>O intervalo vai até 50 pulando de 10 - valor atual: ${index}</arg>
</arguments>
<msg timestamp="20200602 12:07:31.356" level="INFO">O intervalo vai até 50 pulando de 10 - valor atual: 20</msg>
<status status="PASS" starttime="20200602 12:07:31.354" endtime="20200602 12:07:31.357"></status>
</kw>
<status status="PASS" starttime="20200602 12:07:31.353" endtime="20200602 12:07:31.357"></status>
</kw>
<kw name="${index} = 30" type="foritem">
<kw name="Log" library="BuiltIn">
<doc>Logs the given message with the given level.</doc>
<arguments>
<arg>O intervalo vai até 50 pulando de 10 - valor atual: ${index}</arg>
</arguments>
<msg timestamp="20200602 12:07:31.357" level="INFO">O intervalo vai até 50 pulando de 10 - valor atual: 30</msg>
<status status="PASS" starttime="20200602 12:07:31.357" endtime="20200602 12:07:31.357"></status>
</kw>
<status status="PASS" starttime="20200602 12:07:31.357" endtime="20200602 12:07:31.357"></status>
</kw>
<kw name="${index} = 40" type="foritem">
<kw name="Log" library="BuiltIn">
<doc>Logs the given message with the given level.</doc>
<arguments>
<arg>O intervalo vai até 50 pulando de 10 - valor atual: ${index}</arg>
</arguments>
<msg timestamp="20200602 12:07:31.358" level="INFO">O intervalo vai até 50 pulando de 10 - valor atual: 40</msg>
<status status="PASS" starttime="20200602 12:07:31.358" endtime="20200602 12:07:31.358"></status>
</kw>
<status status="PASS" starttime="20200602 12:07:31.358" endtime="20200602 12:07:31.358"></status>
</kw>
<kw name="${index} = 50" type="foritem">
<kw name="Log" library="BuiltIn">
<doc>Logs the given message with the given level.</doc>
<arguments>
<arg>O intervalo vai até 50 pulando de 10 - valor atual: ${index}</arg>
</arguments>
<msg timestamp="20200602 12:07:31.359" level="INFO">O intervalo vai até 50 pulando de 10 - valor atual: 50</msg>
<status status="PASS" starttime="20200602 12:07:31.358" endtime="20200602 12:07:31.359"></status>
</kw>
<status status="PASS" starttime="20200602 12:07:31.358" endtime="20200602 12:07:31.359"></status>
</kw>
<status status="PASS" starttime="20200602 12:07:31.348" endtime="20200602 12:07:31.359"></status>
</kw>
<status status="PASS" starttime="20200602 12:07:31.347" endtime="20200602 12:07:31.359"></status>
</kw>
<status status="PASS" starttime="20200602 12:07:31.282" endtime="20200602 12:07:31.360" critical="yes"></status>
</test>
<status status="PASS" starttime="20200602 12:07:31.184" endtime="20200602 12:07:31.363"></status>
</suite>
<statistics>
<total>
<stat pass="2" fail="0">Critical Tests</stat>
<stat pass="2" fail="0">All Tests</stat>
</total>
<tag>
</tag>
<suite>
<stat pass="2" fail="0" id="s1" name="ExemplosAvancadoFOR listas">ExemplosAvancadoFOR listas</stat>
</suite>
</statistics>
<errors>
</errors>
</robot>
